1 0.127082 0.104163 0.079614
2 0.068870 0.007247 0.071401
3 0.067366 0.000312 0.068534
4 0.066636 0.023407 0.067479
5 0.065178 0.015236 0.068911
6 0.064191 0.009951 0.064288
7 0.063477 0.004873 0.064984
8 0.062938 0.001802 0.065149
9 0.062514 0.000601 0.061315
10 0.062180 0.000387 0.063539
11 0.061921 0.000341 0.061699
12 0.061709 0.000311 0.061762
13 0.061546 0.000285 0.063344
14 0.061416 0.000269 0.062704
15 0.061317 0.000255 0.060186
16 0.061231 0.000240 0.060352
17 0.061164 0.000232 0.064584
18 0.061106 0.000231 0.059581
19 0.061027 0.019134 0.058639
20 0.060338 0.030917 0.063998
21 0.059266 0.020555 0.062276
22 0.058460 0.019458 0.059769
23 0.057509 0.044365 0.059531
24 0.056226 0.042322 0.059963
25 0.055185 0.033500 0.060635
26 0.054437 0.018477 0.056500
27 0.053859 0.027058 0.052439
28 0.052855 0.041359 0.055464
29 0.051807 0.039473 0.051570
30 0.050947 0.035198 0.052456
31 0.050263 0.022568 0.054055
32 0.049721 0.014840 0.051268
33 0.049278 0.010319 0.054933
34 0.048925 0.005775 0.049823
35 0.048636 0.002803 0.048521
36 0.048398 0.001549 0.044191
37 0.048202 0.001166 0.046775
38 0.048036 0.001065 0.045920
39 0.047891 0.001018 0.047775
40 0.047767 0.000963 0.047210
41 0.047666 0.000924 0.046708
42 0.047565 0.000893 0.047936
43 0.047479 0.000869 0.050789
44 0.047401 0.000832 0.049645
45 0.047320 0.000818 0.045567
46 0.047255 0.000794 0.047814
47 0.047194 0.000781 0.045691
48 0.047136 0.000758 0.046480
49 0.047082 0.000737 0.048809
50 0.047035 0.000723 0.046921
51 0.046993 0.000712 0.046021
52 0.046945 0.000696 0.048688
53 0.046913 0.000680 0.047686
54 0.046877 0.000672 0.048163
55 0.046841 0.000669 0.049266
56 0.046804 0.000654 0.049085
57 0.046778 0.000645 0.044406
58 0.046746 0.000630 0.046993
59 0.046722 0.000629 0.046899
60 0.046695 0.000614 0.047342
61 0.046672 0.000607 0.047249
62 0.046649 0.000608 0.047760
63 0.046626 0.000592 0.044701
64 0.046605 0.000587 0.047805
65 0.046590 0.000579 0.046928
66 0.046570 0.000581 0.048473
67 0.046552 0.000569 0.045929
68 0.046531 0.000561 0.048275
69 0.046518 0.000555 0.046494
70 0.046504 0.000556 0.047944
71 0.046489 0.000546 0.046878
72 0.046474 0.000545 0.045304
73 0.046462 0.000535 0.044839
74 0.046445 0.000536 0.046842
75 0.046434 0.000531 0.048066
76 0.046426 0.000526 0.046712
77 0.046412 0.000525 0.045362
78 0.046398 0.000515 0.047564
79 0.046389 0.000510 0.046898
80 0.046378 0.000514 0.048493
81 0.046365 0.000506 0.047379
82 0.046356 0.000508 0.047973
83 0.046348 0.000492 0.045446
84 0.046341 0.000492 0.048071
85 0.046335 0.000488 0.046510
86 0.046324 0.000483 0.047539
87 0.046314 0.000482 0.047224
88 0.046312 0.000483 0.043688
89 0.046302 0.000472 0.044795
90 0.046289 0.000472 0.045158
91 0.046284 0.000473 0.045608
92 0.046281 0.000464 0.046609
93 0.046272 0.000464 0.045744
94 0.046263 0.000456 0.045847
95 0.046260 0.000456 0.042296
96 0.046248 0.000454 0.047676
97 0.046244 0.000448 0.047856
98 0.046238 0.000446 0.045166
99 0.046237 0.000438 0.046937
100 0.046231 0.000443 0.046384
101 0.046223 0.000442 0.047497
102 0.046213 0.000433 0.047137
103 0.046216 0.000428 0.044073
104 0.046206 0.000430 0.047018
105 0.046203 0.000423 0.047735
106 0.046194 0.000421 0.045497
107 0.046185 0.000422 0.046644
108 0.046188 0.000419 0.045873
109 0.046183 0.000415 0.047120
110 0.046181 0.000417 0.046370
111 0.046174 0.000416 0.046837
112 0.046168 0.000411 0.044803
113 0.046162 0.000404 0.044961
114 0.046158 0.000411 0.046730
115 0.046157 0.000406 0.045852
116 0.046157 0.000407 0.048795
117 0.046146 0.000401 0.044737
118 0.046144 0.000400 0.046024
119 0.046136 0.000400 0.043695
120 0.046140 0.000395 0.046508
121 0.046132 0.000392 0.045557
122 0.046128 0.000394 0.044552
123 0.046125 0.000392 0.047643
124 0.046127 0.000390 0.045568
125 0.046120 0.000384 0.048625
126 0.046116 0.000388 0.046190
127 0.046114 0.000384 0.045920
128 0.046112 0.000383 0.044980
129 0.046104 0.000379 0.046112
130 0.046100 0.000377 0.045066
131 0.046099 0.000374 0.045024
132 0.046100 0.000373 0.048565
133 0.046090 0.000373 0.044666
134 0.046088 0.000367 0.049003
135 0.046087 0.000370 0.047171
136 0.046088 0.000368 0.045141
137 0.046074 0.000370 0.044249
138 0.046079 0.000365 0.047410
139 0.046077 0.000365 0.044816
140 0.046075 0.000363 0.048505
141 0.046069 0.000362 0.045190
142 0.046062 0.000359 0.048402
143 0.046066 0.000359 0.047739
144 0.046064 0.000356 0.044178
145 0.046056 0.000359 0.044760
146 0.046060 0.000353 0.047053
147 0.046055 0.000356 0.044303
148 0.046052 0.000353 0.045990
149 0.046050 0.000350 0.045444
150 0.046044 0.000353 0.046572
151 0.046041 0.000351 0.044483
152 0.046040 0.000348 0.046034
153 0.046040 0.000345 0.045922
154 0.046035 0.000348 0.048146
155 0.046034 0.000344 0.045370
156 0.046037 0.000341 0.045461
157 0.046030 0.000338 0.046663
158 0.046029 0.000626 0.046588
159 0.045994 0.004228 0.046200
160 0.045706 0.029292 0.043462
161 0.045056 0.037480 0.045354
162 0.044510 0.038301 0.048701
163 0.044118 0.029288 0.046884
164 0.043832 0.020251 0.044953
165 0.043618 0.014070 0.046540
166 0.043459 0.009933 0.046122
167 0.043338 0.005956 0.044506
168 0.043246 0.002936 0.047121
169 0.043172 0.001367 0.043911
170 0.043117 0.000954 0.043553
171 0.043073 0.000877 0.044339
172 0.043040 0.000839 0.043533
173 0.042995 0.000818 0.043314
174 0.042970 0.000783 0.043707
175 0.042945 0.000763 0.045715
176 0.042919 0.000750 0.043508
177 0.042903 0.000734 0.045152
178 0.042887 0.000714 0.038689
179 0.042867 0.000704 0.044442
180 0.042856 0.000690 0.044762
181 0.042838 0.000675 0.043594
182 0.042830 0.000665 0.043428
183 0.042809 0.000653 0.044377
184 0.042802 0.000654 0.041633
185 0.042787 0.000639 0.043511
186 0.042782 0.000642 0.041884
187 0.042767 0.000631 0.042797
188 0.042763 0.000625 0.043576
189 0.042757 0.000619 0.041937
190 0.042742 0.000612 0.042525
191 0.042734 0.000606 0.044049
192 0.042728 0.000608 0.044900
193 0.042724 0.000601 0.043795
194 0.042730 0.000595 0.043192
195 0.042712 0.000590 0.042068
196 0.042703 0.000585 0.044284
197 0.042704 0.000575 0.043638
198 0.042694 0.000575 0.043074
199 0.042689 0.000570 0.044512
200 0.042684 0.000567 0.041246
201 0.042674 0.000567 0.044420
202 0.042680 0.000563 0.042163
203 0.042672 0.000558 0.045034
204 0.042667 0.000554 0.044116
205 0.042665 0.000551 0.042785
206 0.042661 0.000550 0.041981
207 0.042657 0.000540 0.041619
208 0.042650 0.000543 0.041847
209 0.042647 0.000533 0.042925
210 0.042640 0.000537 0.044750
211 0.042638 0.000527 0.043349
212 0.042637 0.000528 0.043260
213 0.042631 0.000533 0.042078
214 0.042632 0.000525 0.040119
215 0.042629 0.000526 0.042166
216 0.042626 0.000523 0.042411
217 0.042617 0.000521 0.043540
218 0.042612 0.000517 0.043006
219 0.042608 0.000519 0.041265
220 0.042614 0.000518 0.042686
221 0.042610 0.000517 0.037698
222 0.042609 0.000509 0.039226
223 0.042602 0.000513 0.038387
224 0.042603 0.000504 0.042868
225 0.042596 0.000511 0.044762
226 0.042593 0.000507 0.043388
227 0.042592 0.000500 0.042056
228 0.042585 0.000500 0.044001
229 0.042580 0.000500 0.044878
230 0.042581 0.000499 0.043223
231 0.042584 0.000503 0.043337
232 0.042581 0.000497 0.043501
233 0.042572 0.000498 0.042986
234 0.042571 0.000497 0.041965
235 0.042573 0.000493 0.043168
236 0.042559 0.000497 0.045923
237 0.042560 0.000491 0.042662
238 0.042568 0.000489 0.044082
239 0.042568 0.000487 0.041601
240 0.042558 0.000485 0.044969
241 0.042556 0.000482 0.041240
242 0.042556 0.000487 0.043717
243 0.042553 0.000488 0.043605
244 0.042550 0.000482 0.041337
245 0.042553 0.000478 0.042062
246 0.042545 0.000480 0.040924
247 0.042544 0.000478 0.042435
248 0.042546 0.000481 0.043003
249 0.042544 0.000474 0.042700
250 0.042534 0.000475 0.043366
251 0.042537 0.000474 0.045117
252 0.042538 0.000468 0.041112
253 0.042528 0.000471 0.044735
254 0.042532 0.000471 0.043500
255 0.042527 0.000469 0.043413
256 0.042528 0.000468 0.043866
257 0.042522 0.000469 0.044087
258 0.042519 0.000465 0.041480
259 0.042519 0.000471 0.042345
260 0.042516 0.000466 0.042931
261 0.042513 0.000467 0.042436
262 0.042514 0.000456 0.040516
263 0.042516 0.000466 0.041816
264 0.042512 0.000461 0.042079
265 0.042509 0.000451 0.043091
266 0.042514 0.000456 0.043147
267 0.042501 0.000459 0.044449
268 0.042507 0.000458 0.041586
269 0.042503 0.000455 0.042793
270 0.042503 0.000454 0.038963
271 0.042499 0.000453 0.043925
272 0.042494 0.000454 0.041070
273 0.042498 0.000452 0.043494
274 0.042488 0.000452 0.040878
275 0.042484 0.000453 0.042548
276 0.042487 0.000444 0.043616
277 0.042494 0.000449 0.041614
278 0.042488 0.000445 0.045576
279 0.042482 0.000453 0.040905
280 0.042489 0.000448 0.042016
281 0.042482 0.000445 0.041300
282 0.042478 0.000441 0.041810
283 0.042476 0.000445 0.044153
284 0.042474 0.000444 0.041764
285 0.042474 0.000444 0.042416
286 0.042475 0.000444 0.042302
287 0.042474 0.000438 0.040817
288 0.042468 0.000441 0.040864
289 0.042476 0.000437 0.040586
290 0.042465 0.000441 0.042046
291 0.042458 0.000440 0.044604
292 0.042460 0.000445 0.043066
293 0.042460 0.000437 0.039756
294 0.042456 0.000437 0.042992
295 0.042462 0.000438 0.042243
296 0.042454 0.000439 0.040268
297 0.042453 0.000438 0.039758
298 0.042452 0.000437 0.044450
299 0.042446 0.000431 0.041536
300 0.042454 0.000428 0.042878
301 0.042446 0.000434 0.042891
302 0.042447 0.000432 0.044091
303 0.042441 0.000434 0.042473
304 0.042444 0.000428 0.041406
305 0.042439 0.000432 0.042615
306 0.042433 0.000428 0.041565
307 0.042442 0.000426 0.042099
308 0.042434 0.000427 0.041548
309 0.042436 0.000426 0.042885
310 0.042430 0.000420 0.042810
311 0.042430 0.000425 0.046067
312 0.042431 0.000425 0.040950
313 0.042428 0.000427 0.040418
314 0.042426 0.000424 0.043911
315 0.042425 0.000428 0.040906
316 0.042424 0.000429 0.040179
317 0.042422 0.000427 0.042789
318 0.042422 0.000421 0.043641
319 0.042418 0.000423 0.044586
320 0.042419 0.000418 0.040809
321 0.042419 0.000422 0.043321
322 0.042416 0.000420 0.042137
323 0.042416 0.000420 0.046270
324 0.042412 0.000419 0.040870
325 0.042402 0.000421 0.042481
326 0.042411 0.000415 0.041059
327 0.042409 0.000415 0.041335
328 0.042403 0.000419 0.043102
329 0.042404 0.000412 0.041403
330 0.042404 0.000414 0.043096
331 0.042397 0.000417 0.044466
332 0.042403 0.000413 0.040549
333 0.042394 0.000418 0.040559
334 0.042397 0.000409 0.040721
335 0.042396 0.000411 0.043892
336 0.042381 0.000411 0.041222
337 0.042391 0.000413 0.043184
338 0.042390 0.000411 0.043087
339 0.042393 0.000409 0.041385
340 0.042387 0.000411 0.041340
341 0.042388 0.000408 0.040019
342 0.042380 0.000414 0.041736
343 0.042391 0.000406 0.042658
344 0.042387 0.000404 0.044994
345 0.042379 0.000405 0.044162
346 0.042373 0.000402 0.043432
347 0.042381 0.000409 0.043623
348 0.042373 0.000409 0.042598
349 0.042373 0.000404 0.040915
350 0.042383 0.000403 0.041905
351 0.042368 0.000400 0.044082
352 0.042370 0.000403 0.041400
353 0.042369 0.000408 0.041117
354 0.042367 0.000399 0.042919
355 0.042363 0.000399 0.039783
356 0.042363 0.000402 0.040363
357 0.042360 0.000399 0.045858
358 0.042359 0.000402 0.042582
359 0.042358 0.000400 0.043727
360 0.042356 0.000397 0.040449
361 0.042361 0.000397 0.041169
362 0.042351 0.000397 0.043433
363 0.042353 0.000393 0.041330
364 0.042352 0.000395 0.046514
365 0.042345 0.000398 0.042660
366 0.042347 0.000397 0.045734
367 0.042347 0.000397 0.039840
368 0.042352 0.000392 0.042862
369 0.042349 0.000392 0.043235
370 0.042345 0.000392 0.045006
371 0.042343 0.000401 0.039663
372 0.042341 0.000391 0.042877
373 0.042341 0.000396 0.042200
374 0.042344 0.000385 0.042012
375 0.042337 0.000393 0.044069
376 0.042331 0.000385 0.041980
377 0.042326 0.000388 0.043501
378 0.042335 0.000388 0.042695
379 0.042332 0.000393 0.042614
380 0.042325 0.000392 0.040954
381 0.042327 0.000389 0.041728
382 0.042324 0.000395 0.040753
383 0.042329 0.000385 0.041920
384 0.042322 0.000387 0.040669
385 0.042327 0.000394 0.041369
386 0.042322 0.000389 0.043722
387 0.042313 0.000391 0.043742
388 0.042322 0.000388 0.042213
389 0.042317 0.000385 0.042039
390 0.042318 0.000390 0.041621
391 0.042315 0.000386 0.046662
392 0.042312 0.000388 0.042469
393 0.042312 0.000387 0.043788
394 0.042306 0.000388 0.041551
395 0.042307 0.000380 0.043980
396 0.042306 0.000384 0.041350
397 0.042301 0.000387 0.043877
398 0.042301 0.000386 0.043377
399 0.042305 0.000383 0.041606
400 0.042303 0.000385 0.042295
401 0.042296 0.000380 0.041364
402 0.042300 0.000384 0.045796
403 0.042298 0.000380 0.039501
404 0.042294 0.000384 0.043604
405 0.042290 0.000389 0.042456
406 0.042296 0.000385 0.040425
407 0.042295 0.000385 0.042290
408 0.042294 0.000381 0.044156
409 0.042296 0.000381 0.040527
410 0.042291 0.000385 0.041188
411 0.042285 0.000380 0.041715
412 0.042288 0.000379 0.044362
413 0.042283 0.000380 0.041028
414 0.042289 0.000384 0.041183
415 0.042283 0.000381 0.042459
416 0.042276 0.000383 0.042359
417 0.042279 0.000385 0.041259
418 0.042279 0.000385 0.043578
419 0.042285 0.000377 0.041640
420 0.042272 0.000383 0.041623
421 0.042274 0.000377 0.041510
422 0.042271 0.000382 0.042311
423 0.042279 0.000380 0.043909
424 0.042273 0.000375 0.039552
425 0.042265 0.000372 0.042636
426 0.042267 0.000384 0.041120
427 0.042267 0.000382 0.042002
428 0.042265 0.000380 0.043658
429 0.042266 0.000381 0.041385
430 0.042266 0.000374 0.045087
431 0.042266 0.000378 0.041365
432 0.042265 0.000381 0.043459
433 0.042259 0.000377 0.044483
434 0.042260 0.000373 0.039707
435 0.042261 0.000380 0.041255
436 0.042262 0.000374 0.041939
437 0.042253 0.000379 0.041564
438 0.042253 0.000375 0.041332
439 0.042252 0.000378 0.044796
440 0.042250 0.000376 0.042415
441 0.042247 0.000373 0.043522
442 0.042247 0.000367 0.041345
443 0.042248 0.000375 0.044945
444 0.042247 0.000371 0.041896
445 0.042242 0.000370 0.043566
446 0.042245 0.000373 0.043671
447 0.042243 0.000373 0.040075
448 0.042243 0.000374 0.044926
449 0.042240 0.000368 0.043795
450 0.042237 0.000375 0.039985
451 0.042243 0.000370 0.040792
452 0.042241 0.000370 0.041089
453 0.042233 0.000373 0.042678
454 0.042234 0.000375 0.043645
455 0.042242 0.000368 0.042261
456 0.042232 0.000364 0.043508
457 0.042230 0.000367 0.042598
458 0.042227 0.000365 0.041277
459 0.042229 0.000369 0.045258
460 0.042231 0.000368 0.043411
461 0.042230 0.000371 0.041551
462 0.042228 0.000370 0.041760
463 0.042225 0.000370 0.045195
464 0.042222 0.000364 0.040607
465 0.042227 0.000371 0.042623
466 0.042225 0.000367 0.042393
467 0.042217 0.000370 0.038510
468 0.042211 0.000366 0.039831
469 0.042217 0.000372 0.040774
470 0.042223 0.000369 0.042762
471 0.042216 0.000369 0.042301
472 0.042213 0.000366 0.042401
473 0.042224 0.000368 0.040074
474 0.042215 0.000368 0.041292
475 0.042209 0.000362 0.042248
476 0.042208 0.000365 0.040920
477 0.042208 0.000361 0.041054
478 0.042213 0.000366 0.044922
479 0.042207 0.000363 0.040137
480 0.042203 0.000370 0.040316
481 0.042208 0.000367 0.042686
482 0.042210 0.000364 0.042503
483 0.042206 0.000364 0.044741
484 0.042205 0.000360 0.040591
485 0.042197 0.000362 0.043480
486 0.042197 0.000359 0.042930
487 0.042198 0.000367 0.045478
488 0.042198 0.000365 0.040533
489 0.042201 0.000362 0.042325
490 0.042198 0.000362 0.045237
491 0.042199 0.000363 0.042503
492 0.042199 0.000360 0.041665
493 0.042194 0.000359 0.044073
494 0.042197 0.000361 0.043345
495 0.042194 0.000361 0.042346
496 0.042188 0.000359 0.043506
497 0.042187 0.000361 0.041035
498 0.042188 0.000361 0.041926
499 0.042191 0.000357 0.042178
500 0.042190 0.000352 0.041504
