1 0.039307 0.072105 0.058405
2 0.014518 0.066589 0.045997
3 0.010071 0.060513 0.040823
4 0.008750 0.057153 0.040482
5 0.008134 0.054938 0.038458
6 0.007740 0.053514 0.036011
7 0.007492 0.052477 0.036629
8 0.007284 0.051602 0.039249
9 0.007125 0.050838 0.032962
10 0.006979 0.050168 0.037484
11 0.006856 0.049668 0.033785
12 0.006749 0.049164 0.034151
13 0.006623 0.048645 0.035699
14 0.006520 0.048104 0.034401
15 0.006411 0.047716 0.037607
16 0.006319 0.047349 0.036839
17 0.006233 0.046881 0.036814
18 0.006118 0.046502 0.035957
19 0.006034 0.046015 0.033477
20 0.005940 0.045597 0.036840
21 0.005851 0.045260 0.034253
22 0.005755 0.044867 0.037408
23 0.005680 0.044482 0.033966
24 0.005598 0.044055 0.039635
25 0.005521 0.043673 0.037867
26 0.005443 0.043418 0.032937
27 0.005372 0.043006 0.036836
28 0.005299 0.042579 0.034586
29 0.005240 0.042178 0.034322
30 0.005175 0.041850 0.033875
31 0.005121 0.041631 0.034561
32 0.005068 0.041077 0.035555
33 0.005009 0.040977 0.035676
34 0.004963 0.040559 0.036358
35 0.004919 0.040288 0.036078
36 0.004874 0.039995 0.037971
37 0.004832 0.039785 0.033368
38 0.004791 0.039447 0.036510
39 0.004764 0.039165 0.034017
40 0.004722 0.038829 0.035412
41 0.004694 0.038580 0.037085
42 0.004658 0.038482 0.035739
43 0.004637 0.038183 0.037165
44 0.004610 0.037898 0.034580
45 0.004585 0.037787 0.034733
46 0.004569 0.037457 0.034893
47 0.004537 0.037310 0.036351
48 0.004523 0.037044 0.035399
49 0.004495 0.036908 0.036391
50 0.004472 0.036808 0.036004
51 0.004467 0.036643 0.035642
52 0.004447 0.036455 0.037946
53 0.004425 0.036264 0.038023
54 0.004412 0.036098 0.036505
55 0.004393 0.035959 0.035797
56 0.004382 0.035845 0.039158
57 0.004368 0.035727 0.035919
58 0.004351 0.035636 0.034398
59 0.004347 0.035350 0.035695
60 0.004330 0.035323 0.034357
61 0.004313 0.035223 0.035652
62 0.004308 0.035152 0.035166
63 0.004296 0.035007 0.035507
64 0.004279 0.034910 0.035318
65 0.004273 0.034758 0.036072
66 0.004262 0.034691 0.040323
67 0.004255 0.034621 0.034256
68 0.004238 0.034472 0.035973
69 0.004237 0.034328 0.036950
70 0.004217 0.034321 0.035900
71 0.004214 0.034208 0.035638
72 0.004208 0.034076 0.035593
73 0.004203 0.034024 0.038530
74 0.004192 0.033931 0.035813
75 0.004185 0.033921 0.036045
76 0.004170 0.033841 0.035848
77 0.004172 0.033648 0.035109
78 0.004168 0.033596 0.035226
79 0.004159 0.033572 0.037990
80 0.004155 0.033429 0.033457
81 0.004150 0.033429 0.035403
82 0.004136 0.033311 0.035990
83 0.004141 0.033148 0.037636
84 0.004125 0.033148 0.038075
85 0.004127 0.033152 0.036160
86 0.004117 0.033028 0.038670
87 0.004118 0.032965 0.036859
88 0.004114 0.032873 0.037123
89 0.004101 0.032706 0.035779
90 0.004101 0.032791 0.035432
91 0.004094 0.032815 0.035733
92 0.004090 0.032768 0.034333
93 0.004091 0.032463 0.037522
94 0.004072 0.032634 0.036924
95 0.004083 0.032388 0.036428
96 0.004070 0.032398 0.038367
97 0.004071 0.032469 0.036915
98 0.004057 0.032368 0.038052
99 0.004060 0.032134 0.038396
100 0.004052 0.032144 0.034636
101 0.004052 0.032064 0.036630
102 0.004041 0.032019 0.036255
103 0.004045 0.031941 0.035093
104 0.004042 0.032038 0.039692
105 0.004044 0.031961 0.037112
106 0.004034 0.031974 0.038452
107 0.004029 0.031804 0.037533
108 0.004024 0.031838 0.035331
109 0.004021 0.031723 0.035488
110 0.004016 0.031704 0.040630
111 0.004017 0.031651 0.038049
112 0.004011 0.031654 0.039160
113 0.004010 0.031553 0.035623
114 0.004007 0.031530 0.035988
115 0.004002 0.031450 0.035199
116 0.004005 0.031500 0.036426
117 0.003996 0.031270 0.036023
118 0.003995 0.031388 0.037317
119 0.003986 0.031325 0.039635
120 0.003991 0.031234 0.040860
121 0.003981 0.031193 0.035947
122 0.003978 0.031110 0.036963
123 0.003978 0.031129 0.037096
124 0.003975 0.031037 0.039142
125 0.003976 0.030986 0.038618
126 0.003968 0.030935 0.035556
127 0.003962 0.030856 0.038486
128 0.003967 0.030890 0.037136
129 0.003966 0.030805 0.037713
130 0.003965 0.030829 0.043748
131 0.003954 0.030724 0.035954
132 0.003951 0.030810 0.038413
133 0.003952 0.030656 0.037344
134 0.003950 0.030665 0.034289
135 0.003945 0.030514 0.038591
136 0.003936 0.030556 0.037771
137 0.003937 0.030375 0.033876
138 0.003940 0.030541 0.036504
139 0.003935 0.030418 0.037031
140 0.003932 0.030323 0.038136
141 0.003935 0.030326 0.040477
142 0.003932 0.030298 0.036156
143 0.003926 0.030311 0.038881
144 0.003925 0.030232 0.035028
145 0.003924 0.030190 0.036807
146 0.003928 0.030085 0.037765
147 0.003913 0.030092 0.036897
148 0.003915 0.030049 0.040083
149 0.003914 0.030001 0.037437
150 0.003913 0.030065 0.036495
151 0.003909 0.029976 0.040521
152 0.003906 0.030022 0.038668
153 0.003908 0.030045 0.037719
154 0.003908 0.029875 0.035794
155 0.003905 0.029814 0.039683
156 0.003894 0.029788 0.038964
157 0.003894 0.029798 0.037010
158 0.003891 0.029741 0.039475
159 0.003889 0.029681 0.038019
160 0.003892 0.029624 0.036775
161 0.003893 0.029631 0.040213
162 0.003882 0.029565 0.037073
163 0.003881 0.029563 0.038234
164 0.003890 0.029537 0.037272
165 0.003877 0.029531 0.036785
166 0.003876 0.029436 0.038615
167 0.003884 0.029422 0.041317
168 0.003872 0.029443 0.039399
169 0.003875 0.029371 0.035931
170 0.003880 0.029363 0.037068
171 0.003878 0.029317 0.037264
172 0.003864 0.029310 0.038375
173 0.003873 0.029104 0.036066
174 0.003864 0.029250 0.036510
175 0.003860 0.029286 0.038388
176 0.003864 0.029169 0.040100
177 0.003867 0.029049 0.035745
178 0.003867 0.029024 0.037963
179 0.003862 0.029096 0.037356
180 0.003856 0.029027 0.038365
181 0.003859 0.028968 0.038213
182 0.003860 0.028875 0.040298
183 0.003852 0.028986 0.039516
184 0.003850 0.028819 0.036081
185 0.003855 0.028938 0.035180
186 0.003850 0.028853 0.034198
187 0.003848 0.028853 0.038454
188 0.003845 0.028768 0.036669
189 0.003847 0.028688 0.037352
190 0.003837 0.028548 0.037060
191 0.003846 0.028598 0.037796
192 0.003847 0.028637 0.036239
193 0.003844 0.028641 0.037475
194 0.003833 0.028540 0.034854
195 0.003842 0.028555 0.038236
196 0.003830 0.028488 0.036578
197 0.003837 0.028476 0.037051
198 0.003837 0.028565 0.036707
199 0.003832 0.028448 0.043048
200 0.003826 0.028400 0.037502
201 0.003833 0.028383 0.036141
202 0.003826 0.028396 0.035913
203 0.003827 0.028384 0.038415
204 0.003818 0.028257 0.041643
205 0.003820 0.028334 0.041224
206 0.003828 0.028300 0.035230
207 0.003816 0.028347 0.033715
208 0.003821 0.028268 0.037051
209 0.003813 0.028214 0.035480
210 0.003815 0.028107 0.038424
211 0.003808 0.028195 0.038519
212 0.003814 0.028095 0.035754
213 0.003809 0.028128 0.042436
214 0.003818 0.028019 0.039250
215 0.003815 0.027892 0.037031
216 0.003807 0.028035 0.037158
217 0.003807 0.028034 0.033122
218 0.003811 0.028004 0.039512
219 0.003808 0.027971 0.037971
220 0.003800 0.027971 0.038117
221 0.003800 0.027876 0.037502
222 0.003799 0.027867 0.035140
223 0.003801 0.027855 0.036737
224 0.003802 0.027794 0.041983
225 0.003799 0.027816 0.037649
226 0.003794 0.027764 0.040660
227 0.003798 0.027738 0.036362
228 0.003795 0.027728 0.039644
229 0.003796 0.027611 0.039406
230 0.003799 0.027780 0.038196
231 0.003788 0.027578 0.039565
232 0.003789 0.027550 0.036480
233 0.003791 0.027619 0.038685
234 0.003783 0.027576 0.038625
235 0.003783 0.027523 0.038785
236 0.003783 0.027583 0.037551
237 0.003784 0.027509 0.037956
238 0.003778 0.027436 0.036307
239 0.003778 0.027433 0.035954
240 0.003784 0.027423 0.038900
241 0.003782 0.027454 0.037414
242 0.003781 0.027335 0.039214
243 0.003775 0.027373 0.035357
244 0.003778 0.027309 0.040766
245 0.003773 0.027299 0.034289
246 0.003775 0.027342 0.035473
247 0.003774 0.027277 0.039276
248 0.003766 0.027349 0.038808
249 0.003768 0.027229 0.036827
250 0.003766 0.027215 0.037142
251 0.003770 0.027266 0.038468
252 0.003765 0.027161 0.035687
253 0.003772 0.027117 0.037085
254 0.003759 0.027181 0.039580
255 0.003759 0.027100 0.038879
256 0.003760 0.027050 0.041038
257 0.003755 0.027158 0.035176
258 0.003756 0.027063 0.038571
259 0.003754 0.027052 0.035713
260 0.003755 0.026998 0.037498
261 0.003752 0.027057 0.036065
262 0.003751 0.027010 0.038721
263 0.003752 0.026952 0.038658
264 0.003749 0.026989 0.038142
265 0.003740 0.026936 0.038307
266 0.003744 0.026884 0.038348
267 0.003746 0.026827 0.038909
268 0.003745 0.026798 0.041904
269 0.003749 0.026811 0.037389
270 0.003742 0.026802 0.036502
271 0.003748 0.026709 0.040233
272 0.003734 0.026753 0.037768
273 0.003745 0.026698 0.038219
274 0.003745 0.026727 0.039680
275 0.003749 0.026656 0.037032
276 0.003741 0.026568 0.039729
277 0.003746 0.026543 0.037347
278 0.003730 0.026540 0.038186
279 0.003736 0.026560 0.037703
280 0.003727 0.026531 0.038650
281 0.003739 0.026576 0.038745
282 0.003733 0.026555 0.039332
283 0.003727 0.026596 0.040383
284 0.003738 0.026459 0.035559
285 0.003731 0.026485 0.036725
286 0.003729 0.026505 0.040969
287 0.003733 0.026507 0.038911
288 0.003723 0.026389 0.041116
289 0.003729 0.026387 0.038496
290 0.003726 0.026439 0.037106
291 0.003724 0.026332 0.037990
292 0.003726 0.026339 0.038055
293 0.003728 0.026285 0.041991
294 0.003718 0.026344 0.040413
295 0.003724 0.026447 0.038804
296 0.003724 0.026304 0.039664
297 0.003720 0.026300 0.036259
298 0.003722 0.026223 0.036527
299 0.003714 0.026229 0.039566
300 0.003720 0.026250 0.038208
301 0.003713 0.026249 0.038505
302 0.003715 0.026136 0.036779
303 0.003711 0.026157 0.039206
304 0.003711 0.026145 0.037631
305 0.003712 0.026143 0.039852
306 0.003713 0.026036 0.036260
307 0.003709 0.026090 0.038910
308 0.003704 0.026088 0.037813
309 0.003712 0.026051 0.037051
310 0.003711 0.026010 0.038785
311 0.003712 0.025923 0.038152
312 0.003705 0.026010 0.038885
313 0.003704 0.026011 0.038499
314 0.003707 0.025971 0.037071
315 0.003705 0.025908 0.036964
316 0.003702 0.025996 0.037324
317 0.003706 0.025824 0.035990
318 0.003703 0.025844 0.039801
319 0.003704 0.025847 0.036771
320 0.003699 0.025813 0.039313
321 0.003703 0.025851 0.040380
322 0.003698 0.025817 0.036711
323 0.003695 0.025742 0.033581
324 0.003696 0.025685 0.038752
325 0.003695 0.025756 0.037446
326 0.003688 0.025792 0.036120
327 0.003698 0.025703 0.038919
328 0.003695 0.025727 0.038579
329 0.003691 0.025685 0.037077
330 0.003693 0.025668 0.039266
331 0.003692 0.025605 0.038492
332 0.003688 0.025603 0.041014
333 0.003686 0.025616 0.036504
334 0.003685 0.025595 0.038102
335 0.003682 0.025616 0.035124
336 0.003689 0.025654 0.037706
337 0.003696 0.025555 0.040189
338 0.003691 0.025544 0.035916
339 0.003683 0.025559 0.038977
340 0.003680 0.025567 0.038718
341 0.003679 0.025476 0.037038
342 0.003687 0.025424 0.038253
343 0.003683 0.025409 0.038879
344 0.003678 0.025416 0.040078
345 0.003677 0.025393 0.038450
346 0.003677 0.025367 0.040042
347 0.003674 0.025435 0.038678
348 0.003678 0.025440 0.038265
349 0.003677 0.025456 0.035178
350 0.003678 0.025327 0.037000
351 0.003675 0.025343 0.037719
352 0.003671 0.025334 0.038395
353 0.003675 0.025305 0.037939
354 0.003675 0.025272 0.037917
355 0.003673 0.025272 0.040032
356 0.003669 0.025215 0.039205
357 0.003670 0.025242 0.034881
358 0.003667 0.025193 0.037956
359 0.003667 0.025173 0.039684
360 0.003672 0.025130 0.037427
361 0.003664 0.025072 0.038975
362 0.003661 0.025050 0.036292
363 0.003668 0.025134 0.038418
364 0.003661 0.025133 0.038704
365 0.003662 0.025090 0.035741
366 0.003664 0.025068 0.040254
367 0.003660 0.025103 0.041125
368 0.003665 0.024991 0.039080
369 0.003660 0.024905 0.041601
370 0.003658 0.024993 0.039114
371 0.003656 0.024998 0.037388
372 0.003654 0.024978 0.035960
373 0.003661 0.024997 0.038076
374 0.003655 0.024922 0.040506
375 0.003650 0.024932 0.038626
376 0.003655 0.024827 0.038622
377 0.003647 0.024902 0.036763
378 0.003647 0.024891 0.038512
379 0.003645 0.024846 0.040539
380 0.003649 0.024812 0.036803
381 0.003643 0.024784 0.038138
382 0.003650 0.024695 0.041231
383 0.003647 0.024758 0.041076
384 0.003643 0.024802 0.039364
385 0.003644 0.024720 0.040119
386 0.003640 0.024701 0.038126
387 0.003640 0.024721 0.041128
388 0.003641 0.024693 0.036987
389 0.003639 0.024577 0.038171
390 0.003638 0.024628 0.039250
391 0.003636 0.024630 0.041956
392 0.003638 0.024640 0.037266
393 0.003630 0.024594 0.040766
394 0.003635 0.024541 0.039035
395 0.003634 0.024533 0.042569
396 0.003635 0.024439 0.040326
397 0.003635 0.024577 0.032694
398 0.003634 0.024499 0.037302
399 0.003626 0.024571 0.041262
400 0.003628 0.024471 0.038584
401 0.003626 0.024455 0.039776
402 0.003629 0.024481 0.034605
403 0.003625 0.024506 0.039936
404 0.003619 0.024343 0.041674
405 0.003625 0.024361 0.039871
406 0.003625 0.024389 0.041270
407 0.003617 0.024373 0.039677
408 0.003616 0.024338 0.035779
409 0.003619 0.024314 0.036593
410 0.003615 0.024281 0.038141
411 0.003628 0.024299 0.039618
412 0.003610 0.024307 0.037523
413 0.003616 0.024264 0.041575
414 0.003612 0.024206 0.039750
415 0.003609 0.024317 0.037279
416 0.003615 0.024200 0.038760
417 0.003614 0.024086 0.036400
418 0.003615 0.024072 0.038871
419 0.003608 0.024137 0.038836
420 0.003611 0.024177 0.037487
421 0.003609 0.024064 0.038457
422 0.003612 0.024045 0.039868
423 0.003607 0.024039 0.040306
424 0.003607 0.024106 0.040735
425 0.003608 0.024034 0.038557
426 0.003599 0.023946 0.039425
427 0.003613 0.023977 0.038382
428 0.003601 0.024140 0.037427
429 0.003601 0.023968 0.039590
430 0.003595 0.023971 0.037983
431 0.003599 0.023863 0.039091
432 0.003597 0.023984 0.038360
433 0.003596 0.023946 0.036056
434 0.003601 0.023912 0.038528
435 0.003598 0.023891 0.041543
436 0.003595 0.023913 0.037150
437 0.003597 0.023779 0.039165
438 0.003589 0.023736 0.041211
439 0.003591 0.023793 0.038643
440 0.003594 0.023788 0.041182
441 0.003591 0.023845 0.036445
442 0.003587 0.023890 0.039248
443 0.003586 0.023783 0.038593
444 0.003593 0.023702 0.037663
445 0.003586 0.023819 0.037235
446 0.003589 0.023743 0.039748
447 0.003584 0.023727 0.038620
448 0.003582 0.023744 0.042045
449 0.003585 0.023702 0.037711
450 0.003589 0.023588 0.037168
451 0.003590 0.023654 0.037664
452 0.003579 0.023723 0.037765
453 0.003579 0.023643 0.041202
454 0.003583 0.023625 0.041023
455 0.003580 0.023584 0.037060
456 0.003579 0.023509 0.040311
457 0.003577 0.023524 0.038459
458 0.003579 0.023545 0.039852
459 0.003580 0.023545 0.039832
460 0.003576 0.023494 0.038162
461 0.003573 0.023483 0.039084
462 0.003569 0.023511 0.038074
463 0.003575 0.023439 0.040844
464 0.003573 0.023482 0.039048
465 0.003570 0.023489 0.039778
466 0.003576 0.023435 0.039241
467 0.003572 0.023462 0.038831
468 0.003572 0.023458 0.039768
469 0.003567 0.023364 0.039197
470 0.003573 0.023355 0.039461
471 0.003566 0.023314 0.036453
472 0.003568 0.023382 0.037523
473 0.003567 0.023377 0.040709
474 0.003560 0.023361 0.040750
475 0.003572 0.023296 0.037868
476 0.003561 0.023291 0.039076
477 0.003566 0.023244 0.042133
478 0.003568 0.023270 0.040592
479 0.003564 0.023277 0.039726
480 0.003557 0.023273 0.041718
481 0.003562 0.023257 0.037382
482 0.003556 0.023231 0.041739
483 0.003559 0.023113 0.038770
484 0.003557 0.023251 0.040101
485 0.003559 0.023236 0.038244
486 0.003559 0.023131 0.040235
487 0.003560 0.023102 0.038892
488 0.003552 0.023061 0.033335
489 0.003545 0.023092 0.041832
490 0.003553 0.023124 0.037039
491 0.003551 0.023107 0.040001
492 0.003549 0.022999 0.041032
493 0.003553 0.023050 0.038764
494 0.003547 0.023047 0.042314
495 0.003551 0.022896 0.038707
496 0.003555 0.022932 0.039771
497 0.003548 0.023009 0.038647
498 0.003547 0.022989 0.038860
499 0.003546 0.022957 0.038867
500 0.003546 0.022885 0.040491
