1 0.131473 0.072619
2 0.068768 0.068652
3 0.066743 0.065673
4 0.065333 0.063054
5 0.064330 0.064685
6 0.063604 0.063545
7 0.063056 0.062486
8 0.062276 0.063263
9 0.059888 0.057116
10 0.058005 0.059492
11 0.056298 0.057096
12 0.054359 0.050281
13 0.052875 0.052313
14 0.051787 0.051927
15 0.050979 0.051177
16 0.050369 0.049336
17 0.049902 0.050287
18 0.049538 0.049854
19 0.049252 0.048316
20 0.049017 0.049289
21 0.048822 0.046998
22 0.048660 0.048492
23 0.048521 0.048937
24 0.048401 0.045884
25 0.048294 0.045882
26 0.048202 0.048969
27 0.048120 0.048413
28 0.048044 0.050097
29 0.047976 0.048576
30 0.047910 0.045597
31 0.047861 0.048855
32 0.047808 0.047247
33 0.047758 0.045863
34 0.047714 0.048646
35 0.047672 0.043344
36 0.047633 0.049176
37 0.047593 0.048508
38 0.047558 0.047963
39 0.047528 0.049359
40 0.047494 0.048026
41 0.047470 0.047749
42 0.047430 0.046516
43 0.047405 0.048477
44 0.047384 0.046877
45 0.047366 0.043589
46 0.047340 0.046506
47 0.047323 0.045112
48 0.047293 0.046139
49 0.047277 0.047778
50 0.047261 0.049144
51 0.047235 0.043553
52 0.047216 0.046828
53 0.047202 0.048118
54 0.047183 0.045697
55 0.047170 0.045455
56 0.047152 0.044536
57 0.047143 0.047891
58 0.047128 0.046716
59 0.047105 0.048384
60 0.047092 0.045276
61 0.047086 0.047657
62 0.047073 0.046609
63 0.047058 0.045007
64 0.047046 0.046901
65 0.047036 0.048836
66 0.047023 0.045991
67 0.047014 0.044329
68 0.047000 0.047015
69 0.046991 0.045263
70 0.046980 0.046919
71 0.046969 0.046671
72 0.046963 0.046652
73 0.046948 0.044266
74 0.046936 0.047511
75 0.046933 0.046549
76 0.046923 0.045023
77 0.046917 0.044327
78 0.046908 0.046008
79 0.046901 0.046135
80 0.046887 0.046281
81 0.046876 0.049664
82 0.046876 0.046404
83 0.046863 0.047029
84 0.046858 0.047041
85 0.046844 0.045142
86 0.046838 0.046139
87 0.046834 0.044536
88 0.046824 0.047664
89 0.046815 0.047230
90 0.046810 0.047254
91 0.046808 0.048645
92 0.046793 0.046597
93 0.046796 0.045355
94 0.046785 0.048400
95 0.046779 0.045080
96 0.046771 0.045898
97 0.046760 0.044544
98 0.046755 0.048506
99 0.046751 0.043958
100 0.046749 0.045758
101 0.046743 0.046003
102 0.046729 0.044522
103 0.046728 0.046037
104 0.046718 0.045762
105 0.046713 0.047259
106 0.046714 0.047905
107 0.046701 0.047197
108 0.046695 0.045990
109 0.046694 0.045129
110 0.046686 0.046799
111 0.046681 0.046446
112 0.046676 0.047179
113 0.046672 0.049055
114 0.046665 0.045288
115 0.046660 0.048215
116 0.046652 0.046126
117 0.046656 0.046527
118 0.046639 0.047317
119 0.046648 0.044475
120 0.046633 0.047439
121 0.046627 0.046217
122 0.046618 0.044142
123 0.046626 0.047449
124 0.046617 0.045420
125 0.046614 0.045732
126 0.046604 0.046447
127 0.046598 0.047267
128 0.046597 0.045309
129 0.046590 0.047452
130 0.046590 0.047644
131 0.046581 0.047096
132 0.046584 0.048060
133 0.046571 0.046455
134 0.046563 0.046285
135 0.046565 0.045900
136 0.046559 0.045088
137 0.046555 0.045802
138 0.046549 0.046018
139 0.046542 0.048435
140 0.046542 0.046782
141 0.046539 0.046737
142 0.046533 0.045587
143 0.046526 0.045541
144 0.046525 0.048103
145 0.046518 0.044700
146 0.046510 0.043877
147 0.046510 0.047377
148 0.046508 0.044832
149 0.046501 0.046354
150 0.046497 0.046713
151 0.046487 0.047063
152 0.046485 0.047529
153 0.046481 0.046043
154 0.046470 0.046322
155 0.046469 0.045872
156 0.046466 0.049500
157 0.046466 0.045221
158 0.046459 0.044533
159 0.046456 0.047293
160 0.046448 0.046018
161 0.046443 0.045092
162 0.046440 0.047739
163 0.046435 0.046791
164 0.046437 0.045841
165 0.046424 0.043081
166 0.046424 0.046001
167 0.046419 0.045931
168 0.046413 0.046084
169 0.046409 0.046935
170 0.046401 0.042902
171 0.046402 0.046468
172 0.046392 0.047295
173 0.046392 0.042618
174 0.046387 0.047186
175 0.046374 0.046357
176 0.046376 0.045066
177 0.046369 0.045279
178 0.046368 0.046466
179 0.046364 0.046180
180 0.046359 0.045231
181 0.046349 0.047697
182 0.046352 0.044915
183 0.046342 0.047179
184 0.046334 0.049369
185 0.046333 0.046013
186 0.046332 0.047171
187 0.046324 0.045083
188 0.046325 0.046228
189 0.046319 0.047560
190 0.046303 0.046555
191 0.046310 0.045798
192 0.046307 0.047327
193 0.046301 0.047258
194 0.046296 0.046011
195 0.046294 0.046122
196 0.046283 0.046861
197 0.046283 0.045727
198 0.046277 0.050967
199 0.046271 0.045349
200 0.046265 0.047112
201 0.046262 0.047629
202 0.046253 0.047028
203 0.046255 0.043909
204 0.046253 0.045511
205 0.046242 0.047743
206 0.046241 0.045904
207 0.046238 0.048245
208 0.046235 0.044934
209 0.046228 0.043268
210 0.046227 0.046498
211 0.046221 0.048358
212 0.046215 0.047316
213 0.046207 0.042945
214 0.046209 0.044943
215 0.046116 0.045903
216 0.045649 0.045388
217 0.045135 0.045276
218 0.044703 0.044919
219 0.044362 0.044793
220 0.044096 0.042145
221 0.043895 0.044500
222 0.043721 0.040412
223 0.043580 0.042015
224 0.043460 0.039357
225 0.043362 0.042384
226 0.043273 0.042984
227 0.043197 0.041443
228 0.043138 0.042287
229 0.043085 0.039066
230 0.043045 0.041835
231 0.043006 0.040462
232 0.042974 0.040992
233 0.042944 0.040753
234 0.042924 0.044394
235 0.042891 0.044796
236 0.042879 0.042040
237 0.042860 0.041142
238 0.042848 0.043364
239 0.042831 0.039549
240 0.042811 0.042400
241 0.042804 0.040484
242 0.042794 0.045353
243 0.042781 0.043318
244 0.042770 0.043562
245 0.042758 0.040354
246 0.042747 0.043406
247 0.042743 0.042635
248 0.042737 0.041609
249 0.042722 0.043531
250 0.042714 0.039247
251 0.042707 0.044561
252 0.042703 0.041070
253 0.042692 0.042561
254 0.042688 0.043880
255 0.042678 0.043605
256 0.042673 0.042645
257 0.042663 0.039547
258 0.042665 0.043251
259 0.042657 0.043997
260 0.042652 0.043954
261 0.042647 0.040590
262 0.042639 0.041779
263 0.042635 0.043606
264 0.042632 0.043016
265 0.042625 0.040683
266 0.042627 0.042720
267 0.042618 0.039899
268 0.042611 0.042397
269 0.042606 0.040996
270 0.042599 0.042553
271 0.042597 0.043721
272 0.042597 0.041940
273 0.042591 0.040597
274 0.042582 0.043938
275 0.042575 0.039886
276 0.042574 0.043288
277 0.042572 0.041829
278 0.042565 0.044019
279 0.042563 0.043486
280 0.042564 0.042993
281 0.042557 0.042071
282 0.042554 0.041773
283 0.042549 0.043180
284 0.042540 0.041063
285 0.042544 0.042911
286 0.042535 0.041752
287 0.042529 0.044907
288 0.042533 0.043881
289 0.042533 0.043036
290 0.042526 0.040859
291 0.042520 0.042458
292 0.042519 0.041790
293 0.042511 0.040987
294 0.042513 0.042715
295 0.042511 0.040851
296 0.042507 0.042807
297 0.042504 0.042573
298 0.042499 0.039620
299 0.042496 0.043222
300 0.042494 0.041939
301 0.042492 0.043367
302 0.042483 0.043128
303 0.042481 0.043247
304 0.042480 0.043872
305 0.042481 0.039229
306 0.042472 0.041131
307 0.042474 0.042059
308 0.042468 0.042347
309 0.042472 0.043791
310 0.042464 0.042270
311 0.042460 0.042524
312 0.042468 0.043051
313 0.042458 0.041582
314 0.042451 0.040581
315 0.042450 0.043238
316 0.042447 0.040715
317 0.042440 0.042801
318 0.042446 0.040780
319 0.042439 0.041845
320 0.042446 0.042081
321 0.042437 0.043601
322 0.042438 0.040146
323 0.042428 0.041617
324 0.042429 0.041217
325 0.042427 0.041999
326 0.042420 0.040903
327 0.042425 0.042491
328 0.042422 0.043145
329 0.042413 0.040870
330 0.042413 0.041242
331 0.042417 0.042045
332 0.042414 0.041955
333 0.042413 0.043886
334 0.042403 0.043941
335 0.042407 0.044155
336 0.042399 0.042321
337 0.042398 0.043495
338 0.042401 0.043463
339 0.042397 0.042347
340 0.042395 0.042953
341 0.042396 0.042834
342 0.042387 0.041039
343 0.042391 0.041126
344 0.042383 0.040466
345 0.042389 0.041640
346 0.042383 0.038739
347 0.042378 0.042494
348 0.042377 0.041572
349 0.042375 0.042520
350 0.042377 0.043917
351 0.042375 0.041575
352 0.042367 0.041822
353 0.042371 0.041687
354 0.042378 0.039903
355 0.042364 0.040249
356 0.042369 0.039879
357 0.042360 0.042980
358 0.042356 0.041222
359 0.042357 0.040495
360 0.042359 0.041318
361 0.042357 0.040752
362 0.042349 0.040696
363 0.042353 0.041894
364 0.042347 0.043327
365 0.042345 0.042462
366 0.042345 0.042206
367 0.042346 0.042076
368 0.042343 0.043068
369 0.042341 0.041375
370 0.042338 0.040901
371 0.042336 0.043840
372 0.042338 0.041200
373 0.042334 0.042375
374 0.042333 0.040240
375 0.042332 0.039739
376 0.042324 0.042060
377 0.042328 0.041168
378 0.042327 0.040472
379 0.042319 0.042112
380 0.042328 0.043311
381 0.042322 0.042705
382 0.042321 0.043366
383 0.042319 0.040286
384 0.042317 0.042191
385 0.042315 0.040471
386 0.042315 0.039074
387 0.042311 0.042649
388 0.042315 0.042044
389 0.042312 0.041360
390 0.042310 0.042937
391 0.042309 0.044646
392 0.042312 0.042682
393 0.042309 0.041134
394 0.042306 0.042801
395 0.042300 0.040628
396 0.042302 0.042905
397 0.042302 0.042219
398 0.042297 0.043856
399 0.042302 0.042607
400 0.042297 0.040044
401 0.042294 0.041743
402 0.042286 0.040122
403 0.042298 0.043765
404 0.042292 0.041964
405 0.042289 0.040085
406 0.042290 0.039815
407 0.042288 0.044249
408 0.042290 0.042617
409 0.042279 0.042920
410 0.042285 0.039875
411 0.042289 0.044272
412 0.042286 0.040307
413 0.042290 0.040307
414 0.042280 0.044035
415 0.042278 0.041837
416 0.042282 0.039092
417 0.042280 0.040031
418 0.042277 0.042643
419 0.042279 0.040668
420 0.042276 0.042101
421 0.042270 0.041472
422 0.042276 0.042913
423 0.042269 0.043018
424 0.042271 0.040105
425 0.042266 0.041628
426 0.042274 0.041442
427 0.042272 0.041560
428 0.042263 0.043229
429 0.042261 0.041470
430 0.042262 0.039365
431 0.042264 0.040428
432 0.042259 0.039509
433 0.042263 0.041393
434 0.042262 0.043836
435 0.042262 0.041211
436 0.042260 0.041341
437 0.042258 0.041161
438 0.042257 0.042118
439 0.042256 0.043011
440 0.042259 0.041345
441 0.042257 0.039894
442 0.042255 0.041144
443 0.042251 0.042540
444 0.042248 0.041367
445 0.042250 0.040499
446 0.042251 0.041081
447 0.042251 0.042796
448 0.042244 0.041462
449 0.042250 0.044050
450 0.042252 0.039729
451 0.042248 0.044184
452 0.042246 0.037224
453 0.042248 0.039218
454 0.042250 0.041472
455 0.042247 0.040811
456 0.042242 0.041750
457 0.042240 0.044168
458 0.042242 0.041003
459 0.042241 0.040526
460 0.042243 0.041397
461 0.042235 0.044037
462 0.042238 0.042157
463 0.042244 0.044226
464 0.042229 0.042823
465 0.042238 0.039907
466 0.042233 0.041181
467 0.042230 0.042359
468 0.042237 0.038855
469 0.042232 0.040531
470 0.042236 0.041064
471 0.042230 0.043561
472 0.042230 0.041800
473 0.042231 0.041553
474 0.042229 0.041277
475 0.042227 0.040806
476 0.042228 0.044919
477 0.042234 0.039166
478 0.042230 0.041879
479 0.042219 0.041566
480 0.042226 0.041449
481 0.042229 0.041218
482 0.042230 0.042658
483 0.042223 0.042706
484 0.042221 0.043008
485 0.042226 0.042333
486 0.042220 0.040247
487 0.042226 0.043258
488 0.042225 0.042192
489 0.042225 0.041256
490 0.042221 0.042155
491 0.042225 0.039522
492 0.042222 0.041279
493 0.042221 0.042264
494 0.042216 0.040701
495 0.042216 0.042799
496 0.042220 0.042404
497 0.042212 0.040844
498 0.042219 0.041625
499 0.042213 0.042141
500 0.042215 0.042522
