1 0.060649 0.096758 0.065873
2 0.029518 0.099671 0.057228
3 0.019051 0.085604 0.048176
4 0.014904 0.078016 0.042313
5 0.012822 0.073321 0.042888
6 0.011639 0.071903 0.041264
7 0.010860 0.070671 0.038148
8 0.010327 0.067745 0.036582
9 0.009935 0.065820 0.037677
10 0.009615 0.064909 0.037268
11 0.009356 0.064545 0.038708
12 0.009161 0.062619 0.038089
13 0.008985 0.060403 0.033750
14 0.008842 0.059053 0.035887
15 0.008710 0.058237 0.034810
16 0.008601 0.057167 0.035896
17 0.008486 0.055911 0.037200
18 0.008421 0.054861 0.034691
19 0.008343 0.053949 0.037071
20 0.008274 0.052949 0.032955
21 0.008205 0.052013 0.037248
22 0.008153 0.051275 0.035918
23 0.008104 0.050468 0.033554
24 0.008042 0.049809 0.036783
25 0.007999 0.049247 0.034750
26 0.007953 0.048566 0.033454
27 0.007913 0.048068 0.035250
28 0.007868 0.047462 0.035650
29 0.007846 0.046865 0.032797
30 0.007803 0.046386 0.034097
31 0.007780 0.045866 0.036254
32 0.007754 0.045382 0.034364
33 0.007730 0.044998 0.035087
34 0.007706 0.044498 0.034768
35 0.007677 0.044161 0.033926
36 0.007650 0.043737 0.033138
37 0.007621 0.043361 0.035223
38 0.007624 0.042951 0.033625
39 0.007575 0.042672 0.036721
40 0.007565 0.042287 0.036837
41 0.007540 0.041896 0.033624
42 0.007524 0.041546 0.035048
43 0.007503 0.041260 0.034843
44 0.007496 0.040936 0.034004
45 0.007481 0.040637 0.035658
46 0.007457 0.040312 0.033219
47 0.007442 0.040047 0.033410
48 0.007423 0.039731 0.034081
49 0.007425 0.039504 0.035602
50 0.007399 0.039309 0.034190
51 0.007395 0.039077 0.034733
52 0.007389 0.038734 0.036736
53 0.007360 0.038608 0.033078
54 0.007348 0.038334 0.033806
55 0.007338 0.038142 0.037922
56 0.007320 0.037894 0.035285
57 0.007314 0.037695 0.033103
58 0.007308 0.037475 0.035489
59 0.007296 0.037263 0.036751
60 0.007291 0.037111 0.033960
61 0.007275 0.036849 0.032608
62 0.007292 0.036640 0.035023
63 0.007255 0.036481 0.035178
64 0.007243 0.036330 0.035140
65 0.007250 0.036237 0.034746
66 0.007227 0.035987 0.034074
67 0.007233 0.035836 0.037750
68 0.007221 0.035649 0.036431
69 0.007212 0.035478 0.034086
70 0.007201 0.035365 0.035113
71 0.007201 0.035139 0.034399
72 0.007183 0.035031 0.035091
73 0.007173 0.034870 0.034301
74 0.007158 0.034703 0.036145
75 0.007160 0.034595 0.033546
76 0.007165 0.034491 0.037019
77 0.007141 0.034433 0.032633
78 0.007141 0.034218 0.037978
79 0.007124 0.034026 0.032284
80 0.007130 0.033979 0.033138
81 0.007124 0.033798 0.038569
82 0.007102 0.033661 0.033324
83 0.007109 0.033544 0.038064
84 0.007096 0.033502 0.035203
85 0.007093 0.033323 0.034898
86 0.007093 0.033326 0.035634
87 0.007079 0.033172 0.034559
88 0.007080 0.033049 0.035997
89 0.007076 0.032962 0.035736
90 0.007061 0.032841 0.036007
91 0.007062 0.032779 0.034346
92 0.007062 0.032703 0.036891
93 0.007055 0.032472 0.035304
94 0.007042 0.032522 0.031520
95 0.007030 0.032447 0.036447
96 0.007029 0.032280 0.033886
97 0.007027 0.032166 0.036076
98 0.007024 0.032111 0.032385
99 0.007015 0.032059 0.032665
100 0.007015 0.031938 0.034027
101 0.007003 0.031907 0.034839
102 0.007004 0.031856 0.032576
103 0.007005 0.031742 0.032251
104 0.006995 0.031576 0.035326
105 0.006979 0.031549 0.034190
106 0.006982 0.031310 0.038852
107 0.006983 0.031317 0.034055
108 0.006969 0.031300 0.036805
109 0.006957 0.031240 0.033530
110 0.006958 0.031153 0.037805
111 0.006948 0.031052 0.035492
112 0.006950 0.031009 0.035629
113 0.006946 0.030932 0.036862
114 0.006939 0.030854 0.035201
115 0.006930 0.030786 0.035702
116 0.006921 0.030668 0.034299
117 0.006928 0.030616 0.036437
118 0.006915 0.030588 0.034132
119 0.006920 0.030556 0.032939
120 0.006921 0.030419 0.032690
121 0.006921 0.030367 0.036690
122 0.006911 0.030338 0.035268
123 0.006895 0.030264 0.035560
124 0.006904 0.030201 0.034735
125 0.006890 0.030117 0.035593
126 0.006881 0.030080 0.033614
127 0.006874 0.030060 0.033469
128 0.006875 0.029972 0.037832
129 0.006881 0.029893 0.035941
130 0.006870 0.029813 0.036756
131 0.006844 0.029814 0.033280
132 0.006861 0.029771 0.039478
133 0.006863 0.029674 0.034766
134 0.006847 0.029547 0.033801
135 0.006839 0.029560 0.037341
136 0.006838 0.029530 0.035323
137 0.006836 0.029529 0.034471
138 0.006832 0.029383 0.036084
139 0.006829 0.029334 0.033051
140 0.006829 0.029363 0.035900
141 0.006819 0.029337 0.034971
142 0.006818 0.029319 0.034374
143 0.006811 0.029144 0.036857
144 0.006803 0.029198 0.034310
145 0.006797 0.029219 0.034899
146 0.006791 0.029055 0.035336
147 0.006789 0.028985 0.033977
148 0.006793 0.028970 0.033837
149 0.006791 0.028902 0.034163
150 0.006782 0.028911 0.032714
151 0.006777 0.028867 0.036142
152 0.006764 0.028816 0.036757
153 0.006765 0.028852 0.040362
154 0.006762 0.028729 0.037244
155 0.006765 0.028658 0.033558
156 0.006758 0.028576 0.039969
157 0.006752 0.028607 0.033917
158 0.006752 0.028595 0.034043
159 0.006740 0.028494 0.037962
160 0.006741 0.028457 0.036769
161 0.006736 0.028434 0.035588
162 0.006729 0.028325 0.035430
163 0.006729 0.028337 0.033215
164 0.006725 0.028365 0.037201
165 0.006713 0.028327 0.037503
166 0.006716 0.028198 0.036351
167 0.006702 0.028238 0.035578
168 0.006700 0.028233 0.033968
169 0.006702 0.028160 0.035626
170 0.006698 0.028136 0.037656
171 0.006695 0.028071 0.036479
172 0.006676 0.028122 0.035016
173 0.006682 0.027942 0.034517
174 0.006684 0.027937 0.035516
175 0.006681 0.027950 0.037592
176 0.006669 0.027902 0.034383
177 0.006675 0.027909 0.035645
178 0.006672 0.027826 0.033510
179 0.006663 0.027809 0.037051
180 0.006657 0.027712 0.032869
181 0.006649 0.027766 0.039790
182 0.006644 0.027745 0.037030
183 0.006652 0.027722 0.037533
184 0.006638 0.027604 0.035849
185 0.006636 0.027660 0.034005
186 0.006626 0.027654 0.033884
187 0.006625 0.027602 0.035273
188 0.006625 0.027569 0.037450
189 0.006620 0.027541 0.034935
190 0.006613 0.027488 0.035774
191 0.006614 0.027572 0.037692
192 0.006611 0.027368 0.037469
193 0.006595 0.027452 0.033383
194 0.006592 0.027493 0.037148
195 0.006593 0.027413 0.034667
196 0.006585 0.027385 0.036882
197 0.006588 0.027312 0.036217
198 0.006571 0.027386 0.036828
199 0.006586 0.027385 0.035769
200 0.006578 0.027130 0.036326
201 0.006565 0.027159 0.031036
202 0.006582 0.027150 0.035706
203 0.006563 0.027082 0.034944
204 0.006558 0.027113 0.037295
205 0.006554 0.027094 0.037176
206 0.006553 0.026944 0.036886
207 0.006538 0.026958 0.032811
208 0.006541 0.026903 0.036689
209 0.006526 0.027026 0.034893
210 0.006532 0.027011 0.038107
211 0.006522 0.026847 0.035664
212 0.006528 0.026867 0.034895
213 0.006520 0.026794 0.038469
214 0.006514 0.026789 0.037757
215 0.006507 0.026758 0.035701
216 0.006512 0.026705 0.036182
217 0.006509 0.026735 0.034979
218 0.006500 0.026673 0.034854
219 0.006495 0.026659 0.034904
220 0.006481 0.026683 0.041567
221 0.006485 0.026592 0.033314
222 0.006482 0.026519 0.036035
223 0.006486 0.026586 0.033936
224 0.006477 0.026507 0.037569
225 0.006472 0.026438 0.034520
226 0.006468 0.026508 0.038171
227 0.006467 0.026424 0.034659
228 0.006461 0.026369 0.036577
229 0.006452 0.026404 0.037076
230 0.006450 0.026394 0.038087
231 0.006449 0.026389 0.036432
232 0.006452 0.026309 0.039058
233 0.006447 0.026254 0.036926
234 0.006444 0.026273 0.034003
235 0.006434 0.026260 0.035782
236 0.006422 0.026157 0.035590
237 0.006432 0.026055 0.037233
238 0.006414 0.026158 0.037458
239 0.006415 0.026121 0.036761
240 0.006418 0.026115 0.033393
241 0.006413 0.026047 0.041636
242 0.006420 0.026100 0.033275
243 0.006402 0.026042 0.035151
244 0.006399 0.025926 0.036437
245 0.006399 0.026059 0.037591
246 0.006401 0.025993 0.033218
247 0.006398 0.025943 0.036178
248 0.006392 0.025933 0.036089
249 0.006397 0.025854 0.031860
250 0.006383 0.025873 0.036771
251 0.006378 0.025837 0.038555
252 0.006374 0.025898 0.034404
253 0.006366 0.025850 0.037534
254 0.006363 0.025777 0.036306
255 0.006364 0.025742 0.035894
256 0.006358 0.025705 0.035553
257 0.006363 0.025680 0.035631
258 0.006354 0.025722 0.038396
259 0.006360 0.025698 0.036631
260 0.006341 0.025633 0.035668
261 0.006345 0.025672 0.039509
262 0.006348 0.025593 0.034294
263 0.006336 0.025566 0.036125
264 0.006336 0.025594 0.033853
265 0.006332 0.025497 0.038020
266 0.006328 0.025488 0.033173
267 0.006326 0.025482 0.036447
268 0.006321 0.025409 0.035335
269 0.006317 0.025520 0.035497
270 0.006316 0.025534 0.035259
271 0.006320 0.025479 0.036422
272 0.006313 0.025411 0.034390
273 0.006298 0.025451 0.037321
274 0.006303 0.025299 0.037727
275 0.006296 0.025340 0.037022
276 0.006290 0.025353 0.033504
277 0.006291 0.025308 0.035823
278 0.006292 0.025353 0.037302
279 0.006287 0.025273 0.034802
280 0.006288 0.025210 0.035827
281 0.006289 0.025163 0.035388
282 0.006284 0.025162 0.037155
283 0.006263 0.025261 0.036281
284 0.006270 0.025253 0.038503
285 0.006263 0.025168 0.036556
286 0.006260 0.025132 0.037212
287 0.006261 0.025106 0.036931
288 0.006254 0.025184 0.037188
289 0.006254 0.025231 0.034504
290 0.006242 0.025115 0.037492
291 0.006240 0.025107 0.036309
292 0.006240 0.025017 0.039185
293 0.006230 0.025046 0.035197
294 0.006238 0.024974 0.038504
295 0.006226 0.024958 0.035650
296 0.006231 0.025069 0.035950
297 0.006225 0.024953 0.038732
298 0.006219 0.024840 0.032848
299 0.006212 0.024922 0.033936
300 0.006208 0.024857 0.039193
301 0.006202 0.024834 0.035253
302 0.006213 0.024916 0.033586
303 0.006189 0.024902 0.035991
304 0.006200 0.024870 0.037532
305 0.006191 0.024799 0.034553
306 0.006177 0.024814 0.033323
307 0.006171 0.024827 0.035961
308 0.006182 0.024807 0.035894
309 0.006168 0.024751 0.038769
310 0.006168 0.024717 0.034481
311 0.006160 0.024742 0.039476
312 0.006164 0.024570 0.038302
313 0.006155 0.024754 0.034797
314 0.006152 0.024655 0.035412
315 0.006152 0.024705 0.035867
316 0.006149 0.024601 0.031352
317 0.006150 0.024511 0.037660
318 0.006139 0.024622 0.034237
319 0.006127 0.024623 0.037217
320 0.006129 0.024450 0.037521
321 0.006131 0.024437 0.036942
322 0.006128 0.024473 0.033692
323 0.006120 0.024465 0.039752
324 0.006118 0.024496 0.034733
325 0.006121 0.024489 0.037027
326 0.006109 0.024425 0.035368
327 0.006096 0.024412 0.036098
328 0.006090 0.024406 0.034254
329 0.006090 0.024349 0.033641
330 0.006085 0.024382 0.033627
331 0.006081 0.024401 0.035835
332 0.006083 0.024317 0.037292
333 0.006073 0.024378 0.034343
334 0.006074 0.024313 0.034174
335 0.006077 0.024232 0.035847
336 0.006071 0.024286 0.036914
337 0.006061 0.024281 0.037759
338 0.006060 0.024165 0.035453
339 0.006055 0.024210 0.036581
340 0.006054 0.024225 0.038210
341 0.006049 0.024118 0.037090
342 0.006042 0.024292 0.035502
343 0.006044 0.024227 0.035553
344 0.006028 0.024117 0.036473
345 0.006044 0.024089 0.039690
346 0.006025 0.024036 0.035633
347 0.006017 0.024071 0.039933
348 0.006015 0.024130 0.037917
349 0.006012 0.023994 0.035820
350 0.006016 0.024002 0.037263
351 0.006016 0.024081 0.038201
352 0.006001 0.024023 0.037192
353 0.006003 0.023962 0.037023
354 0.005998 0.023912 0.034787
355 0.005988 0.023855 0.036692
356 0.005984 0.023889 0.036194
357 0.005985 0.023871 0.033848
358 0.005987 0.023780 0.040768
359 0.005986 0.023800 0.040240
360 0.005975 0.023888 0.036649
361 0.005968 0.023732 0.034334
362 0.005961 0.023689 0.036181
363 0.005955 0.023759 0.037761
364 0.005968 0.023728 0.035893
365 0.005953 0.023711 0.037280
366 0.005945 0.023702 0.040526
367 0.005953 0.023658 0.037959
368 0.005949 0.023679 0.036764
369 0.005944 0.023661 0.038547
370 0.005928 0.023622 0.033841
371 0.005932 0.023624 0.035862
372 0.005939 0.023560 0.035905
373 0.005928 0.023593 0.036747
374 0.005932 0.023508 0.035082
375 0.005936 0.023508 0.034796
376 0.005932 0.023594 0.036466
377 0.005915 0.023498 0.034409
378 0.005904 0.023556 0.038326
379 0.005911 0.023454 0.037491
380 0.005912 0.023433 0.035708
381 0.005904 0.023331 0.034605
382 0.005894 0.023486 0.039054
383 0.005899 0.023455 0.037821
384 0.005901 0.023371 0.037679
385 0.005885 0.023363 0.035822
386 0.005885 0.023437 0.038508
387 0.005894 0.023361 0.038561
388 0.005875 0.023377 0.038022
389 0.005880 0.023261 0.038217
390 0.005878 0.023304 0.037017
391 0.005877 0.023290 0.039261
392 0.005867 0.023208 0.034260
393 0.005871 0.023163 0.039080
394 0.005866 0.023152 0.039382
395 0.005872 0.023187 0.037746
396 0.005858 0.023191 0.037169
397 0.005858 0.023083 0.033823
398 0.005859 0.023190 0.036861
399 0.005850 0.023131 0.035579
400 0.005853 0.023090 0.036204
401 0.005849 0.023171 0.037746
402 0.005837 0.023124 0.038544
403 0.005849 0.023097 0.038346
404 0.005846 0.023035 0.036154
405 0.005843 0.023054 0.041472
406 0.005841 0.023070 0.036183
407 0.005837 0.022993 0.035379
408 0.005826 0.022946 0.038942
409 0.005830 0.022889 0.038901
410 0.005819 0.022889 0.038809
411 0.005831 0.022901 0.037201
412 0.005814 0.022967 0.036043
413 0.005823 0.022987 0.036754
414 0.005815 0.022969 0.037803
415 0.005807 0.022885 0.037948
416 0.005809 0.022897 0.038561
417 0.005810 0.022811 0.038266
418 0.005815 0.022803 0.036481
419 0.005802 0.022890 0.037712
420 0.005806 0.022831 0.038755
421 0.005805 0.022754 0.037405
422 0.005799 0.022809 0.039768
423 0.005788 0.022797 0.038023
424 0.005800 0.022727 0.036208
425 0.005805 0.022852 0.037658
426 0.005791 0.022743 0.037383
427 0.005780 0.022650 0.039837
428 0.005790 0.022665 0.040663
429 0.005795 0.022621 0.038582
430 0.005782 0.022688 0.038637
431 0.005788 0.022678 0.036185
432 0.005783 0.022756 0.038326
433 0.005770 0.022602 0.040059
434 0.005778 0.022576 0.041668
435 0.005763 0.022573 0.036458
436 0.005766 0.022570 0.036339
437 0.005763 0.022438 0.037335
438 0.005763 0.022494 0.040437
439 0.005771 0.022570 0.038735
440 0.005760 0.022533 0.036273
441 0.005755 0.022590 0.038972
442 0.005755 0.022413 0.038501
443 0.005744 0.022454 0.041031
444 0.005752 0.022389 0.036559
445 0.005745 0.022337 0.034811
446 0.005747 0.022437 0.038552
447 0.005741 0.022410 0.038847
448 0.005735 0.022402 0.036632
449 0.005740 0.022361 0.040976
450 0.005727 0.022279 0.039530
451 0.005729 0.022313 0.040531
452 0.005735 0.022242 0.037496
453 0.005716 0.022336 0.034232
454 0.005716 0.022222 0.039252
455 0.005718 0.022271 0.037914
456 0.005711 0.022208 0.034611
457 0.005715 0.022196 0.038573
458 0.005717 0.022120 0.039082
459 0.005720 0.022147 0.036208
460 0.005708 0.022188 0.038362
461 0.005703 0.022150 0.039884
462 0.005710 0.022081 0.037062
463 0.005704 0.022141 0.038131
464 0.005693 0.022013 0.034121
465 0.005703 0.022049 0.037639
466 0.005697 0.022080 0.036823
467 0.005691 0.021972 0.038132
468 0.005680 0.021973 0.037445
469 0.005688 0.022027 0.038766
470 0.005687 0.022073 0.036740
471 0.005675 0.022090 0.037420
472 0.005681 0.022016 0.038882
473 0.005674 0.022012 0.039098
474 0.005680 0.021876 0.036589
475 0.005674 0.021930 0.041937
476 0.005673 0.021985 0.036413
477 0.005664 0.021913 0.040811
478 0.005666 0.021933 0.036013
479 0.005669 0.021830 0.038086
480 0.005656 0.021909 0.038882
481 0.005675 0.021937 0.039884
482 0.005649 0.021869 0.037944
483 0.005639 0.021798 0.040449
484 0.005659 0.021870 0.037067
485 0.005656 0.021762 0.039318
486 0.005649 0.021777 0.036235
487 0.005646 0.021709 0.039540
488 0.005661 0.021798 0.035143
489 0.005643 0.021670 0.037611
490 0.005651 0.021721 0.037412
491 0.005640 0.021735 0.036002
492 0.005640 0.021741 0.040103
493 0.005627 0.021743 0.041239
494 0.005627 0.021651 0.035686
495 0.005635 0.021533 0.036338
496 0.005632 0.021702 0.038599
497 0.005627 0.021646 0.035472
498 0.005623 0.021630 0.040126
499 0.005626 0.021575 0.039438
500 0.005628 0.021650 0.037768
