1 0.043767 0.075190 0.061049
2 0.016794 0.072534 0.051162
3 0.011183 0.067810 0.041993
4 0.009461 0.064537 0.039552
5 0.008671 0.062017 0.039384
6 0.008216 0.060384 0.037468
7 0.007905 0.059107 0.036346
8 0.007672 0.058087 0.038866
9 0.007491 0.057190 0.040185
10 0.007344 0.056300 0.038578
11 0.007221 0.055509 0.037542
12 0.007107 0.054811 0.035958
13 0.006993 0.054109 0.034650
14 0.006891 0.053548 0.034370
15 0.006803 0.052811 0.035625
16 0.006718 0.052300 0.036543
17 0.006634 0.051749 0.035241
18 0.006540 0.051217 0.034527
19 0.006454 0.050678 0.032145
20 0.006372 0.050176 0.036647
21 0.006313 0.049689 0.038311
22 0.006231 0.049269 0.032116
23 0.006144 0.048778 0.037664
24 0.006090 0.048370 0.034812
25 0.006020 0.048017 0.034735
26 0.005966 0.047623 0.034353
27 0.005892 0.047041 0.034883
28 0.005832 0.046467 0.036672
29 0.005784 0.046152 0.035534
30 0.005712 0.045825 0.036631
31 0.005661 0.045422 0.035374
32 0.005612 0.045127 0.037007
33 0.005559 0.044480 0.036944
34 0.005512 0.044235 0.035767
35 0.005468 0.043897 0.034249
36 0.005412 0.043542 0.034526
37 0.005372 0.043180 0.034836
38 0.005326 0.042804 0.032547
39 0.005295 0.042471 0.035601
40 0.005252 0.042170 0.032635
41 0.005217 0.041774 0.034476
42 0.005190 0.041545 0.035253
43 0.005156 0.041199 0.036044
44 0.005126 0.041081 0.033000
45 0.005093 0.040768 0.035001
46 0.005068 0.040434 0.035326
47 0.005036 0.040201 0.037173
48 0.005010 0.039872 0.036221
49 0.004981 0.039701 0.033671
50 0.004957 0.039592 0.032208
51 0.004938 0.039275 0.032975
52 0.004915 0.039071 0.035357
53 0.004894 0.038889 0.035520
54 0.004879 0.038695 0.035957
55 0.004859 0.038429 0.035292
56 0.004826 0.038227 0.037332
57 0.004817 0.038170 0.033137
58 0.004798 0.037902 0.039623
59 0.004785 0.037779 0.036146
60 0.004769 0.037548 0.033965
61 0.004757 0.037477 0.038127
62 0.004746 0.037106 0.036186
63 0.004726 0.037099 0.032976
64 0.004714 0.036927 0.034529
65 0.004691 0.036715 0.034245
66 0.004686 0.036674 0.035681
67 0.004672 0.036567 0.040422
68 0.004656 0.036361 0.038152
69 0.004642 0.036330 0.038796
70 0.004643 0.036217 0.039498
71 0.004629 0.036085 0.038245
72 0.004619 0.035794 0.034511
73 0.004606 0.035666 0.033185
74 0.004602 0.035733 0.035109
75 0.004584 0.035381 0.034568
76 0.004575 0.035343 0.037014
77 0.004560 0.035275 0.034162
78 0.004552 0.035164 0.035764
79 0.004554 0.034939 0.037961
80 0.004539 0.034924 0.035502
81 0.004534 0.034877 0.036961
82 0.004530 0.034650 0.037351
83 0.004520 0.034775 0.036503
84 0.004512 0.034632 0.034394
85 0.004504 0.034414 0.038723
86 0.004496 0.034420 0.033281
87 0.004487 0.034356 0.035058
88 0.004493 0.034082 0.038445
89 0.004480 0.034082 0.037772
90 0.004471 0.033989 0.038101
91 0.004465 0.034009 0.038924
92 0.004455 0.033936 0.038904
93 0.004452 0.033821 0.034781
94 0.004448 0.033649 0.037048
95 0.004441 0.033612 0.038709
96 0.004433 0.033491 0.037892
97 0.004429 0.033495 0.039856
98 0.004425 0.033395 0.036821
99 0.004421 0.033301 0.036942
100 0.004404 0.033229 0.034588
101 0.004407 0.033168 0.034119
102 0.004400 0.033067 0.036686
103 0.004398 0.032985 0.036488
104 0.004392 0.032908 0.035736
105 0.004382 0.032832 0.036514
106 0.004380 0.032825 0.038184
107 0.004375 0.032809 0.034765
108 0.004375 0.032699 0.037745
109 0.004375 0.032597 0.038676
110 0.004368 0.032492 0.034300
111 0.004365 0.032573 0.038461
112 0.004355 0.032541 0.037755
113 0.004354 0.032402 0.038622
114 0.004350 0.032381 0.036303
115 0.004352 0.032229 0.037879
116 0.004342 0.032276 0.039804
117 0.004338 0.032309 0.037115
118 0.004339 0.032158 0.036629
119 0.004328 0.031963 0.037229
120 0.004318 0.032053 0.036468
121 0.004319 0.031988 0.041580
122 0.004322 0.031903 0.038821
123 0.004314 0.031967 0.040263
124 0.004304 0.031737 0.034937
125 0.004310 0.031763 0.037842
126 0.004304 0.031710 0.037846
127 0.004303 0.031703 0.037434
128 0.004296 0.031604 0.037826
129 0.004296 0.031564 0.037985
130 0.004299 0.031492 0.036806
131 0.004297 0.031397 0.038375
132 0.004295 0.031336 0.035411
133 0.004283 0.031370 0.037600
134 0.004286 0.031357 0.038524
135 0.004281 0.031285 0.038632
136 0.004272 0.031175 0.036159
137 0.004276 0.031085 0.037258
138 0.004271 0.031007 0.035858
139 0.004267 0.031043 0.036485
140 0.004253 0.031004 0.037768
141 0.004260 0.030986 0.040777
142 0.004257 0.030978 0.042397
143 0.004261 0.030874 0.038696
144 0.004258 0.030900 0.038089
145 0.004263 0.030785 0.035242
146 0.004252 0.030686 0.037310
147 0.004244 0.030687 0.037148
148 0.004247 0.030707 0.038504
149 0.004248 0.030662 0.041225
150 0.004235 0.030493 0.035949
151 0.004238 0.030617 0.037536
152 0.004229 0.030476 0.035971
153 0.004230 0.030423 0.036253
154 0.004231 0.030420 0.041048
155 0.004226 0.030416 0.036308
156 0.004218 0.030357 0.038139
157 0.004230 0.030215 0.038121
158 0.004221 0.030234 0.037111
159 0.004219 0.030255 0.040549
160 0.004225 0.030278 0.037008
161 0.004223 0.030027 0.036948
162 0.004219 0.030057 0.040179
163 0.004219 0.030175 0.036307
164 0.004216 0.030036 0.038199
165 0.004207 0.029944 0.037900
166 0.004210 0.029992 0.034020
167 0.004203 0.029875 0.035630
168 0.004200 0.029838 0.035370
169 0.004205 0.029837 0.037006
170 0.004199 0.029771 0.039432
171 0.004194 0.029831 0.037269
172 0.004189 0.029727 0.039976
173 0.004201 0.029710 0.035907
174 0.004186 0.029669 0.036009
175 0.004193 0.029747 0.037575
176 0.004183 0.029553 0.039245
177 0.004184 0.029668 0.036080
178 0.004184 0.029599 0.038363
179 0.004176 0.029559 0.035522
180 0.004175 0.029398 0.039797
181 0.004173 0.029475 0.039027
182 0.004171 0.029374 0.035710
183 0.004176 0.029276 0.037299
184 0.004172 0.029331 0.040544
185 0.004171 0.029337 0.039179
186 0.004170 0.029200 0.035475
187 0.004164 0.029350 0.039779
188 0.004166 0.029171 0.038132
189 0.004162 0.029070 0.036514
190 0.004166 0.029197 0.038489
191 0.004166 0.029107 0.039796
192 0.004152 0.029106 0.037271
193 0.004161 0.029131 0.040398
194 0.004151 0.029077 0.035745
195 0.004159 0.028949 0.036388
196 0.004151 0.028896 0.040070
197 0.004148 0.028948 0.035089
198 0.004147 0.028883 0.039091
199 0.004148 0.028851 0.035330
200 0.004149 0.028824 0.038086
201 0.004154 0.028781 0.035889
202 0.004140 0.028769 0.041415
203 0.004135 0.028641 0.036759
204 0.004143 0.028680 0.035643
205 0.004144 0.028610 0.038596
206 0.004140 0.028686 0.036069
207 0.004138 0.028587 0.037861
208 0.004137 0.028590 0.040168
209 0.004135 0.028476 0.039985
210 0.004129 0.028550 0.037668
211 0.004135 0.028473 0.039575
212 0.004132 0.028496 0.039815
213 0.004129 0.028394 0.038568
214 0.004131 0.028451 0.038226
215 0.004127 0.028373 0.038531
216 0.004128 0.028307 0.037177
217 0.004115 0.028335 0.036744
218 0.004122 0.028292 0.040857
219 0.004122 0.028172 0.037897
220 0.004119 0.028153 0.035271
221 0.004119 0.028210 0.036494
222 0.004116 0.028184 0.036608
223 0.004116 0.028175 0.037177
224 0.004114 0.028173 0.036895
225 0.004113 0.028019 0.041302
226 0.004108 0.028204 0.037509
227 0.004112 0.028029 0.040969
228 0.004104 0.028095 0.039422
229 0.004106 0.027885 0.039808
230 0.004106 0.028063 0.037958
231 0.004107 0.027958 0.038211
232 0.004101 0.027770 0.037666
233 0.004103 0.027874 0.035393
234 0.004111 0.027842 0.036459
235 0.004094 0.027861 0.038461
236 0.004096 0.027802 0.037506
237 0.004098 0.027692 0.035173
238 0.004093 0.027710 0.037405
239 0.004095 0.027697 0.038200
240 0.004099 0.027756 0.038747
241 0.004094 0.027604 0.038983
242 0.004095 0.027617 0.040039
243 0.004082 0.027824 0.035309
244 0.004085 0.027651 0.038410
245 0.004093 0.027471 0.039797
246 0.004096 0.027592 0.033120
247 0.004086 0.027636 0.037849
248 0.004090 0.027525 0.038362
249 0.004083 0.027594 0.034941
250 0.004087 0.027453 0.037123
251 0.004076 0.027490 0.040506
252 0.004086 0.027447 0.037654
253 0.004071 0.027325 0.037594
254 0.004073 0.027395 0.036641
255 0.004076 0.027413 0.039538
256 0.004079 0.027314 0.034628
257 0.004080 0.027317 0.036653
258 0.004073 0.027269 0.035296
259 0.004073 0.027227 0.040230
260 0.004071 0.027221 0.038393
261 0.004066 0.027235 0.039152
262 0.004070 0.027123 0.040902
263 0.004068 0.027196 0.038318
264 0.004063 0.027122 0.035003
265 0.004069 0.027051 0.036809
266 0.004069 0.027063 0.038982
267 0.004064 0.027130 0.034157
268 0.004064 0.027087 0.042783
269 0.004060 0.026936 0.037125
270 0.004067 0.026854 0.037999
271 0.004061 0.026920 0.033739
272 0.004063 0.026967 0.036792
273 0.004063 0.026886 0.039139
274 0.004062 0.026951 0.038710
275 0.004067 0.026886 0.037792
276 0.004061 0.026824 0.036568
277 0.004055 0.026857 0.038958
278 0.004049 0.026816 0.040057
279 0.004051 0.026834 0.038648
280 0.004052 0.026755 0.035419
281 0.004046 0.026831 0.038491
282 0.004051 0.026744 0.037304
283 0.004059 0.026755 0.039088
284 0.004050 0.026738 0.036132
285 0.004048 0.026684 0.040628
286 0.004044 0.026664 0.034515
287 0.004044 0.026569 0.038361
288 0.004050 0.026649 0.041803
289 0.004043 0.026730 0.040282
290 0.004046 0.026559 0.038676
291 0.004043 0.026560 0.039215
292 0.004042 0.026624 0.038641
293 0.004040 0.026475 0.037839
294 0.004042 0.026609 0.037556
295 0.004043 0.026440 0.036599
296 0.004036 0.026515 0.040800
297 0.004041 0.026459 0.041804
298 0.004043 0.026323 0.036753
299 0.004037 0.026373 0.036640
300 0.004039 0.026340 0.041505
301 0.004043 0.026391 0.036363
302 0.004034 0.026427 0.034799
303 0.004035 0.026339 0.036404
304 0.004038 0.026355 0.038100
305 0.004033 0.026193 0.036965
306 0.004032 0.026218 0.038224
307 0.004039 0.026297 0.037402
308 0.004035 0.026253 0.038566
309 0.004025 0.026248 0.038107
310 0.004033 0.026263 0.037743
311 0.004034 0.026181 0.039941
312 0.004038 0.026205 0.038897
313 0.004028 0.026275 0.037661
314 0.004017 0.026191 0.038875
315 0.004028 0.026128 0.036782
316 0.004034 0.026202 0.038658
317 0.004023 0.026151 0.036890
318 0.004022 0.026127 0.036790
319 0.004026 0.026108 0.039636
320 0.004027 0.025989 0.039330
321 0.004029 0.026104 0.036980
322 0.004023 0.026016 0.044821
323 0.004021 0.026029 0.033123
324 0.004013 0.025963 0.041305
325 0.004016 0.025918 0.042227
326 0.004019 0.025929 0.036768
327 0.004025 0.025904 0.039933
328 0.004014 0.025896 0.038198
329 0.004008 0.025908 0.037885
330 0.004006 0.025888 0.038667
331 0.004018 0.025827 0.038330
332 0.004010 0.025811 0.035665
333 0.004015 0.025834 0.038311
334 0.004010 0.025778 0.038864
335 0.004008 0.025918 0.037514
336 0.004007 0.025816 0.039467
337 0.004009 0.025780 0.040287
338 0.004011 0.025611 0.041503
339 0.004019 0.025768 0.037403
340 0.004012 0.025681 0.034218
341 0.004006 0.025814 0.039132
342 0.004005 0.025674 0.038968
343 0.004007 0.025583 0.036968
344 0.004006 0.025611 0.040427
345 0.003995 0.025687 0.042340
346 0.004007 0.025633 0.037998
347 0.003998 0.025657 0.040292
348 0.004000 0.025530 0.037316
349 0.004000 0.025612 0.038420
350 0.003998 0.025554 0.040574
351 0.004009 0.025554 0.037538
352 0.004003 0.025517 0.038292
353 0.004005 0.025424 0.037631
354 0.004009 0.025448 0.040362
355 0.003990 0.025602 0.037381
356 0.003996 0.025544 0.037404
357 0.003993 0.025358 0.040047
358 0.004004 0.025346 0.038329
359 0.003986 0.025450 0.037913
360 0.003991 0.025348 0.036563
361 0.003996 0.025429 0.039383
362 0.003997 0.025366 0.035193
363 0.003995 0.025327 0.038115
364 0.003993 0.025406 0.036375
365 0.003993 0.025321 0.039145
366 0.003987 0.025297 0.039901
367 0.003985 0.025230 0.038683
368 0.003990 0.025297 0.037615
369 0.003991 0.025218 0.036989
370 0.003996 0.025313 0.039433
371 0.003990 0.025175 0.037549
372 0.003987 0.025164 0.038532
373 0.003986 0.025197 0.038947
374 0.003990 0.025313 0.036908
375 0.003981 0.025125 0.040026
376 0.003979 0.025207 0.041107
377 0.003982 0.025121 0.036710
378 0.003983 0.025142 0.039650
379 0.003991 0.025094 0.039801
380 0.003992 0.025149 0.040238
381 0.003978 0.025048 0.041834
382 0.003985 0.025025 0.038951
383 0.003976 0.025157 0.038593
384 0.003984 0.025059 0.037149
385 0.003979 0.025016 0.034531
386 0.003980 0.024911 0.036075
387 0.003979 0.024976 0.040163
388 0.003982 0.025058 0.040340
389 0.003976 0.024968 0.040573
390 0.003974 0.025048 0.039819
391 0.003975 0.024898 0.038697
392 0.003976 0.024993 0.039139
393 0.003979 0.024895 0.039283
394 0.003976 0.024929 0.038395
395 0.003971 0.024945 0.039840
396 0.003975 0.024963 0.038537
397 0.003972 0.024934 0.041876
398 0.003973 0.024878 0.038673
399 0.003977 0.024854 0.039208
400 0.003973 0.024763 0.037666
401 0.003971 0.024760 0.043041
402 0.003971 0.024817 0.040963
403 0.003973 0.024753 0.039098
404 0.003967 0.024756 0.037222
405 0.003967 0.024693 0.039263
406 0.003969 0.024760 0.039246
407 0.003968 0.024811 0.039064
408 0.003966 0.024764 0.037257
409 0.003961 0.024621 0.038389
410 0.003968 0.024609 0.040394
411 0.003968 0.024612 0.035689
412 0.003972 0.024546 0.037381
413 0.003970 0.024563 0.038890
414 0.003961 0.024609 0.035667
415 0.003970 0.024593 0.039141
416 0.003970 0.024618 0.038282
417 0.003964 0.024551 0.040962
418 0.003965 0.024496 0.039719
419 0.003958 0.024529 0.041468
420 0.003969 0.024506 0.038425
421 0.003958 0.024498 0.037852
422 0.003957 0.024412 0.035143
423 0.003958 0.024505 0.037627
424 0.003959 0.024521 0.040791
425 0.003964 0.024541 0.037695
426 0.003960 0.024395 0.040977
427 0.003957 0.024397 0.035968
428 0.003958 0.024430 0.040513
429 0.003957 0.024398 0.040196
430 0.003958 0.024435 0.039839
431 0.003955 0.024390 0.040868
432 0.003955 0.024416 0.040543
433 0.003956 0.024446 0.040155
434 0.003952 0.024332 0.040579
435 0.003956 0.024316 0.036006
436 0.003957 0.024423 0.038159
437 0.003952 0.024298 0.037849
438 0.003952 0.024396 0.041360
439 0.003954 0.024247 0.038777
440 0.003939 0.024313 0.038234
441 0.003957 0.024251 0.038670
442 0.003954 0.024262 0.043234
443 0.003953 0.024319 0.038100
444 0.003958 0.024211 0.042193
445 0.003953 0.024229 0.038766
446 0.003949 0.024181 0.038965
447 0.003946 0.024257 0.039803
448 0.003949 0.024238 0.038258
449 0.003947 0.024205 0.043484
450 0.003945 0.024203 0.033975
451 0.003946 0.024112 0.039313
452 0.003953 0.024120 0.038809
453 0.003939 0.024157 0.037855
454 0.003946 0.024134 0.040073
455 0.003945 0.024043 0.038910
456 0.003943 0.024106 0.040841
457 0.003947 0.024062 0.043808
458 0.003944 0.024079 0.037314
459 0.003950 0.023994 0.040175
460 0.003943 0.024102 0.039424
461 0.003939 0.024115 0.040917
462 0.003940 0.024138 0.038281
463 0.003938 0.023971 0.037317
464 0.003937 0.024038 0.038341
465 0.003945 0.024065 0.039296
466 0.003946 0.023937 0.040614
467 0.003938 0.023915 0.038410
468 0.003939 0.024022 0.035397
469 0.003934 0.023925 0.039364
470 0.003937 0.023939 0.041058
471 0.003934 0.023857 0.037824
472 0.003933 0.023958 0.039983
473 0.003929 0.023994 0.038554
474 0.003932 0.023987 0.038999
475 0.003935 0.023862 0.040286
476 0.003933 0.023968 0.040607
477 0.003929 0.023785 0.037247
478 0.003935 0.023862 0.038001
479 0.003933 0.023854 0.037704
480 0.003932 0.023857 0.038516
481 0.003934 0.023795 0.039854
482 0.003928 0.023742 0.040102
483 0.003932 0.023711 0.041462
484 0.003934 0.023771 0.035387
485 0.003926 0.023749 0.039833
486 0.003928 0.023766 0.039171
487 0.003926 0.023716 0.038607
488 0.003926 0.023761 0.037922
489 0.003929 0.023739 0.037753
490 0.003928 0.023665 0.037358
491 0.003924 0.023658 0.034697
492 0.003931 0.023691 0.038053
493 0.003931 0.023692 0.040479
494 0.003931 0.023699 0.037556
495 0.003928 0.023750 0.040894
496 0.003932 0.023617 0.039923
497 0.003922 0.023705 0.036289
498 0.003923 0.023699 0.040255
499 0.003927 0.023680 0.039684
500 0.003925 0.023608 0.034634
