1 0.043387 0.074787 0.057565
2 0.013853 0.076075 0.045054
3 0.006696 0.072169 0.040693
4 0.004435 0.068697 0.039076
5 0.003405 0.065875 0.039077
6 0.002820 0.063578 0.040887
7 0.002434 0.061539 0.035016
8 0.002162 0.059764 0.035350
9 0.001961 0.058075 0.036813
10 0.001804 0.056467 0.035230
11 0.001678 0.055031 0.032543
12 0.001573 0.053692 0.038285
13 0.001484 0.052371 0.034215
14 0.001406 0.051188 0.036119
15 0.001341 0.050084 0.036527
16 0.001282 0.049067 0.036305
17 0.001232 0.048088 0.035839
18 0.001184 0.047210 0.036733
19 0.001144 0.046382 0.035749
20 0.001107 0.045583 0.036482
21 0.001075 0.044836 0.034713
22 0.001044 0.044218 0.035456
23 0.001018 0.043488 0.036766
24 0.000991 0.042874 0.035531
25 0.000969 0.042255 0.034115
26 0.000945 0.041686 0.035083
27 0.000925 0.041155 0.032938
28 0.000907 0.040640 0.035267
29 0.000890 0.040096 0.036827
30 0.000872 0.039656 0.035953
31 0.000858 0.039221 0.034711
32 0.000843 0.038789 0.032881
33 0.000831 0.038391 0.034898
34 0.000818 0.037964 0.034832
35 0.000807 0.037576 0.035077
36 0.000795 0.037197 0.032729
37 0.000784 0.036862 0.033690
38 0.000774 0.036504 0.035820
39 0.000764 0.036160 0.035450
40 0.000756 0.035843 0.032791
41 0.000747 0.035547 0.033356
42 0.000739 0.035246 0.032331
43 0.000732 0.034977 0.035514
44 0.000724 0.034687 0.031522
45 0.000718 0.034409 0.034620
46 0.000711 0.034174 0.032900
47 0.000706 0.033917 0.033975
48 0.000699 0.033656 0.033191
49 0.000693 0.033425 0.032703
50 0.000689 0.033191 0.037220
51 0.000683 0.032973 0.033688
52 0.000678 0.032740 0.034944
53 0.000672 0.032532 0.033196
54 0.000669 0.032324 0.033394
55 0.000663 0.032140 0.036286
56 0.000659 0.031931 0.032199
57 0.000656 0.031738 0.032583
58 0.000651 0.031567 0.032391
59 0.000649 0.031404 0.032921
60 0.000645 0.031217 0.034834
61 0.000641 0.031054 0.035471
62 0.000638 0.030868 0.032367
63 0.000635 0.030720 0.035151
64 0.000632 0.030577 0.033534
65 0.000629 0.030441 0.034572
66 0.000626 0.030276 0.031382
67 0.000624 0.030131 0.032412
68 0.000622 0.029976 0.032568
69 0.000619 0.029849 0.035241
70 0.000616 0.029712 0.032219
71 0.000615 0.029578 0.031275
72 0.000612 0.029444 0.033989
73 0.000609 0.029340 0.034871
74 0.000608 0.029198 0.034494
75 0.000606 0.029090 0.034697
76 0.000603 0.028959 0.035505
77 0.000602 0.028832 0.031702
78 0.000600 0.028718 0.033848
79 0.000599 0.028626 0.032757
80 0.000597 0.028515 0.035285
81 0.000595 0.028410 0.036374
82 0.000593 0.028296 0.034132
83 0.000592 0.028188 0.033504
84 0.000591 0.028107 0.035644
85 0.000589 0.028004 0.036110
86 0.000588 0.027898 0.032252
87 0.000587 0.027803 0.033888
88 0.000585 0.027713 0.033865
89 0.000584 0.027612 0.033241
90 0.000582 0.027526 0.033008
91 0.000581 0.027432 0.035099
92 0.000580 0.027346 0.033069
93 0.000579 0.027267 0.034521
94 0.000578 0.027171 0.033133
95 0.000577 0.027094 0.033250
96 0.000576 0.027014 0.034413
97 0.000575 0.026939 0.035626
98 0.000574 0.026861 0.030293
99 0.000572 0.026764 0.032752
100 0.000572 0.026691 0.032374
101 0.000571 0.026626 0.036770
102 0.000570 0.026557 0.032443
103 0.000569 0.026470 0.033922
104 0.000569 0.026416 0.034911
105 0.000568 0.026336 0.036092
106 0.000567 0.026258 0.031564
107 0.000566 0.026195 0.034642
108 0.000565 0.026130 0.033032
109 0.000564 0.026063 0.033173
110 0.000563 0.025985 0.031724
111 0.000563 0.025937 0.033611
112 0.000562 0.025865 0.035840
113 0.000561 0.025811 0.034993
114 0.000561 0.025746 0.033372
115 0.000560 0.025689 0.033899
116 0.000559 0.025625 0.033882
117 0.000559 0.025565 0.032430
118 0.000558 0.025501 0.032118
119 0.000557 0.025451 0.035960
120 0.000557 0.025390 0.035727
121 0.000557 0.025334 0.033650
122 0.000556 0.025291 0.034399
123 0.000555 0.025238 0.036065
124 0.000554 0.025172 0.035013
125 0.000554 0.025112 0.032953
126 0.000553 0.025065 0.032032
127 0.000553 0.025021 0.033350
128 0.000553 0.024968 0.033427
129 0.000552 0.024913 0.033594
130 0.000552 0.024849 0.034433
131 0.000551 0.024818 0.033971
132 0.000550 0.024753 0.032469
133 0.000550 0.024719 0.033755
134 0.000550 0.024674 0.033588
135 0.000549 0.024620 0.034184
136 0.000549 0.024578 0.034352
137 0.000548 0.024521 0.035100
138 0.000548 0.024485 0.034857
139 0.000548 0.024436 0.034543
140 0.000547 0.024395 0.032981
141 0.000546 0.024350 0.032832
142 0.000546 0.024305 0.034772
143 0.000546 0.024257 0.034758
144 0.000545 0.024219 0.034290
145 0.000545 0.024181 0.034259
146 0.000545 0.024133 0.031157
147 0.000544 0.024087 0.035575
148 0.000544 0.024041 0.032797
149 0.000544 0.024019 0.032870
150 0.000543 0.023958 0.033905
151 0.000543 0.023928 0.033036
152 0.000543 0.023897 0.032681
153 0.000542 0.023853 0.033152
154 0.000542 0.023827 0.034963
155 0.000541 0.023778 0.033941
156 0.000541 0.023746 0.034621
157 0.000541 0.023713 0.032249
158 0.000541 0.023661 0.032762
159 0.000540 0.023620 0.033611
160 0.000540 0.023599 0.034951
161 0.000540 0.023568 0.034687
162 0.000539 0.023516 0.033553
163 0.000539 0.023475 0.033484
164 0.000538 0.023450 0.032718
165 0.000537 0.023425 0.032699
166 0.000538 0.023391 0.034756
167 0.000538 0.023358 0.032632
168 0.000538 0.023323 0.033209
169 0.000537 0.023296 0.034716
170 0.000537 0.023259 0.033079
171 0.000536 0.023222 0.034639
172 0.000537 0.023196 0.032237
173 0.000536 0.023164 0.033477
174 0.000536 0.023132 0.034908
175 0.000535 0.023097 0.032930
176 0.000535 0.023061 0.035028
177 0.000535 0.023040 0.031874
178 0.000535 0.022997 0.037175
179 0.000534 0.022984 0.033204
180 0.000534 0.022955 0.030314
181 0.000534 0.022926 0.032081
182 0.000534 0.022908 0.034108
183 0.000534 0.022860 0.035395
184 0.000534 0.022832 0.034455
185 0.000533 0.022805 0.032727
186 0.000533 0.022762 0.034200
187 0.000533 0.022749 0.031279
188 0.000532 0.022725 0.034144
189 0.000533 0.022695 0.033343
190 0.000532 0.022668 0.033236
191 0.000532 0.022644 0.030353
192 0.000532 0.022613 0.031816
193 0.000531 0.022594 0.033441
194 0.000531 0.022567 0.030787
195 0.000531 0.022540 0.032161
196 0.000530 0.022509 0.033422
197 0.000530 0.022475 0.031927
198 0.000530 0.022455 0.035288
199 0.000531 0.022425 0.033405
200 0.000530 0.022412 0.031708
201 0.000530 0.022400 0.035658
202 0.000530 0.022365 0.035038
203 0.000529 0.022338 0.032944
204 0.000529 0.022308 0.032065
205 0.000529 0.022281 0.032700
206 0.000529 0.022262 0.035348
207 0.000529 0.022237 0.033415
208 0.000529 0.022225 0.033808
209 0.000528 0.022207 0.033536
210 0.000528 0.022171 0.031775
211 0.000528 0.022150 0.034206
212 0.000528 0.022131 0.033734
213 0.000528 0.022110 0.035366
214 0.000528 0.022086 0.033003
215 0.000527 0.022072 0.033096
216 0.000526 0.022041 0.033553
217 0.000527 0.022020 0.034916
218 0.000527 0.021995 0.032843
219 0.000527 0.021978 0.033056
220 0.000526 0.021944 0.033722
221 0.000526 0.021928 0.034921
222 0.000526 0.021911 0.034345
223 0.000526 0.021888 0.034699
224 0.000526 0.021881 0.034281
225 0.000526 0.021866 0.032705
226 0.000525 0.021826 0.033901
227 0.000525 0.021807 0.036539
228 0.000526 0.021786 0.033116
229 0.000525 0.021781 0.034285
230 0.000525 0.021740 0.034048
231 0.000524 0.021740 0.032964
232 0.000525 0.021716 0.033395
233 0.000524 0.021703 0.034744
234 0.000524 0.021665 0.031232
235 0.000525 0.021657 0.032339
236 0.000524 0.021642 0.034159
237 0.000524 0.021614 0.033973
238 0.000524 0.021606 0.035045
239 0.000524 0.021591 0.032283
240 0.000523 0.021577 0.035133
241 0.000524 0.021562 0.035179
242 0.000523 0.021532 0.032046
243 0.000523 0.021524 0.032553
244 0.000523 0.021494 0.035616
245 0.000523 0.021477 0.034763
246 0.000523 0.021465 0.035413
247 0.000523 0.021444 0.032252
248 0.000522 0.021439 0.032320
249 0.000523 0.021418 0.034010
250 0.000522 0.021398 0.033827
251 0.000522 0.021386 0.034527
252 0.000522 0.021366 0.033551
253 0.000523 0.021360 0.036917
254 0.000522 0.021338 0.034021
255 0.000521 0.021311 0.032672
256 0.000521 0.021289 0.034128
257 0.000521 0.021279 0.033561
258 0.000521 0.021272 0.034287
259 0.000522 0.021244 0.036213
260 0.000521 0.021247 0.035235
261 0.000521 0.021229 0.031903
262 0.000521 0.021196 0.033350
263 0.000521 0.021178 0.031904
264 0.000521 0.021181 0.033257
265 0.000521 0.021154 0.034988
266 0.000521 0.021138 0.031797
267 0.000521 0.021131 0.031786
268 0.000520 0.021112 0.034574
269 0.000520 0.021094 0.033252
270 0.000521 0.021077 0.030992
271 0.000521 0.021067 0.036041
272 0.000520 0.021056 0.034844
273 0.000520 0.021041 0.034570
274 0.000520 0.021030 0.034917
275 0.000520 0.021004 0.035063
276 0.000519 0.020998 0.035253
277 0.000519 0.020982 0.034619
278 0.000519 0.020956 0.031934
279 0.000519 0.020955 0.033304
280 0.000519 0.020948 0.034703
281 0.000519 0.020927 0.035625
282 0.000519 0.020914 0.034717
283 0.000518 0.020904 0.033401
284 0.000518 0.020877 0.033952
285 0.000519 0.020882 0.033436
286 0.000519 0.020874 0.034901
287 0.000518 0.020847 0.031016
288 0.000518 0.020843 0.034449
289 0.000518 0.020827 0.032251
290 0.000517 0.020798 0.032911
291 0.000518 0.020794 0.030882
292 0.000518 0.020778 0.032482
293 0.000517 0.020785 0.032254
294 0.000517 0.020750 0.036365
295 0.000518 0.020758 0.034191
296 0.000517 0.020729 0.032023
297 0.000518 0.020729 0.032209
298 0.000517 0.020709 0.033621
299 0.000517 0.020691 0.032155
300 0.000517 0.020686 0.034201
301 0.000518 0.020672 0.034368
302 0.000516 0.020655 0.030955
303 0.000517 0.020655 0.032799
304 0.000516 0.020626 0.033748
305 0.000516 0.020626 0.033508
306 0.000516 0.020615 0.035149
307 0.000516 0.020593 0.032237
308 0.000516 0.020589 0.035582
309 0.000516 0.020570 0.032286
310 0.000516 0.020558 0.033557
311 0.000516 0.020553 0.033363
312 0.000516 0.020534 0.033219
313 0.000515 0.020525 0.033451
314 0.000515 0.020524 0.032827
315 0.000516 0.020509 0.033799
316 0.000515 0.020509 0.033697
317 0.000515 0.020478 0.033299
318 0.000516 0.020478 0.034355
319 0.000515 0.020448 0.031770
320 0.000515 0.020450 0.036697
321 0.000515 0.020446 0.034818
322 0.000515 0.020430 0.033063
323 0.000515 0.020421 0.033728
324 0.000515 0.020409 0.031917
325 0.000515 0.020395 0.034440
326 0.000515 0.020378 0.033143
327 0.000515 0.020374 0.033668
328 0.000515 0.020358 0.037074
329 0.000514 0.020351 0.032954
330 0.000515 0.020359 0.032804
331 0.000514 0.020332 0.034702
332 0.000515 0.020307 0.032649
333 0.000514 0.020306 0.036599
334 0.000514 0.020295 0.033670
335 0.000513 0.020281 0.035208
336 0.000514 0.020278 0.032330
337 0.000514 0.020266 0.034235
338 0.000513 0.020261 0.033430
339 0.000513 0.020255 0.031334
340 0.000513 0.020241 0.030617
341 0.000513 0.020237 0.036267
342 0.000512 0.020221 0.034334
343 0.000513 0.020217 0.035348
344 0.000513 0.020197 0.034372
345 0.000513 0.020192 0.032157
346 0.000513 0.020187 0.033434
347 0.000513 0.020182 0.035412
348 0.000513 0.020162 0.032078
349 0.000513 0.020151 0.033335
350 0.000512 0.020143 0.032767
351 0.000512 0.020133 0.034980
352 0.000513 0.020121 0.035072
353 0.000512 0.020121 0.033777
354 0.000512 0.020100 0.035148
355 0.000512 0.020097 0.032566
356 0.000512 0.020098 0.035229
357 0.000512 0.020081 0.032570
358 0.000511 0.020072 0.033665
359 0.000512 0.020049 0.033552
360 0.000512 0.020053 0.033735
361 0.000512 0.020053 0.032297
362 0.000511 0.020027 0.034571
363 0.000511 0.020026 0.034703
364 0.000512 0.020010 0.030496
365 0.000511 0.020017 0.032762
366 0.000511 0.020001 0.034410
367 0.000511 0.019999 0.034941
368 0.000511 0.020000 0.035235
369 0.000510 0.019972 0.033228
370 0.000511 0.019955 0.033932
371 0.000511 0.019965 0.034672
372 0.000511 0.019957 0.033990
373 0.000511 0.019940 0.035632
374 0.000510 0.019931 0.033376
375 0.000510 0.019924 0.035866
376 0.000510 0.019921 0.033809
377 0.000511 0.019897 0.033704
378 0.000510 0.019885 0.034103
379 0.000510 0.019890 0.032075
380 0.000509 0.019887 0.032175
381 0.000510 0.019873 0.034313
382 0.000510 0.019863 0.034327
383 0.000509 0.019864 0.032813
384 0.000509 0.019845 0.033647
385 0.000509 0.019842 0.032794
386 0.000509 0.019833 0.032506
387 0.000509 0.019833 0.033885
388 0.000509 0.019814 0.032731
389 0.000509 0.019815 0.032312
390 0.000509 0.019806 0.034758
391 0.000509 0.019792 0.034124
392 0.000509 0.019786 0.033182
393 0.000508 0.019765 0.036884
394 0.000508 0.019772 0.035225
395 0.000509 0.019769 0.032869
396 0.000508 0.019768 0.034647
397 0.000508 0.019745 0.034309
398 0.000508 0.019737 0.032268
399 0.000508 0.019747 0.035618
400 0.000508 0.019715 0.032806
401 0.000508 0.019717 0.034272
402 0.000507 0.019708 0.034517
403 0.000508 0.019707 0.032142
404 0.000508 0.019699 0.032438
405 0.000506 0.019677 0.036512
406 0.000508 0.019686 0.031709
407 0.000507 0.019682 0.033155
408 0.000507 0.019669 0.031864
409 0.000508 0.019671 0.034686
410 0.000506 0.019659 0.035811
411 0.000506 0.019645 0.031660
412 0.000506 0.019638 0.031635
413 0.000507 0.019643 0.031856
414 0.000507 0.019629 0.033963
415 0.000507 0.019616 0.035071
416 0.000507 0.019611 0.033356
417 0.000507 0.019604 0.035150
418 0.000506 0.019596 0.033913
419 0.000506 0.019597 0.032844
420 0.000506 0.019583 0.031745
421 0.000505 0.019569 0.033438
422 0.000506 0.019566 0.033308
423 0.000506 0.019552 0.031819
424 0.000505 0.019562 0.036170
425 0.000505 0.019557 0.033379
426 0.000505 0.019546 0.031370
427 0.000505 0.019542 0.031531
428 0.000505 0.019521 0.034329
429 0.000505 0.019527 0.034563
430 0.000506 0.019528 0.036398
431 0.000505 0.019515 0.031188
432 0.000505 0.019509 0.032956
433 0.000505 0.019501 0.034132
434 0.000504 0.019493 0.034560
435 0.000505 0.019490 0.034188
436 0.000504 0.019478 0.034693
437 0.000504 0.019475 0.037328
438 0.000504 0.019472 0.036987
439 0.000504 0.019459 0.034703
440 0.000504 0.019465 0.033660
441 0.000505 0.019470 0.031792
442 0.000504 0.019447 0.035369
443 0.000504 0.019443 0.033940
444 0.000504 0.019432 0.038913
445 0.000504 0.019427 0.034754
446 0.000504 0.019418 0.035163
447 0.000503 0.019418 0.030286
448 0.000503 0.019415 0.031521
449 0.000503 0.019404 0.033093
450 0.000503 0.019392 0.031227
451 0.000503 0.019391 0.030407
452 0.000504 0.019381 0.034122
453 0.000503 0.019379 0.031371
454 0.000503 0.019377 0.033834
455 0.000503 0.019364 0.033323
456 0.000502 0.019354 0.033420
457 0.000502 0.019347 0.036539
458 0.000502 0.019363 0.033422
459 0.000502 0.019343 0.034756
460 0.000503 0.019329 0.034474
461 0.000502 0.019330 0.033370
462 0.000502 0.019323 0.033778
463 0.000503 0.019316 0.034526
464 0.000502 0.019304 0.033107
465 0.000502 0.019304 0.032199
466 0.000502 0.019296 0.034093
467 0.000502 0.019290 0.032119
468 0.000501 0.019299 0.034464
469 0.000502 0.019287 0.035169
470 0.000502 0.019279 0.032845
471 0.000502 0.019270 0.034263
472 0.000502 0.019268 0.036120
473 0.000501 0.019263 0.034427
474 0.000501 0.019257 0.032794
475 0.000501 0.019245 0.034265
476 0.000501 0.019250 0.032628
477 0.000502 0.019253 0.034147
478 0.000501 0.019226 0.032210
479 0.000501 0.019229 0.036307
480 0.000501 0.019229 0.032048
481 0.000501 0.019219 0.032189
482 0.000501 0.019208 0.034010
483 0.000501 0.019210 0.032953
484 0.000501 0.019214 0.033344
485 0.000500 0.019199 0.033543
486 0.000501 0.019196 0.030032
487 0.000500 0.019193 0.033685
488 0.000501 0.019192 0.035065
489 0.000501 0.019182 0.032056
490 0.000500 0.019184 0.033128
491 0.000500 0.019174 0.034844
492 0.000501 0.019176 0.035506
493 0.000500 0.019156 0.036100
494 0.000500 0.019154 0.033866
495 0.000500 0.019145 0.034995
496 0.000500 0.019153 0.031943
497 0.000501 0.019151 0.034976
498 0.000499 0.019132 0.034182
499 0.000500 0.019139 0.031294
500 0.000500 0.019117 0.035765
