1 0.076213 0.095187 0.065897
2 0.044348 0.114054 0.062637
3 0.032208 0.089110 0.052382
4 0.026505 0.074942 0.045974
5 0.023128 0.065820 0.042752
6 0.020724 0.059865 0.040591
7 0.018921 0.055792 0.039903
8 0.017576 0.052976 0.038989
9 0.016576 0.050788 0.040157
10 0.015817 0.048887 0.037526
11 0.015223 0.047222 0.037692
12 0.014747 0.045743 0.036930
13 0.014346 0.047417 0.037880
14 0.013996 0.047721 0.037403
15 0.013701 0.045513 0.034658
16 0.013453 0.042629 0.037739
17 0.013216 0.041952 0.035701
18 0.013009 0.041831 0.033475
19 0.012815 0.044836 0.034631
20 0.012661 0.046775 0.034712
21 0.012504 0.044570 0.033870
22 0.012353 0.041798 0.033453
23 0.012205 0.041377 0.035866
24 0.012082 0.044039 0.032622
25 0.011938 0.046795 0.036038
26 0.011801 0.043927 0.033933
27 0.011677 0.042314 0.037095
28 0.011545 0.042645 0.034317
29 0.011415 0.041154 0.035289
30 0.011309 0.039875 0.032031
31 0.011235 0.039471 0.031742
32 0.011148 0.039356 0.033840
33 0.011073 0.039416 0.034371
34 0.011019 0.039468 0.036408
35 0.010965 0.039597 0.033917
36 0.010908 0.039802 0.033652
37 0.010853 0.039237 0.036364
38 0.010813 0.038081 0.038200
39 0.010762 0.037527 0.032943
40 0.010708 0.037052 0.033881
41 0.010694 0.036644 0.037495
42 0.010641 0.036292 0.036639
43 0.010597 0.036000 0.035093
44 0.010569 0.035665 0.034394
45 0.010545 0.035264 0.033940
46 0.010510 0.034888 0.035036
47 0.010483 0.034650 0.032540
48 0.010472 0.034337 0.035592
49 0.010457 0.034021 0.033959
50 0.010424 0.033713 0.032277
51 0.010405 0.033443 0.032289
52 0.010385 0.033166 0.033354
53 0.010358 0.032889 0.033525
54 0.010344 0.032643 0.032957
55 0.010324 0.032374 0.033722
56 0.010311 0.032090 0.033497
57 0.010285 0.031888 0.035728
58 0.010264 0.031659 0.035407
59 0.010256 0.031480 0.035229
60 0.010241 0.031226 0.035139
61 0.010230 0.031038 0.035035
62 0.010225 0.030808 0.032767
63 0.010199 0.030628 0.034723
64 0.010212 0.030422 0.031707
65 0.010183 0.030218 0.032652
66 0.010163 0.030045 0.035512
67 0.010167 0.029862 0.034369
68 0.010161 0.029689 0.033600
69 0.010154 0.029504 0.034357
70 0.010118 0.029412 0.035523
71 0.010106 0.029211 0.032302
72 0.010097 0.029117 0.035274
73 0.010098 0.029235 0.032560
74 0.010104 0.029237 0.034507
75 0.010075 0.029317 0.037049
76 0.010067 0.029234 0.032206
77 0.010056 0.029106 0.035465
78 0.010051 0.028996 0.035008
79 0.010035 0.028987 0.033275
80 0.010022 0.028849 0.033742
81 0.010004 0.028704 0.032418
82 0.009997 0.028697 0.035966
83 0.009983 0.028801 0.032377
84 0.009965 0.028819 0.032771
85 0.009958 0.028978 0.035152
86 0.009959 0.029394 0.034754
87 0.009944 0.029122 0.034204
88 0.009907 0.028703 0.032505
89 0.009898 0.028566 0.035600
90 0.009875 0.028537 0.035853
91 0.009868 0.028511 0.034194
92 0.009848 0.028445 0.035378
93 0.009852 0.028258 0.034953
94 0.009838 0.028182 0.033771
95 0.009834 0.028090 0.035068
96 0.009820 0.027991 0.032167
97 0.009811 0.027844 0.033129
98 0.009800 0.027735 0.033174
99 0.009793 0.027632 0.036550
100 0.009779 0.027573 0.032451
101 0.009783 0.027431 0.033999
102 0.009774 0.027338 0.036140
103 0.009763 0.027237 0.033301
104 0.009768 0.027151 0.032489
105 0.009765 0.027033 0.035887
106 0.009751 0.026998 0.034574
107 0.009754 0.026823 0.033311
108 0.009748 0.026788 0.033141
109 0.009745 0.026694 0.033365
110 0.009723 0.026573 0.036193
111 0.009736 0.026492 0.034692
112 0.009724 0.026422 0.033835
113 0.009729 0.026270 0.033774
114 0.009725 0.026199 0.033492
115 0.009714 0.026122 0.035718
116 0.009713 0.026039 0.035993
117 0.009707 0.025962 0.033728
118 0.009703 0.025949 0.035843
119 0.009698 0.025781 0.035457
120 0.009697 0.025720 0.035209
121 0.009684 0.025622 0.033102
122 0.009685 0.025557 0.035162
123 0.009660 0.025489 0.036339
124 0.009660 0.025418 0.037311
125 0.009672 0.025328 0.034653
126 0.009663 0.025295 0.037231
127 0.009667 0.025168 0.034471
128 0.009646 0.025090 0.035347
129 0.009655 0.025032 0.031177
130 0.009653 0.025033 0.032066
131 0.009638 0.024936 0.034316
132 0.009637 0.024868 0.035675
133 0.009639 0.024794 0.034680
134 0.009634 0.024771 0.035202
135 0.009636 0.024606 0.035213
136 0.009623 0.024602 0.033552
137 0.009630 0.024568 0.035070
138 0.009627 0.024439 0.033991
139 0.009628 0.024422 0.035778
140 0.009620 0.024352 0.033578
141 0.009630 0.024303 0.034743
142 0.009596 0.024237 0.031042
143 0.009625 0.024146 0.035529
144 0.009616 0.024106 0.032749
145 0.009605 0.024069 0.036078
146 0.009610 0.024043 0.033292
147 0.009602 0.024040 0.038083
148 0.009592 0.024090 0.034897
149 0.009580 0.024301 0.036577
150 0.009586 0.024438 0.034209
151 0.009581 0.024885 0.035792
152 0.009582 0.024801 0.035150
153 0.009562 0.024372 0.034573
154 0.009559 0.024244 0.036258
155 0.009552 0.024212 0.035366
156 0.009546 0.024148 0.033452
157 0.009549 0.024158 0.035831
158 0.009537 0.024148 0.033475
159 0.009551 0.024058 0.033881
160 0.009525 0.024225 0.033236
161 0.009538 0.024260 0.033023
162 0.009532 0.024389 0.035458
163 0.009507 0.024390 0.032061
164 0.009517 0.024392 0.036132
165 0.009511 0.024390 0.035305
166 0.009483 0.024365 0.034112
167 0.009480 0.024440 0.032383
168 0.009480 0.024332 0.032415
169 0.009484 0.024315 0.030656
170 0.009474 0.024323 0.034545
171 0.009474 0.024286 0.037169
172 0.009462 0.024296 0.033635
173 0.009448 0.024222 0.035619
174 0.009445 0.024207 0.035642
175 0.009454 0.024194 0.034973
176 0.009452 0.024147 0.036132
177 0.009439 0.024143 0.032374
178 0.009426 0.024164 0.035143
179 0.009454 0.024212 0.034438
180 0.009428 0.024225 0.034152
181 0.009415 0.024252 0.037119
182 0.009428 0.024267 0.033307
183 0.009411 0.024278 0.032161
184 0.009408 0.024300 0.033710
185 0.009392 0.024426 0.037525
186 0.009395 0.024337 0.034979
187 0.009396 0.024372 0.034539
188 0.009397 0.024400 0.035036
189 0.009395 0.024417 0.034641
190 0.009377 0.024404 0.032732
191 0.009379 0.024338 0.033961
192 0.009372 0.024363 0.036150
193 0.009366 0.024284 0.033147
194 0.009365 0.024261 0.034568
195 0.009367 0.024184 0.036853
196 0.009354 0.024153 0.035988
197 0.009337 0.024163 0.035783
198 0.009348 0.024116 0.035745
199 0.009348 0.024121 0.037451
200 0.009336 0.024048 0.036520
201 0.009334 0.023958 0.034842
202 0.009335 0.023974 0.036839
203 0.009322 0.023886 0.029860
204 0.009330 0.023870 0.035945
205 0.009304 0.023832 0.034232
206 0.009315 0.023797 0.035786
207 0.009299 0.023829 0.037955
208 0.009307 0.023736 0.034626
209 0.009294 0.023744 0.034788
210 0.009293 0.023638 0.036011
211 0.009278 0.023614 0.035145
212 0.009292 0.023609 0.034668
213 0.009292 0.023606 0.037971
214 0.009284 0.023552 0.034036
215 0.009285 0.023557 0.034333
216 0.009286 0.023546 0.034079
217 0.009280 0.023468 0.034201
218 0.009274 0.023541 0.036493
219 0.009269 0.023537 0.035409
220 0.009250 0.023536 0.035221
221 0.009256 0.023483 0.034333
222 0.009256 0.023525 0.036021
223 0.009244 0.023439 0.032449
224 0.009245 0.023384 0.035227
225 0.009258 0.023370 0.033493
226 0.009261 0.023426 0.031968
227 0.009243 0.023382 0.034505
228 0.009248 0.023337 0.034722
229 0.009241 0.023287 0.033190
230 0.009242 0.023318 0.032968
231 0.009243 0.023181 0.033784
232 0.009246 0.023277 0.032284
233 0.009237 0.023189 0.035402
234 0.009238 0.023218 0.034009
235 0.009212 0.023159 0.037927
236 0.009231 0.023088 0.033314
237 0.009235 0.023111 0.034879
238 0.009210 0.023026 0.031991
239 0.009217 0.022987 0.033789
240 0.009220 0.023038 0.034494
241 0.009210 0.023007 0.036272
242 0.009202 0.022934 0.037611
243 0.009215 0.022914 0.035465
244 0.009220 0.022928 0.036323
245 0.009196 0.022831 0.037313
246 0.009215 0.022837 0.035156
247 0.009197 0.022751 0.034763
248 0.009208 0.022767 0.035173
249 0.009197 0.022784 0.036715
250 0.009206 0.022713 0.037059
251 0.009209 0.022666 0.034847
252 0.009191 0.022663 0.036279
253 0.009210 0.022641 0.034674
254 0.009201 0.022546 0.032839
255 0.009191 0.022578 0.034869
256 0.009179 0.022548 0.035575
257 0.009176 0.022494 0.036214
258 0.009197 0.022479 0.032223
259 0.009184 0.022463 0.033700
260 0.009179 0.022419 0.036456
261 0.009174 0.022360 0.035487
262 0.009178 0.022389 0.034806
263 0.009174 0.022333 0.034320
264 0.009178 0.022293 0.034531
265 0.009177 0.022352 0.034620
266 0.009180 0.022283 0.036081
267 0.009177 0.022215 0.033925
268 0.009166 0.022219 0.033458
269 0.009183 0.022171 0.032521
270 0.009177 0.022196 0.035537
271 0.009165 0.022201 0.036923
272 0.009164 0.022160 0.033804
273 0.009158 0.022145 0.037295
274 0.009170 0.022097 0.034618
275 0.009170 0.022122 0.030831
276 0.009167 0.022030 0.034495
277 0.009169 0.022071 0.034625
278 0.009145 0.022040 0.033448
279 0.009164 0.022031 0.036869
280 0.009137 0.022017 0.035247
281 0.009155 0.021945 0.035743
282 0.009156 0.021927 0.035901
283 0.009151 0.021881 0.033376
284 0.009137 0.021931 0.037248
285 0.009149 0.021912 0.033541
286 0.009156 0.021846 0.036417
287 0.009158 0.021863 0.031468
288 0.009136 0.021766 0.036592
289 0.009140 0.021719 0.033906
290 0.009147 0.021760 0.032176
291 0.009132 0.021739 0.035260
292 0.009138 0.021717 0.034627
293 0.009142 0.021760 0.031325
294 0.009133 0.021701 0.035582
295 0.009139 0.021699 0.036565
296 0.009137 0.021636 0.033751
297 0.009129 0.021641 0.033798
298 0.009139 0.021647 0.034305
299 0.009121 0.021597 0.034742
300 0.009141 0.021557 0.033653
301 0.009133 0.021558 0.033000
302 0.009139 0.021604 0.035287
303 0.009136 0.021580 0.036594
304 0.009129 0.021654 0.037708
305 0.009139 0.021774 0.037082
306 0.009116 0.022176 0.036034
307 0.009104 0.022747 0.033795
308 0.009096 0.022793 0.033731
309 0.009091 0.021986 0.037244
310 0.009096 0.021806 0.034285
311 0.009096 0.021831 0.035320
312 0.009094 0.021846 0.035512
313 0.009085 0.021813 0.036576
314 0.009072 0.021727 0.032016
315 0.009083 0.021729 0.033828
316 0.009068 0.021688 0.035590
317 0.009067 0.021731 0.033129
318 0.009068 0.021708 0.033297
319 0.009061 0.021707 0.034408
320 0.009065 0.021695 0.034137
321 0.009066 0.021690 0.036402
322 0.009069 0.021674 0.034474
323 0.009057 0.021563 0.036379
324 0.009053 0.021606 0.033474
325 0.009060 0.021656 0.038031
326 0.009058 0.021635 0.034810
327 0.009055 0.021607 0.037121
328 0.009063 0.021568 0.037044
329 0.009054 0.021504 0.035946
330 0.009061 0.021537 0.035701
331 0.009051 0.021450 0.032958
332 0.009034 0.021500 0.037414
333 0.009051 0.021468 0.034509
334 0.009055 0.021469 0.034857
335 0.009057 0.021458 0.033398
336 0.009051 0.021432 0.035669
337 0.009052 0.021374 0.033649
338 0.009048 0.021376 0.035486
339 0.009050 0.021336 0.036900
340 0.009040 0.021346 0.034939
341 0.009053 0.021356 0.034810
342 0.009036 0.021318 0.036715
343 0.009048 0.021347 0.033920
344 0.009018 0.021255 0.034886
345 0.009044 0.021233 0.034991
346 0.009033 0.021272 0.036947
347 0.009039 0.021240 0.034936
348 0.009039 0.021181 0.032109
349 0.009024 0.021172 0.034590
350 0.009039 0.021210 0.034603
351 0.009031 0.021171 0.034832
352 0.009031 0.021173 0.033771
353 0.009035 0.021205 0.036666
354 0.009039 0.021119 0.036544
355 0.009040 0.021063 0.034139
356 0.009025 0.021100 0.033809
357 0.009015 0.021101 0.037564
358 0.009030 0.021125 0.032434
359 0.009037 0.021042 0.036286
360 0.009010 0.021050 0.034833
361 0.009019 0.021048 0.035179
362 0.009008 0.020993 0.034589
363 0.009030 0.021002 0.035543
364 0.009023 0.021014 0.034761
365 0.009012 0.021014 0.036826
366 0.009021 0.020989 0.036550
367 0.009009 0.020977 0.033530
368 0.009022 0.021002 0.037233
369 0.009010 0.020918 0.034172
370 0.009001 0.020882 0.036290
371 0.009021 0.020895 0.037067
372 0.009019 0.020881 0.034491
373 0.009011 0.020899 0.036154
374 0.009040 0.020859 0.035512
375 0.009025 0.020887 0.035936
376 0.009023 0.020853 0.033832
377 0.009003 0.020923 0.035924
378 0.009009 0.020814 0.035029
379 0.009003 0.020845 0.033429
380 0.008996 0.020800 0.037152
381 0.009007 0.020765 0.034928
382 0.009000 0.020745 0.036979
383 0.008999 0.020733 0.033392
384 0.009007 0.020734 0.036223
385 0.009000 0.020699 0.034490
386 0.009003 0.020709 0.033069
387 0.008989 0.020699 0.033779
388 0.008995 0.020757 0.036727
389 0.008995 0.020674 0.035220
390 0.009000 0.020643 0.035897
391 0.008992 0.020694 0.033991
392 0.009008 0.020629 0.035581
393 0.009000 0.020620 0.036786
394 0.008998 0.020618 0.036097
395 0.009000 0.020613 0.033555
396 0.008996 0.020603 0.034780
397 0.009001 0.020538 0.035278
398 0.008990 0.020568 0.034395
399 0.008999 0.020550 0.040891
400 0.008983 0.020525 0.033899
401 0.008991 0.020498 0.034027
402 0.008979 0.020564 0.035286
403 0.008975 0.020556 0.035783
404 0.008992 0.020491 0.033584
405 0.008995 0.020520 0.032894
406 0.008987 0.020492 0.034541
407 0.008987 0.020517 0.033583
408 0.008986 0.020479 0.037614
409 0.008974 0.020493 0.037714
410 0.008990 0.020429 0.035149
411 0.008996 0.020432 0.034747
412 0.008979 0.020419 0.034114
413 0.008978 0.020420 0.038631
414 0.008973 0.020430 0.035889
415 0.008971 0.020356 0.032155
416 0.008969 0.020332 0.035029
417 0.008981 0.020366 0.034499
418 0.008973 0.020353 0.035326
419 0.008979 0.020333 0.035411
420 0.008985 0.020335 0.035195
421 0.008970 0.020324 0.036566
422 0.008981 0.020284 0.034865
423 0.008968 0.020320 0.033030
424 0.008961 0.020304 0.035729
425 0.008981 0.020285 0.037264
426 0.008970 0.020270 0.034841
427 0.008974 0.020224 0.036118
428 0.008966 0.020253 0.035038
429 0.008955 0.020241 0.035652
430 0.008974 0.020238 0.035535
431 0.008965 0.020216 0.034910
432 0.008965 0.020192 0.034371
433 0.008964 0.020208 0.036065
434 0.008972 0.020204 0.036689
435 0.008962 0.020181 0.036655
436 0.008967 0.020129 0.031312
437 0.008950 0.020157 0.033422
438 0.008955 0.020144 0.032052
439 0.008968 0.020152 0.036050
440 0.008957 0.020127 0.034773
441 0.008955 0.020120 0.036496
442 0.008968 0.020138 0.036028
443 0.008962 0.020118 0.035690
444 0.008946 0.020129 0.032905
445 0.008959 0.020121 0.035605
446 0.008954 0.020098 0.036089
447 0.008954 0.020075 0.036358
448 0.008950 0.020111 0.036536
449 0.008944 0.020155 0.032550
450 0.008949 0.020211 0.037010
451 0.008944 0.020327 0.038445
452 0.008942 0.020333 0.034040
453 0.008932 0.020555 0.033698
454 0.008930 0.020459 0.036937
455 0.008923 0.020245 0.036851
456 0.008924 0.020287 0.038534
457 0.008937 0.020298 0.033913
458 0.008930 0.020231 0.034440
459 0.008913 0.020216 0.033507
460 0.008922 0.020281 0.032662
461 0.008928 0.020202 0.032513
462 0.008913 0.020193 0.036037
463 0.008916 0.020168 0.036443
464 0.008919 0.020200 0.031266
465 0.008906 0.020185 0.035342
466 0.008922 0.020175 0.035072
467 0.008900 0.020179 0.034827
468 0.008906 0.020130 0.033279
469 0.008908 0.020117 0.034088
470 0.008912 0.020154 0.034879
471 0.008901 0.020142 0.037334
472 0.008901 0.020120 0.036013
473 0.008898 0.020050 0.038171
474 0.008898 0.020098 0.036950
475 0.008912 0.020120 0.036158
476 0.008897 0.020110 0.033122
477 0.008893 0.020094 0.035258
478 0.008889 0.020110 0.035640
479 0.008887 0.020138 0.034602
480 0.008894 0.020114 0.036225
481 0.008905 0.020136 0.034576
482 0.008897 0.020041 0.036556
483 0.008880 0.020130 0.036806
484 0.008896 0.020027 0.034404
485 0.008889 0.020023 0.036279
486 0.008894 0.020065 0.035807
487 0.008892 0.020019 0.037768
488 0.008895 0.020006 0.037800
489 0.008889 0.020032 0.038656
490 0.008882 0.019987 0.034534
491 0.008875 0.020055 0.034532
492 0.008887 0.020005 0.033459
493 0.008892 0.019996 0.036232
494 0.008871 0.020039 0.034825
495 0.008879 0.019970 0.035356
496 0.008886 0.019956 0.037127
497 0.008875 0.019974 0.034230
498 0.008888 0.019992 0.034924
499 0.008877 0.019945 0.034381
500 0.008883 0.019949 0.038153
