1 0.087277 0.096449 0.068316
2 0.056078 0.095533 0.064366
3 0.044719 0.072844 0.059388
4 0.039233 0.062092 0.053851
5 0.035556 0.048693 0.048469
6 0.032888 0.040738 0.044540
7 0.030875 0.035102 0.043430
8 0.029330 0.030971 0.040009
9 0.028079 0.027921 0.038851
10 0.027027 0.025914 0.039431
11 0.026175 0.024263 0.037969
12 0.025453 0.023069 0.034700
13 0.024863 0.022057 0.035905
14 0.024397 0.021122 0.034001
15 0.024006 0.020313 0.035210
16 0.023659 0.019625 0.036525
17 0.023384 0.019063 0.035728
18 0.023138 0.018534 0.033772
19 0.022922 0.018137 0.036337
20 0.022745 0.017665 0.034027
21 0.022569 0.017295 0.034256
22 0.022430 0.016874 0.033727
23 0.022298 0.016582 0.034307
24 0.022170 0.016245 0.035642
25 0.022068 0.015997 0.034316
26 0.021958 0.015745 0.033907
27 0.021869 0.015427 0.033297
28 0.021785 0.016870 0.032531
29 0.021665 0.022957 0.029130
30 0.021515 0.027390 0.035806
31 0.021278 0.031030 0.033238
32 0.021057 0.028224 0.032493
33 0.020812 0.025287 0.033796
34 0.020607 0.021673 0.029686
35 0.020462 0.021234 0.033821
36 0.020299 0.028244 0.031902
37 0.020131 0.033816 0.035278
38 0.019911 0.036725 0.032959
39 0.019709 0.040024 0.034680
40 0.019411 0.045374 0.036125
41 0.019071 0.048207 0.033738
42 0.018724 0.051737 0.037956
43 0.018403 0.047341 0.034337
44 0.018079 0.046020 0.034453
45 0.017793 0.043910 0.033852
46 0.017550 0.044745 0.032910
47 0.017300 0.047836 0.035829
48 0.017049 0.050380 0.035815
49 0.016792 0.051288 0.036143
50 0.016568 0.051210 0.034627
51 0.016365 0.050338 0.035619
52 0.016170 0.047598 0.039070
53 0.015999 0.046639 0.035920
54 0.015825 0.048839 0.033699
55 0.015653 0.049073 0.039004
56 0.015506 0.047862 0.038190
57 0.015343 0.050769 0.036943
58 0.015197 0.050766 0.036570
59 0.015040 0.046773 0.036081
60 0.014913 0.043937 0.035761
61 0.014790 0.043115 0.039323
62 0.014694 0.042938 0.034631
63 0.014608 0.043647 0.034518
64 0.014534 0.045127 0.036780
65 0.014438 0.046771 0.035997
66 0.014368 0.046071 0.038330
67 0.014303 0.042551 0.035474
68 0.014221 0.040892 0.039012
69 0.014156 0.040336 0.035720
70 0.014098 0.039762 0.041377
71 0.014047 0.039314 0.038593
72 0.013993 0.038966 0.037487
73 0.013962 0.038396 0.040151
74 0.013905 0.037961 0.034709
75 0.013885 0.037469 0.038076
76 0.013848 0.037197 0.035247
77 0.013831 0.036736 0.039488
78 0.013802 0.036279 0.041427
79 0.013769 0.035886 0.038105
80 0.013748 0.035610 0.037961
81 0.013730 0.035215 0.037416
82 0.013700 0.034896 0.037285
83 0.013689 0.034636 0.039517
84 0.013661 0.034346 0.040532
85 0.013649 0.034114 0.038129
86 0.013618 0.033753 0.039546
87 0.013618 0.033533 0.039019
88 0.013591 0.033292 0.039027
89 0.013574 0.033093 0.038037
90 0.013576 0.032766 0.039540
91 0.013537 0.032620 0.039477
92 0.013544 0.032433 0.038197
93 0.013526 0.032141 0.041408
94 0.013522 0.031888 0.040498
95 0.013483 0.031786 0.037163
96 0.013485 0.031500 0.038029
97 0.013474 0.031403 0.036354
98 0.013467 0.031231 0.035916
99 0.013476 0.031085 0.041603
100 0.013443 0.030885 0.037776
101 0.013433 0.030671 0.040368
102 0.013423 0.030457 0.039060
103 0.013419 0.030441 0.037080
104 0.013404 0.030322 0.039905
105 0.013390 0.030149 0.039710
106 0.013394 0.029916 0.039475
107 0.013374 0.029825 0.037901
108 0.013369 0.029685 0.035938
109 0.013356 0.029661 0.039047
110 0.013349 0.029537 0.036593
111 0.013340 0.029378 0.041417
112 0.013329 0.029117 0.037229
113 0.013330 0.029058 0.040063
114 0.013320 0.028959 0.038080
115 0.013307 0.028887 0.041546
116 0.013295 0.028714 0.037249
117 0.013301 0.028620 0.034996
118 0.013298 0.028469 0.039820
119 0.013287 0.028405 0.038813
120 0.013274 0.028261 0.037405
121 0.013264 0.028210 0.037966
122 0.013254 0.028066 0.039431
123 0.013265 0.027981 0.036273
124 0.013251 0.027853 0.036298
125 0.013240 0.027802 0.037846
126 0.013235 0.027658 0.037395
127 0.013215 0.027618 0.040572
128 0.013225 0.027499 0.038514
129 0.013207 0.027397 0.038014
130 0.013213 0.027362 0.037700
131 0.013209 0.027284 0.038206
132 0.013194 0.027143 0.039412
133 0.013211 0.027051 0.038605
134 0.013195 0.026959 0.042499
135 0.013188 0.026941 0.035338
136 0.013189 0.026850 0.037203
137 0.013170 0.026716 0.040250
138 0.013174 0.026643 0.036858
139 0.013183 0.026523 0.038858
140 0.013165 0.026479 0.038140
141 0.013153 0.026439 0.041332
142 0.013142 0.026344 0.039402
143 0.013128 0.026280 0.040156
144 0.013136 0.026157 0.037614
145 0.013123 0.026093 0.041605
146 0.013119 0.026099 0.038815
147 0.013132 0.025989 0.037143
148 0.013126 0.025994 0.038195
149 0.013126 0.025797 0.037374
150 0.013121 0.025706 0.038266
151 0.013098 0.025685 0.039759
152 0.013112 0.025679 0.037335
153 0.013092 0.025551 0.036353
154 0.013087 0.025507 0.039060
155 0.013089 0.025466 0.039538
156 0.013084 0.025394 0.036354
157 0.013084 0.025351 0.040299
158 0.013073 0.025236 0.040161
159 0.013073 0.025237 0.039633
160 0.013065 0.025196 0.037424
161 0.013060 0.025107 0.040757
162 0.013060 0.025096 0.039777
163 0.013041 0.024941 0.037482
164 0.013055 0.024942 0.037090
165 0.013062 0.024860 0.037504
166 0.013048 0.024820 0.037379
167 0.013046 0.024782 0.038117
168 0.013042 0.024678 0.041682
169 0.013037 0.024603 0.036402
170 0.013036 0.024569 0.037023
171 0.013034 0.024513 0.039192
172 0.013018 0.024544 0.036797
173 0.013028 0.024477 0.036391
174 0.013024 0.024438 0.037968
175 0.013013 0.024345 0.040060
176 0.013016 0.024282 0.034296
177 0.013009 0.024294 0.041162
178 0.013003 0.024270 0.038956
179 0.013003 0.024116 0.039640
180 0.013009 0.024147 0.040392
181 0.012991 0.023955 0.034215
182 0.012995 0.024111 0.037654
183 0.012979 0.023942 0.039880
184 0.012999 0.023908 0.039325
185 0.012975 0.023878 0.040832
186 0.012968 0.023816 0.037083
187 0.012969 0.023829 0.040515
188 0.012984 0.023732 0.040722
189 0.012968 0.023729 0.038483
190 0.012969 0.023674 0.038695
191 0.012966 0.023636 0.039771
192 0.012971 0.023632 0.037156
193 0.012955 0.023537 0.040781
194 0.012955 0.023555 0.035265
195 0.012957 0.023499 0.036287
196 0.012944 0.023426 0.035340
197 0.012953 0.023355 0.038718
198 0.012951 0.023317 0.036566
199 0.012956 0.023278 0.039519
200 0.012938 0.023206 0.039975
201 0.012942 0.023243 0.038875
202 0.012935 0.023255 0.039601
203 0.012932 0.023139 0.037459
204 0.012917 0.023142 0.037247
205 0.012928 0.023137 0.038936
206 0.012923 0.023029 0.037006
207 0.012913 0.023019 0.038162
208 0.012910 0.022928 0.040891
209 0.012914 0.022949 0.039074
210 0.012914 0.022915 0.039063
211 0.012925 0.022788 0.037872
212 0.012914 0.022756 0.037632
213 0.012920 0.022739 0.036909
214 0.012906 0.022784 0.037727
215 0.012898 0.022725 0.038025
216 0.012898 0.022704 0.038504
217 0.012887 0.022649 0.039571
218 0.012894 0.022601 0.037968
219 0.012887 0.022551 0.034740
220 0.012888 0.022582 0.039086
221 0.012884 0.022558 0.039403
222 0.012889 0.022471 0.039236
223 0.012883 0.022417 0.037612
224 0.012872 0.022414 0.035369
225 0.012879 0.022382 0.035860
226 0.012874 0.022365 0.037684
227 0.012873 0.022317 0.037549
228 0.012864 0.022240 0.040845
229 0.012882 0.022227 0.039410
230 0.012873 0.022289 0.036993
231 0.012858 0.022204 0.039665
232 0.012865 0.022255 0.041157
233 0.012857 0.022222 0.038701
234 0.012849 0.022045 0.041324
235 0.012864 0.022132 0.038879
236 0.012834 0.022000 0.039348
237 0.012847 0.022053 0.038549
238 0.012846 0.021951 0.038438
239 0.012849 0.021930 0.034817
240 0.012852 0.021849 0.039202
241 0.012846 0.021909 0.035860
242 0.012844 0.021863 0.036675
243 0.012840 0.021841 0.038983
244 0.012833 0.021825 0.036642
245 0.012827 0.021777 0.036659
246 0.012820 0.021744 0.038645
247 0.012823 0.021770 0.039297
248 0.012833 0.021642 0.037973
249 0.012826 0.021626 0.038009
250 0.012821 0.021614 0.036999
251 0.012832 0.021622 0.037724
252 0.012812 0.021564 0.036224
253 0.012831 0.021526 0.039916
254 0.012813 0.021601 0.039870
255 0.012820 0.021482 0.038344
256 0.012824 0.021462 0.037669
257 0.012811 0.021454 0.035769
258 0.012799 0.021466 0.038024
259 0.012822 0.021450 0.038294
260 0.012807 0.021355 0.039020
261 0.012810 0.021344 0.036678
262 0.012791 0.021296 0.038530
263 0.012785 0.021316 0.038829
264 0.012807 0.021259 0.036778
265 0.012788 0.021215 0.038036
266 0.012789 0.021256 0.037304
267 0.012784 0.021173 0.039247
268 0.012785 0.021227 0.038663
269 0.012781 0.021119 0.038568
270 0.012784 0.021143 0.037165
271 0.012795 0.021091 0.034946
272 0.012771 0.021035 0.039013
273 0.012765 0.021056 0.035430
274 0.012781 0.021050 0.038783
275 0.012781 0.021030 0.039626
276 0.012774 0.021000 0.040069
277 0.012766 0.020941 0.035396
278 0.012771 0.020927 0.037941
279 0.012767 0.020872 0.036289
280 0.012761 0.020905 0.037029
281 0.012762 0.020894 0.038184
282 0.012761 0.020866 0.035382
283 0.012765 0.020816 0.037864
284 0.012750 0.020860 0.039023
285 0.012759 0.020790 0.039481
286 0.012751 0.020765 0.039467
287 0.012758 0.020766 0.037949
288 0.012754 0.020757 0.040257
289 0.012752 0.020747 0.039973
290 0.012740 0.020716 0.036878
291 0.012754 0.020606 0.037140
292 0.012742 0.020636 0.039497
293 0.012758 0.020696 0.036373
294 0.012749 0.020598 0.040875
295 0.012743 0.020624 0.035574
296 0.012744 0.020569 0.037747
297 0.012736 0.020588 0.038967
298 0.012736 0.020451 0.034078
299 0.012721 0.020470 0.038341
300 0.012725 0.020479 0.039961
301 0.012730 0.020380 0.039263
302 0.012737 0.020377 0.037740
303 0.012730 0.020442 0.040888
304 0.012714 0.020401 0.038783
305 0.012712 0.020440 0.039495
306 0.012720 0.020442 0.036505
307 0.012700 0.020355 0.040126
308 0.012718 0.020280 0.036919
309 0.012719 0.020286 0.040748
310 0.012714 0.020275 0.037629
311 0.012705 0.020251 0.039479
312 0.012714 0.020229 0.038304
313 0.012696 0.020277 0.035449
314 0.012705 0.020187 0.039097
315 0.012706 0.020215 0.036727
316 0.012702 0.020142 0.036284
317 0.012697 0.020171 0.037291
318 0.012693 0.020181 0.037271
319 0.012698 0.020047 0.036622
320 0.012691 0.020068 0.037660
321 0.012685 0.020006 0.039458
322 0.012699 0.019971 0.035898
323 0.012685 0.019993 0.037695
324 0.012683 0.020070 0.039079
325 0.012673 0.020053 0.041188
326 0.012673 0.019949 0.038982
327 0.012677 0.019914 0.039451
328 0.012678 0.019917 0.039912
329 0.012671 0.019935 0.038760
330 0.012673 0.019856 0.039445
331 0.012669 0.019799 0.040399
332 0.012665 0.019861 0.038457
333 0.012673 0.019815 0.035615
334 0.012671 0.019774 0.036892
335 0.012667 0.019745 0.037204
336 0.012664 0.019820 0.037408
337 0.012664 0.019776 0.039939
338 0.012659 0.019773 0.040355
339 0.012663 0.019709 0.040210
340 0.012648 0.019732 0.040296
341 0.012668 0.019746 0.038432
342 0.012653 0.019710 0.038482
343 0.012660 0.019652 0.037116
344 0.012653 0.019691 0.036974
345 0.012662 0.019652 0.038949
346 0.012661 0.019579 0.036090
347 0.012637 0.019579 0.039588
348 0.012639 0.019577 0.037622
349 0.012647 0.019562 0.037513
350 0.012645 0.019577 0.032995
351 0.012642 0.019574 0.036991
352 0.012651 0.019543 0.040435
353 0.012641 0.019556 0.040937
354 0.012626 0.019498 0.039281
355 0.012643 0.019477 0.038071
356 0.012647 0.019481 0.038796
357 0.012647 0.019395 0.037965
358 0.012625 0.019425 0.037062
359 0.012625 0.019349 0.035698
360 0.012636 0.019317 0.037962
361 0.012625 0.019437 0.037976
362 0.012624 0.019413 0.041256
363 0.012626 0.019367 0.036799
364 0.012626 0.019305 0.037377
365 0.012622 0.019362 0.039067
366 0.012631 0.019345 0.036547
367 0.012609 0.019294 0.039992
368 0.012632 0.019264 0.037847
369 0.012616 0.019233 0.038961
370 0.012623 0.019205 0.036265
371 0.012611 0.019234 0.035662
372 0.012619 0.019205 0.037142
373 0.012596 0.019206 0.039313
374 0.012611 0.019160 0.037571
375 0.012603 0.019152 0.035747
376 0.012611 0.019192 0.036927
377 0.012607 0.019145 0.040785
378 0.012614 0.019093 0.039463
379 0.012598 0.019128 0.037152
380 0.012604 0.019092 0.040341
381 0.012601 0.019057 0.037019
382 0.012592 0.019050 0.037135
383 0.012585 0.019046 0.040068
384 0.012599 0.019057 0.037418
385 0.012598 0.018999 0.038954
386 0.012583 0.019063 0.037429
387 0.012585 0.018997 0.036486
388 0.012576 0.019051 0.038375
389 0.012585 0.018993 0.042035
390 0.012588 0.018936 0.039735
391 0.012577 0.018949 0.037945
392 0.012585 0.018898 0.037447
393 0.012589 0.018912 0.037695
394 0.012583 0.018906 0.037360
395 0.012569 0.018858 0.041136
396 0.012578 0.018825 0.035418
397 0.012583 0.018881 0.037334
398 0.012579 0.018818 0.036702
399 0.012570 0.018895 0.036963
400 0.012567 0.018797 0.037263
401 0.012567 0.018777 0.033507
402 0.012565 0.018793 0.037830
403 0.012561 0.018806 0.037701
404 0.012573 0.018797 0.039679
405 0.012566 0.018754 0.037440
406 0.012580 0.018776 0.038488
407 0.012561 0.018798 0.038104
408 0.012559 0.018686 0.038052
409 0.012550 0.018740 0.038081
410 0.012554 0.018695 0.037489
411 0.012561 0.018666 0.039799
412 0.012555 0.018640 0.038208
413 0.012560 0.018702 0.039193
414 0.012555 0.018656 0.037626
415 0.012560 0.018611 0.036889
416 0.012559 0.018664 0.036638
417 0.012558 0.018597 0.036457
418 0.012541 0.018544 0.038865
419 0.012558 0.018611 0.038236
420 0.012543 0.018595 0.040463
421 0.012543 0.018522 0.042101
422 0.012545 0.018591 0.035350
423 0.012551 0.018512 0.039032
424 0.012538 0.018513 0.039997
425 0.012539 0.018453 0.036389
426 0.012522 0.018473 0.039987
427 0.012538 0.018522 0.038518
428 0.012542 0.018462 0.039123
429 0.012538 0.018426 0.038867
430 0.012545 0.018505 0.040338
431 0.012526 0.018461 0.038324
432 0.012528 0.018417 0.041201
433 0.012539 0.018427 0.038046
434 0.012532 0.018392 0.040083
435 0.012538 0.018363 0.039802
436 0.012522 0.018380 0.039208
437 0.012521 0.018350 0.036195
438 0.012522 0.018361 0.038719
439 0.012512 0.018388 0.041480
440 0.012522 0.018243 0.039096
441 0.012526 0.018285 0.038082
442 0.012526 0.018337 0.038512
443 0.012510 0.018279 0.038217
444 0.012522 0.018231 0.037390
445 0.012519 0.018255 0.037934
446 0.012514 0.018211 0.035647
447 0.012518 0.018270 0.037885
448 0.012511 0.018199 0.036409
449 0.012514 0.018221 0.038283
450 0.012510 0.018233 0.039178
451 0.012519 0.018235 0.037095
452 0.012497 0.018172 0.041906
453 0.012512 0.018152 0.037959
454 0.012505 0.018207 0.037838
455 0.012506 0.018115 0.041628
456 0.012504 0.018124 0.035674
457 0.012504 0.018123 0.037852
458 0.012506 0.018189 0.037357
459 0.012507 0.018078 0.038885
460 0.012479 0.018037 0.037443
461 0.012500 0.018066 0.038679
462 0.012500 0.018112 0.036314
463 0.012483 0.018084 0.038272
464 0.012480 0.018093 0.038247
465 0.012491 0.018105 0.036678
466 0.012484 0.018038 0.043088
467 0.012500 0.018038 0.039529
468 0.012480 0.018045 0.035749
469 0.012487 0.017976 0.037387
470 0.012501 0.018028 0.038414
471 0.012484 0.017973 0.036062
472 0.012492 0.017966 0.038125
473 0.012505 0.018022 0.037021
474 0.012477 0.017963 0.035272
475 0.012495 0.017954 0.040889
476 0.012482 0.017940 0.039046
477 0.012478 0.017953 0.038564
478 0.012490 0.017976 0.041009
479 0.012490 0.017956 0.039425
480 0.012489 0.017890 0.040448
481 0.012482 0.017890 0.038014
482 0.012481 0.017857 0.038992
483 0.012468 0.017892 0.039919
484 0.012474 0.017839 0.038639
485 0.012494 0.017820 0.035276
486 0.012479 0.017827 0.039366
487 0.012470 0.017804 0.039457
488 0.012455 0.017811 0.036603
489 0.012476 0.017793 0.040148
490 0.012462 0.017770 0.038314
491 0.012473 0.017847 0.038573
492 0.012471 0.017758 0.037775
493 0.012469 0.017748 0.039919
494 0.012471 0.017700 0.036371
495 0.012465 0.017731 0.040496
496 0.012466 0.017709 0.040023
497 0.012475 0.017695 0.035554
498 0.012463 0.017744 0.034703
499 0.012470 0.017713 0.039229
500 0.012445 0.017724 0.038792
