1 0.108606 0.079344 0.070347
2 0.065054 0.037177 0.068819
3 0.060909 0.049665 0.064353
4 0.056713 0.052786 0.060527
5 0.052826 0.037003 0.056031
6 0.050026 0.043131 0.056922
7 0.047576 0.032504 0.050324
8 0.045585 0.022012 0.047191
9 0.044120 0.015657 0.047138
10 0.043044 0.010435 0.048524
11 0.042218 0.006352 0.046346
12 0.041568 0.003760 0.043383
13 0.041044 0.002523 0.042834
14 0.040615 0.002076 0.044555
15 0.040263 0.001894 0.041045
16 0.039970 0.001789 0.040990
17 0.039714 0.001698 0.041216
18 0.039494 0.001609 0.039329
19 0.039316 0.001541 0.038123
20 0.039156 0.001473 0.036196
21 0.039017 0.001426 0.041306
22 0.038892 0.001372 0.038424
23 0.038781 0.001343 0.038443
24 0.038683 0.001297 0.038653
25 0.038589 0.001275 0.040831
26 0.038512 0.001230 0.035852
27 0.038444 0.001195 0.040081
28 0.038381 0.001175 0.039155
29 0.038317 0.001154 0.038662
30 0.038261 0.001130 0.038401
31 0.038214 0.001110 0.037652
32 0.038158 0.001087 0.038353
33 0.038117 0.001068 0.040744
34 0.038074 0.001039 0.038885
35 0.038033 0.001026 0.040367
36 0.038004 0.001003 0.039596
37 0.037964 0.000992 0.038241
38 0.037935 0.000978 0.037753
39 0.037901 0.000973 0.040352
40 0.037878 0.000956 0.039473
41 0.037842 0.000945 0.039507
42 0.037819 0.000925 0.037729
43 0.037801 0.000908 0.036888
44 0.037783 0.000904 0.038478
45 0.037756 0.000888 0.039759
46 0.037731 0.000882 0.039665
47 0.037715 0.000875 0.039008
48 0.037695 0.000867 0.036632
49 0.037671 0.000853 0.037232
50 0.037664 0.000842 0.037099
51 0.037639 0.000834 0.036387
52 0.037623 0.000827 0.038575
53 0.037609 0.000817 0.039962
54 0.037593 0.000814 0.036444
55 0.037580 0.000803 0.037107
56 0.037561 0.000794 0.034859
57 0.037554 0.000789 0.037954
58 0.037542 0.000784 0.035431
59 0.037531 0.000776 0.037818
60 0.037520 0.000767 0.038472
61 0.037509 0.000757 0.036664
62 0.037491 0.000753 0.035994
63 0.037478 0.000753 0.038475
64 0.037471 0.000743 0.039485
65 0.037468 0.000739 0.038574
66 0.037451 0.000730 0.037384
67 0.037448 0.000724 0.035326
68 0.037435 0.000722 0.039006
69 0.037424 0.000720 0.035909
70 0.037417 0.000713 0.037533
71 0.037404 0.000706 0.038413
72 0.037395 0.000695 0.035895
73 0.037391 0.000696 0.036519
74 0.037383 0.000697 0.037126
75 0.037370 0.000686 0.038908
76 0.037365 0.000679 0.035838
77 0.037360 0.000678 0.036946
78 0.037355 0.000667 0.037680
79 0.037346 0.000670 0.036672
80 0.037335 0.000663 0.035974
81 0.037332 0.000659 0.037393
82 0.037322 0.000659 0.037810
83 0.037321 0.000649 0.037992
84 0.037315 0.000640 0.038194
85 0.037310 0.000644 0.037660
86 0.037303 0.000638 0.037401
87 0.037295 0.000629 0.034355
88 0.037293 0.000631 0.037102
89 0.037278 0.000632 0.036352
90 0.037279 0.000627 0.035973
91 0.037273 0.000621 0.036620
92 0.037271 0.000617 0.036787
93 0.037266 0.000617 0.036607
94 0.037253 0.000614 0.040026
95 0.037260 0.000605 0.038976
96 0.037254 0.000606 0.037109
97 0.037238 0.000608 0.036439
98 0.037241 0.000604 0.039484
99 0.037242 0.000598 0.040401
100 0.037231 0.000596 0.037090
101 0.037230 0.000590 0.037695
102 0.037224 0.000589 0.037981
103 0.037218 0.000589 0.037105
104 0.037221 0.000590 0.035635
105 0.037217 0.000583 0.037369
106 0.037206 0.000586 0.036752
107 0.037202 0.000588 0.037141
108 0.037205 0.000572 0.035933
109 0.037199 0.000573 0.039201
110 0.037193 0.000575 0.036687
111 0.037186 0.000570 0.035517
112 0.037189 0.000570 0.034315
113 0.037184 0.000568 0.038042
114 0.037180 0.000563 0.036325
115 0.037179 0.000559 0.037369
116 0.037170 0.000562 0.034515
117 0.037172 0.000559 0.033618
118 0.037160 0.000559 0.038127
119 0.037158 0.000550 0.034649
120 0.037158 0.000553 0.037229
121 0.037161 0.000549 0.037230
122 0.037152 0.000554 0.036278
123 0.037149 0.000548 0.036640
124 0.037146 0.000542 0.036219
125 0.037139 0.000539 0.036055
126 0.037139 0.000541 0.036142
127 0.037134 0.000543 0.036861
128 0.037137 0.000532 0.039593
129 0.037134 0.000534 0.037844
130 0.037136 0.000536 0.034091
131 0.037122 0.000529 0.037403
132 0.037125 0.000526 0.036921
133 0.037126 0.000531 0.035596
134 0.037117 0.000523 0.036709
135 0.037117 0.000523 0.037647
136 0.037118 0.000526 0.038154
137 0.037108 0.000523 0.038550
138 0.037118 0.000515 0.037586
139 0.037105 0.000517 0.037240
140 0.037107 0.000519 0.035550
141 0.037104 0.000518 0.035186
142 0.037108 0.000515 0.037486
143 0.037103 0.000510 0.035854
144 0.037095 0.000511 0.035849
145 0.037095 0.000508 0.039831
146 0.037088 0.000509 0.037686
147 0.037098 0.000510 0.037545
148 0.037093 0.000508 0.038715
149 0.037090 0.000507 0.038288
150 0.037086 0.000504 0.036857
151 0.037080 0.000877 0.036118
152 0.037059 0.004402 0.035933
153 0.036914 0.016603 0.042174
154 0.036619 0.014556 0.039484
155 0.036295 0.011094 0.038471
156 0.036026 0.010074 0.035269
157 0.035836 0.009455 0.037117
158 0.035660 0.014448 0.036898
159 0.035279 0.024850 0.038318
160 0.034836 0.015753 0.036128
161 0.034491 0.010174 0.034313
162 0.034226 0.008673 0.034336
163 0.034036 0.006607 0.036083
164 0.033869 0.004234 0.034941
165 0.033759 0.002545 0.032396
166 0.033667 0.001761 0.036790
167 0.033583 0.001515 0.032747
168 0.033512 0.001427 0.032223
169 0.033456 0.001369 0.035966
170 0.033409 0.001327 0.030399
171 0.033382 0.001279 0.032209
172 0.033336 0.001244 0.032408
173 0.033309 0.001217 0.033111
174 0.033275 0.001185 0.032378
175 0.033251 0.001160 0.035961
176 0.033226 0.001145 0.033610
177 0.033208 0.001124 0.032573
178 0.033191 0.001105 0.032212
179 0.033182 0.001085 0.033229
180 0.033163 0.001076 0.031149
181 0.033146 0.001055 0.033243
182 0.033142 0.001046 0.033488
183 0.033125 0.001026 0.032094
184 0.033101 0.001022 0.032872
185 0.033092 0.001007 0.031995
186 0.033093 0.000998 0.032402
187 0.033073 0.000979 0.034322
188 0.033068 0.000967 0.032392
189 0.033063 0.000969 0.030834
190 0.033052 0.000953 0.032325
191 0.033044 0.000954 0.034202
192 0.033034 0.000947 0.031727
193 0.033025 0.000963 0.033990
194 0.033024 0.000984 0.032556
195 0.033011 0.001452 0.033071
196 0.032979 0.005880 0.033796
197 0.032781 0.018512 0.033482
198 0.032555 0.020548 0.032966
199 0.032353 0.020279 0.035761
200 0.032184 0.014028 0.033322
201 0.032046 0.009493 0.034671
202 0.031949 0.008539 0.034039
203 0.031872 0.007813 0.031724
204 0.031814 0.006785 0.035342
205 0.031752 0.005572 0.033175
206 0.031721 0.004205 0.032092
207 0.031679 0.003008 0.031814
208 0.031661 0.002206 0.029300
209 0.031631 0.001796 0.033102
210 0.031609 0.001615 0.031220
211 0.031591 0.001498 0.032172
212 0.031566 0.001442 0.030040
213 0.031566 0.001386 0.032880
214 0.031549 0.001351 0.029952
215 0.031532 0.001332 0.029895
216 0.031517 0.001307 0.030758
217 0.031502 0.001305 0.031319
218 0.031501 0.001265 0.031548
219 0.031491 0.001263 0.032191
220 0.031477 0.001235 0.030026
221 0.031466 0.001227 0.031958
222 0.031467 0.001197 0.031042
223 0.031453 0.001192 0.030030
224 0.031442 0.001187 0.033102
225 0.031434 0.001172 0.031047
226 0.031424 0.001165 0.033226
227 0.031429 0.001157 0.030206
228 0.031411 0.001145 0.030729
229 0.031406 0.001132 0.031496
230 0.031405 0.001117 0.028925
231 0.031405 0.001108 0.031579
232 0.031397 0.001106 0.032749
233 0.031389 0.001101 0.030652
234 0.031385 0.001094 0.030689
235 0.031376 0.001079 0.031563
236 0.031368 0.001077 0.029253
237 0.031374 0.001077 0.029646
238 0.031359 0.001060 0.030626
239 0.031359 0.001054 0.029180
240 0.031357 0.001056 0.031081
241 0.031355 0.001203 0.030028
242 0.031319 0.005947 0.031414
243 0.031182 0.018565 0.031682
244 0.030968 0.022371 0.031813
245 0.030769 0.024125 0.032112
246 0.030610 0.022829 0.034593
247 0.030492 0.014091 0.032407
248 0.030389 0.008804 0.031777
249 0.030317 0.007916 0.031041
250 0.030262 0.007421 0.031466
251 0.030219 0.006939 0.031342
252 0.030178 0.006445 0.030584
253 0.030149 0.005925 0.032925
254 0.030124 0.005440 0.031007
255 0.030097 0.004858 0.034307
256 0.030072 0.004323 0.033076
257 0.030069 0.003860 0.033369
258 0.030048 0.003562 0.031171
259 0.030040 0.003343 0.033153
260 0.030018 0.003200 0.033127
261 0.030005 0.003141 0.031722
262 0.029985 0.003082 0.032444
263 0.029994 0.003081 0.031753
264 0.029974 0.002993 0.034795
265 0.029967 0.002990 0.031830
266 0.029963 0.002946 0.033950
267 0.029950 0.002909 0.032371
268 0.029943 0.002849 0.032174
269 0.029937 0.002864 0.034521
270 0.029925 0.002828 0.034939
271 0.029917 0.002840 0.032686
272 0.029907 0.002816 0.034731
273 0.029907 0.002806 0.031577
274 0.029902 0.002782 0.031580
275 0.029903 0.002792 0.029789
276 0.029893 0.002734 0.035183
277 0.029890 0.002746 0.032648
278 0.029887 0.002758 0.033487
279 0.029871 0.002743 0.031428
280 0.029874 0.002730 0.032871
281 0.029873 0.002727 0.032733
282 0.029867 0.002698 0.030190
283 0.029862 0.002732 0.033847
284 0.029846 0.002702 0.032228
285 0.029852 0.002705 0.032439
286 0.029851 0.002656 0.033321
287 0.029846 0.002651 0.031045
288 0.029839 0.002642 0.031405
289 0.029840 0.002640 0.032737
290 0.029834 0.002659 0.031207
291 0.029827 0.002570 0.032256
292 0.029822 0.002635 0.034162
293 0.029821 0.002591 0.032091
294 0.029825 0.002599 0.033478
295 0.029819 0.002598 0.031065
296 0.029820 0.002568 0.029727
297 0.029800 0.002573 0.031003
298 0.029803 0.002555 0.032849
299 0.029806 0.002542 0.034216
300 0.029795 0.002558 0.032669
301 0.029803 0.002551 0.033948
302 0.029787 0.002497 0.030323
303 0.029785 0.002538 0.031190
304 0.029783 0.002533 0.034394
305 0.029783 0.002515 0.033299
306 0.029783 0.002547 0.033601
307 0.029774 0.002489 0.032332
308 0.029780 0.002492 0.032614
309 0.029774 0.002535 0.032096
310 0.029769 0.002519 0.032432
311 0.029770 0.002490 0.032920
312 0.029761 0.002461 0.033588
313 0.029766 0.002492 0.031046
314 0.029753 0.002500 0.030524
315 0.029762 0.002474 0.031647
316 0.029760 0.002479 0.032030
317 0.029750 0.002440 0.031305
318 0.029743 0.002441 0.033490
319 0.029743 0.002468 0.031013
320 0.029751 0.002438 0.030359
321 0.029739 0.002428 0.032243
322 0.029732 0.002447 0.033553
323 0.029732 0.002424 0.032596
324 0.029730 0.002429 0.032086
325 0.029731 0.002425 0.034126
326 0.029731 0.002415 0.030890
327 0.029734 0.002411 0.031206
328 0.029721 0.002418 0.031915
329 0.029733 0.002394 0.032039
330 0.029718 0.002417 0.030017
331 0.029718 0.002436 0.033644
332 0.029716 0.002419 0.033106
333 0.029715 0.002376 0.031103
334 0.029716 0.002396 0.031616
335 0.029716 0.002354 0.030961
336 0.029706 0.002350 0.033189
337 0.029702 0.002374 0.029872
338 0.029696 0.002374 0.034242
339 0.029698 0.002453 0.031602
340 0.029690 0.002940 0.031075
341 0.029642 0.006662 0.033129
342 0.029561 0.015390 0.031602
343 0.029413 0.021515 0.033738
344 0.029228 0.024483 0.035422
345 0.029044 0.022814 0.034613
346 0.028912 0.015145 0.035381
347 0.028796 0.010046 0.033822
348 0.028718 0.009448 0.032538
349 0.028649 0.009085 0.032923
350 0.028601 0.008638 0.033664
351 0.028556 0.008268 0.036624
352 0.028516 0.007788 0.034138
353 0.028496 0.007360 0.033947
354 0.028469 0.006847 0.035028
355 0.028450 0.006396 0.034327
356 0.028422 0.005846 0.033597
357 0.028407 0.005398 0.035520
358 0.028400 0.004968 0.032898
359 0.028381 0.004776 0.033155
360 0.028378 0.004685 0.031975
361 0.028363 0.004596 0.034839
362 0.028356 0.004525 0.035398
363 0.028352 0.004526 0.032248
364 0.028324 0.004459 0.033316
365 0.028319 0.004515 0.033826
366 0.028314 0.004414 0.034149
367 0.028311 0.004431 0.033455
368 0.028297 0.004413 0.034919
369 0.028294 0.004386 0.034251
370 0.028289 0.004388 0.035225
371 0.028289 0.004369 0.033055
372 0.028285 0.004341 0.035884
373 0.028273 0.004289 0.035047
374 0.028280 0.004299 0.034561
375 0.028271 0.004310 0.032856
376 0.028253 0.004271 0.034878
377 0.028262 0.004255 0.033782
378 0.028256 0.004225 0.032813
379 0.028255 0.004230 0.033250
380 0.028245 0.004285 0.035574
381 0.028243 0.004217 0.036811
382 0.028241 0.004194 0.033958
383 0.028222 0.004245 0.035097
384 0.028231 0.004196 0.035245
385 0.028226 0.004153 0.036244
386 0.028224 0.004162 0.037207
387 0.028210 0.004147 0.033833
388 0.028221 0.004124 0.035013
389 0.028217 0.004163 0.035141
390 0.028209 0.004156 0.035245
391 0.028218 0.004138 0.034829
392 0.028208 0.004098 0.036055
393 0.028195 0.004136 0.036964
394 0.028201 0.004153 0.035478
395 0.028202 0.004136 0.036169
396 0.028198 0.004077 0.035021
397 0.028201 0.004128 0.032603
398 0.028188 0.004078 0.033706
399 0.028179 0.004088 0.035322
400 0.028184 0.004077 0.033271
401 0.028193 0.004079 0.034953
402 0.028172 0.004024 0.035059
403 0.028189 0.004040 0.033186
404 0.028181 0.004084 0.034885
405 0.028182 0.004022 0.033018
406 0.028165 0.003934 0.035747
407 0.028172 0.004011 0.036031
408 0.028159 0.003982 0.035741
409 0.028155 0.004014 0.034855
410 0.028167 0.003997 0.034040
411 0.028160 0.004025 0.033817
412 0.028164 0.003954 0.037349
413 0.028168 0.003974 0.036279
414 0.028156 0.003948 0.037384
415 0.028168 0.003937 0.036701
416 0.028161 0.003943 0.035333
417 0.028153 0.003974 0.033985
418 0.028161 0.003945 0.032815
419 0.028154 0.003957 0.034325
420 0.028156 0.003918 0.034793
421 0.028144 0.003910 0.035757
422 0.028141 0.003987 0.036064
423 0.028122 0.004911 0.032556
424 0.028088 0.007438 0.034663
425 0.028049 0.011601 0.037127
426 0.027971 0.017172 0.037634
427 0.027861 0.021314 0.036196
428 0.027733 0.022557 0.037697
429 0.027615 0.017689 0.035971
430 0.027517 0.010513 0.035781
431 0.027410 0.009860 0.033708
432 0.027340 0.009679 0.034950
433 0.027276 0.009394 0.036137
434 0.027227 0.009013 0.036022
435 0.027191 0.008627 0.037820
436 0.027146 0.008261 0.034868
437 0.027110 0.007812 0.036479
438 0.027089 0.007334 0.036439
439 0.027066 0.006988 0.035810
440 0.027042 0.006692 0.035726
441 0.027035 0.006517 0.035985
442 0.027008 0.006406 0.033524
443 0.027000 0.006340 0.036020
444 0.026987 0.006291 0.036132
445 0.026968 0.006239 0.036709
446 0.026961 0.006204 0.036575
447 0.026950 0.006183 0.033636
448 0.026932 0.006201 0.037494
449 0.026939 0.006135 0.037084
450 0.026934 0.006094 0.039046
451 0.026915 0.006057 0.034921
452 0.026912 0.006077 0.038145
453 0.026909 0.006065 0.035708
454 0.026892 0.006033 0.036457
455 0.026891 0.005907 0.036886
456 0.026892 0.005975 0.037726
457 0.026880 0.005932 0.035148
458 0.026876 0.005928 0.035980
459 0.026862 0.005923 0.037786
460 0.026875 0.005895 0.038727
461 0.026865 0.005836 0.033686
462 0.026858 0.005908 0.037531
463 0.026852 0.005853 0.034909
464 0.026850 0.005892 0.037043
465 0.026854 0.005851 0.036006
466 0.026846 0.005836 0.037723
467 0.026844 0.005833 0.035243
468 0.026842 0.005850 0.036503
469 0.026845 0.005745 0.035446
470 0.026834 0.005790 0.035720
471 0.026826 0.005878 0.034547
472 0.026837 0.005747 0.033666
473 0.026820 0.005712 0.035334
474 0.026822 0.005757 0.034436
475 0.026814 0.005832 0.037132
476 0.026816 0.005728 0.036736
477 0.026814 0.005751 0.037388
478 0.026811 0.005641 0.037304
479 0.026818 0.005776 0.039912
480 0.026803 0.005704 0.037310
481 0.026805 0.005693 0.033777
482 0.026805 0.005724 0.039736
483 0.026793 0.005715 0.033406
484 0.026803 0.005631 0.035521
485 0.026798 0.005592 0.032923
486 0.026799 0.005693 0.036431
487 0.026792 0.005614 0.033877
488 0.026782 0.005677 0.036116
489 0.026796 0.005588 0.035016
490 0.026784 0.005617 0.038566
491 0.026788 0.005603 0.034875
492 0.026775 0.005656 0.036380
493 0.026780 0.005566 0.035029
494 0.026784 0.005550 0.036386
495 0.026776 0.005519 0.036333
496 0.026784 0.005639 0.036463
497 0.026776 0.005550 0.037764
498 0.026777 0.005509 0.035229
499 0.026774 0.005570 0.037594
500 0.026772 0.005450 0.036279
