1 0.107821 0.094497 0.072068
2 0.065660 0.065397 0.068043
3 0.059510 0.073010 0.064384
4 0.054432 0.053229 0.058648
5 0.050676 0.038429 0.059685
6 0.047987 0.027086 0.054367
7 0.045939 0.018121 0.051194
8 0.044375 0.011513 0.046601
9 0.043166 0.007222 0.046988
10 0.042220 0.004068 0.043835
11 0.041470 0.002029 0.042459
12 0.040865 0.001156 0.041320
13 0.040368 0.000920 0.038867
14 0.039958 0.000822 0.040322
15 0.039609 0.000753 0.041826
16 0.039315 0.000693 0.041245
17 0.039063 0.000642 0.040618
18 0.038844 0.000599 0.042441
19 0.038656 0.000556 0.037932
20 0.038491 0.000526 0.040262
21 0.038344 0.000500 0.039748
22 0.038213 0.000473 0.040052
23 0.038094 0.000452 0.039636
24 0.037987 0.000428 0.038294
25 0.037891 0.000410 0.039532
26 0.037804 0.000396 0.037325
27 0.037724 0.000385 0.038333
28 0.037652 0.000369 0.038649
29 0.037584 0.000357 0.037239
30 0.037522 0.000348 0.038250
31 0.037462 0.000334 0.039041
32 0.037407 0.000326 0.038073
33 0.037356 0.000316 0.036152
34 0.037311 0.000310 0.039162
35 0.037265 0.000300 0.036698
36 0.037224 0.000295 0.038840
37 0.037184 0.000285 0.038962
38 0.037147 0.000281 0.038052
39 0.037111 0.000273 0.037337
40 0.037076 0.000267 0.035693
41 0.037045 0.000261 0.038822
42 0.037017 0.000260 0.038430
43 0.036987 0.000253 0.037568
44 0.036960 0.000247 0.038352
45 0.036935 0.000245 0.037571
46 0.036909 0.000241 0.036116
47 0.036885 0.000236 0.039073
48 0.036862 0.000235 0.038173
49 0.036838 0.000230 0.036883
50 0.036819 0.000227 0.038487
51 0.036798 0.000223 0.036225
52 0.036780 0.000221 0.034330
53 0.036761 0.000215 0.038106
54 0.036744 0.000213 0.034656
55 0.036724 0.000211 0.033926
56 0.036709 0.000209 0.034926
57 0.036693 0.000208 0.037110
58 0.036677 0.000205 0.037297
59 0.036661 0.000200 0.037505
60 0.036646 0.000199 0.037419
61 0.036634 0.000196 0.035099
62 0.036618 0.000195 0.036753
63 0.036605 0.000192 0.037899
64 0.036592 0.000191 0.035709
65 0.036580 0.000187 0.036692
66 0.036568 0.000184 0.038378
67 0.036556 0.000188 0.037129
68 0.036546 0.000187 0.038137
69 0.036535 0.000183 0.037285
70 0.036522 0.000180 0.035334
71 0.036512 0.000179 0.036853
72 0.036502 0.000176 0.036315
73 0.036494 0.000175 0.035266
74 0.036483 0.000175 0.035682
75 0.036473 0.000176 0.034799
76 0.036465 0.000170 0.039554
77 0.036453 0.000172 0.034205
78 0.036445 0.000170 0.036084
79 0.036437 0.000167 0.036906
80 0.036428 0.000167 0.035548
81 0.036420 0.000167 0.038527
82 0.036410 0.000165 0.037572
83 0.036404 0.000163 0.037972
84 0.036398 0.000163 0.035622
85 0.036388 0.000162 0.037136
86 0.036382 0.000162 0.037573
87 0.036375 0.000161 0.034673
88 0.036366 0.000159 0.037805
89 0.036361 0.000158 0.037399
90 0.036353 0.000157 0.034914
91 0.036345 0.000156 0.036376
92 0.036339 0.000154 0.039583
93 0.036333 0.000154 0.036120
94 0.036327 0.000151 0.035091
95 0.036322 0.000152 0.036485
96 0.036315 0.000151 0.037044
97 0.036309 0.000151 0.035084
98 0.036302 0.000152 0.036807
99 0.036296 0.000151 0.035601
100 0.036293 0.000150 0.035443
101 0.036288 0.000147 0.040149
102 0.036282 0.000148 0.037243
103 0.036277 0.000148 0.034349
104 0.036272 0.000146 0.034298
105 0.036267 0.000146 0.036825
106 0.036261 0.000146 0.035059
107 0.036256 0.000145 0.036975
108 0.036250 0.000144 0.037148
109 0.036247 0.000144 0.036182
110 0.036243 0.000144 0.037251
111 0.036237 0.000142 0.037165
112 0.036233 0.000141 0.035570
113 0.036228 0.000139 0.035523
114 0.036222 0.000141 0.035404
115 0.036219 0.000138 0.036960
116 0.036214 0.000141 0.037203
117 0.036210 0.000139 0.036000
118 0.036205 0.000140 0.038475
119 0.036202 0.000141 0.035396
120 0.036197 0.000137 0.034937
121 0.036196 0.000138 0.036946
122 0.036188 0.000137 0.036643
123 0.036185 0.000137 0.036091
124 0.036179 0.000136 0.034777
125 0.036180 0.000137 0.039425
126 0.036173 0.000137 0.033541
127 0.036172 0.000135 0.033003
128 0.036168 0.000134 0.037246
129 0.036164 0.000135 0.036017
130 0.036161 0.000135 0.034507
131 0.036158 0.000133 0.034613
132 0.036153 0.000131 0.035747
133 0.036150 0.000132 0.034909
134 0.036147 0.000134 0.035829
135 0.036145 0.000135 0.037855
136 0.036140 0.000133 0.036970
137 0.036138 0.000131 0.036517
138 0.036132 0.000131 0.036632
139 0.036132 0.000132 0.038928
140 0.036127 0.000130 0.034254
141 0.036122 0.000130 0.036703
142 0.036119 0.000129 0.036616
143 0.036119 0.000132 0.036400
144 0.036113 0.000131 0.036640
145 0.036110 0.000129 0.036922
146 0.036108 0.000129 0.036832
147 0.036106 0.000127 0.036104
148 0.036103 0.000127 0.036596
149 0.036101 0.000128 0.037824
150 0.036101 0.000127 0.035493
151 0.036095 0.000126 0.037624
152 0.036094 0.000128 0.035757
153 0.036089 0.000127 0.036791
154 0.036087 0.000126 0.035580
155 0.036083 0.000127 0.036345
156 0.036079 0.000125 0.036838
157 0.036080 0.000124 0.040001
158 0.036075 0.000127 0.033810
159 0.036073 0.000126 0.033472
160 0.036071 0.000127 0.035582
161 0.036069 0.000125 0.035582
162 0.036067 0.000124 0.038360
163 0.036062 0.000125 0.035985
164 0.036062 0.000124 0.035778
165 0.036057 0.000124 0.036249
166 0.036056 0.000124 0.033760
167 0.036052 0.000124 0.037075
168 0.036053 0.000122 0.036094
169 0.036048 0.000122 0.037711
170 0.036045 0.000126 0.035171
171 0.036045 0.000124 0.035505
172 0.036040 0.000124 0.036966
173 0.036039 0.000122 0.035204
174 0.036037 0.000124 0.038281
175 0.036035 0.000122 0.034187
176 0.036034 0.000124 0.037342
177 0.036031 0.000121 0.036411
178 0.036029 0.000124 0.035806
179 0.036025 0.000121 0.036179
180 0.036024 0.000121 0.039272
181 0.036021 0.000120 0.036868
182 0.036021 0.000120 0.035253
183 0.036019 0.000120 0.038581
184 0.036018 0.000122 0.035864
185 0.036014 0.000120 0.033851
186 0.036011 0.000120 0.036642
187 0.036010 0.000123 0.036389
188 0.036009 0.000120 0.035738
189 0.036008 0.000121 0.037189
190 0.036003 0.000119 0.035975
191 0.036002 0.000119 0.036057
192 0.036001 0.000120 0.035694
193 0.035996 0.000120 0.035953
194 0.035998 0.000120 0.035995
195 0.035994 0.000120 0.037063
196 0.035994 0.000121 0.036964
197 0.035994 0.000119 0.035529
198 0.035988 0.000121 0.036842
199 0.035986 0.000119 0.036239
200 0.035985 0.000120 0.036413
201 0.035983 0.000118 0.034135
202 0.035982 0.000117 0.037784
203 0.035979 0.000120 0.034556
204 0.035976 0.000118 0.036147
205 0.035976 0.000121 0.037708
206 0.035976 0.000118 0.033837
207 0.035972 0.000120 0.034718
208 0.035969 0.000117 0.035519
209 0.035970 0.000118 0.037309
210 0.035967 0.000119 0.034751
211 0.035963 0.000118 0.034699
212 0.035964 0.000119 0.038001
213 0.035961 0.000118 0.036705
214 0.035958 0.000118 0.034743
215 0.035959 0.000117 0.035630
216 0.035959 0.000116 0.035283
217 0.035957 0.000116 0.035309
218 0.035953 0.000116 0.037381
219 0.035952 0.000117 0.035890
220 0.035950 0.000118 0.036907
221 0.035948 0.000118 0.034264
222 0.035948 0.000118 0.035323
223 0.035947 0.000116 0.035632
224 0.035943 0.000116 0.034986
225 0.035944 0.000117 0.035726
226 0.035942 0.000116 0.035410
227 0.035939 0.000116 0.036158
228 0.035937 0.000116 0.034840
229 0.035936 0.000117 0.038335
230 0.035935 0.000116 0.037508
231 0.035934 0.000116 0.036419
232 0.035930 0.000116 0.036491
233 0.035930 0.000117 0.032306
234 0.035929 0.000118 0.034977
235 0.035927 0.000114 0.036110
236 0.035924 0.000117 0.037131
237 0.035925 0.000117 0.035998
238 0.035923 0.000116 0.034566
239 0.035922 0.000114 0.038183
240 0.035919 0.000114 0.035720
241 0.035917 0.000114 0.037488
242 0.035916 0.000118 0.036584
243 0.035915 0.000115 0.035971
244 0.035915 0.000115 0.036711
245 0.035912 0.000117 0.034898
246 0.035913 0.000116 0.037145
247 0.035909 0.000115 0.036883
248 0.035908 0.000116 0.037315
249 0.035907 0.000115 0.033573
250 0.035907 0.000115 0.035643
251 0.035904 0.000115 0.037761
252 0.035903 0.000114 0.039527
253 0.035901 0.000115 0.038428
254 0.035901 0.000115 0.036499
255 0.035899 0.000114 0.036123
256 0.035896 0.000115 0.033976
257 0.035895 0.000116 0.036281
258 0.035896 0.000117 0.034259
259 0.035893 0.000115 0.036452
260 0.035892 0.000113 0.033708
261 0.035890 0.000114 0.037513
262 0.035888 0.000117 0.036897
263 0.035887 0.000113 0.034929
264 0.035890 0.000112 0.035238
265 0.035885 0.000115 0.037872
266 0.035885 0.000112 0.036571
267 0.035884 0.000114 0.037754
268 0.035882 0.000113 0.035939
269 0.035879 0.000114 0.034897
270 0.035880 0.000115 0.039599
271 0.035876 0.000113 0.035137
272 0.035876 0.000115 0.037941
273 0.035874 0.000114 0.037591
274 0.035872 0.000113 0.037320
275 0.035872 0.000114 0.037304
276 0.035872 0.000115 0.037788
277 0.035869 0.000114 0.035977
278 0.035869 0.000113 0.034808
279 0.035866 0.000113 0.034251
280 0.035866 0.000113 0.034912
281 0.035866 0.000115 0.036439
282 0.035863 0.000113 0.036684
283 0.035861 0.000113 0.033482
284 0.035860 0.000114 0.035646
285 0.035858 0.000113 0.035301
286 0.035857 0.000114 0.036054
287 0.035857 0.000114 0.033444
288 0.035855 0.000113 0.037504
289 0.035856 0.000114 0.035882
290 0.035853 0.000112 0.035545
291 0.035852 0.000114 0.034397
292 0.035852 0.000113 0.033355
293 0.035852 0.000112 0.036382
294 0.035851 0.000113 0.034575
295 0.035847 0.000111 0.036709
296 0.035847 0.000113 0.036240
297 0.035845 0.000111 0.037175
298 0.035845 0.000112 0.033103
299 0.035846 0.000114 0.037541
300 0.035842 0.000112 0.035892
301 0.035840 0.000111 0.036348
302 0.035837 0.000111 0.035703
303 0.035840 0.000110 0.036513
304 0.035836 0.000112 0.035818
305 0.035837 0.000112 0.035505
306 0.035838 0.000110 0.035172
307 0.035835 0.000111 0.036429
308 0.035834 0.000112 0.037460
309 0.035834 0.000113 0.032894
310 0.035832 0.000111 0.036389
311 0.035831 0.000111 0.034956
312 0.035830 0.000112 0.036014
313 0.035826 0.000111 0.035817
314 0.035827 0.000111 0.038615
315 0.035827 0.000110 0.035890
316 0.035825 0.000112 0.035060
317 0.035823 0.000111 0.036266
318 0.035821 0.000110 0.035702
319 0.035820 0.000110 0.038660
320 0.035820 0.000110 0.037106
321 0.035819 0.000111 0.036982
322 0.035817 0.000111 0.035889
323 0.035817 0.000110 0.036748
324 0.035818 0.000111 0.037019
325 0.035814 0.000111 0.036080
326 0.035815 0.000109 0.036092
327 0.035812 0.000110 0.035536
328 0.035810 0.000108 0.035990
329 0.035809 0.000108 0.038093
330 0.035807 0.000109 0.038599
331 0.035808 0.000109 0.035651
332 0.035804 0.000110 0.033845
333 0.035805 0.000111 0.037855
334 0.035805 0.000108 0.035804
335 0.035804 0.000109 0.038903
336 0.035803 0.000107 0.036819
337 0.035801 0.000108 0.038626
338 0.035800 0.000107 0.034815
339 0.035798 0.000107 0.039630
340 0.035799 0.000108 0.039420
341 0.035799 0.000109 0.034575
342 0.035797 0.000109 0.036214
343 0.035796 0.000106 0.037603
344 0.035797 0.000106 0.035815
345 0.035793 0.000107 0.037674
346 0.035791 0.000108 0.034879
347 0.035792 0.000108 0.035887
348 0.035791 0.000108 0.036070
349 0.035789 0.000107 0.033837
350 0.035788 0.000104 0.036469
351 0.035787 0.000106 0.034211
352 0.035787 0.000105 0.036828
353 0.035787 0.000106 0.036932
354 0.035784 0.000106 0.033782
355 0.035782 0.000104 0.035488
356 0.035781 0.000106 0.035008
357 0.035780 0.000104 0.038219
358 0.035780 0.000105 0.031638
359 0.035778 0.000104 0.035856
360 0.035777 0.000103 0.035190
361 0.035776 0.000103 0.035230
362 0.035778 0.000104 0.038104
363 0.035774 0.000103 0.035789
364 0.035773 0.000102 0.036012
365 0.035776 0.000103 0.034984
366 0.035773 0.000102 0.037884
367 0.035773 0.000103 0.036543
368 0.035770 0.000101 0.038460
369 0.035771 0.000102 0.036507
370 0.035768 0.000100 0.032253
371 0.035767 0.000101 0.037185
372 0.035766 0.000101 0.036310
373 0.035766 0.000101 0.036111
374 0.035766 0.000101 0.037341
375 0.035763 0.000102 0.035093
376 0.035761 0.000100 0.036220
377 0.035760 0.000100 0.036614
378 0.035761 0.000100 0.033051
379 0.035759 0.000098 0.036488
380 0.035758 0.000098 0.036881
381 0.035760 0.000098 0.035900
382 0.035758 0.000098 0.033090
383 0.035754 0.000099 0.036115
384 0.035754 0.000097 0.037198
385 0.035752 0.000097 0.035820
386 0.035753 0.000097 0.034894
387 0.035749 0.000095 0.037830
388 0.035750 0.000095 0.036737
389 0.035748 0.000094 0.035762
390 0.035749 0.000095 0.037610
391 0.035748 0.000093 0.036186
392 0.035746 0.000094 0.036562
393 0.035743 0.000093 0.036459
394 0.035745 0.000095 0.036411
395 0.035744 0.000092 0.038435
396 0.035743 0.000095 0.037281
397 0.035745 0.000093 0.034539
398 0.035741 0.000092 0.036378
399 0.035739 0.000092 0.035107
400 0.035739 0.000091 0.036707
401 0.035740 0.000091 0.033768
402 0.035736 0.000091 0.035590
403 0.035736 0.000090 0.036499
404 0.035736 0.000090 0.035326
405 0.035735 0.000089 0.037649
406 0.035734 0.000090 0.036831
407 0.035733 0.000088 0.035820
408 0.035732 0.000087 0.036017
409 0.035730 0.000088 0.035053
410 0.035730 0.000086 0.039206
411 0.035728 0.000087 0.035379
412 0.035728 0.000085 0.034720
413 0.035727 0.000086 0.035466
414 0.035726 0.000086 0.035418
415 0.035726 0.000085 0.034696
416 0.035724 0.000083 0.037156
417 0.035721 0.000084 0.034779
418 0.035722 0.000083 0.035658
419 0.035719 0.000082 0.034267
420 0.035720 0.000081 0.036519
421 0.035720 0.000081 0.034827
422 0.035721 0.000081 0.036133
423 0.035719 0.000080 0.034147
424 0.035719 0.000080 0.035925
425 0.035715 0.000077 0.034470
426 0.035713 0.000079 0.035036
427 0.035716 0.000079 0.035176
428 0.035712 0.000078 0.037840
429 0.035714 0.000078 0.034994
430 0.035712 0.000076 0.034397
431 0.035711 0.000075 0.037210
432 0.035711 0.000076 0.036934
433 0.035708 0.000076 0.034840
434 0.035708 0.000072 0.036222
435 0.035707 0.000075 0.035457
436 0.035705 0.000073 0.036332
437 0.035705 0.000072 0.037786
438 0.035709 0.000072 0.037791
439 0.035704 0.000071 0.034610
440 0.035702 0.000071 0.032613
441 0.035703 0.000071 0.034388
442 0.035701 0.000071 0.035812
443 0.035700 0.000071 0.033690
444 0.035699 0.000069 0.036135
445 0.035698 0.000069 0.034163
446 0.035697 0.000068 0.037217
447 0.035694 0.000068 0.037416
448 0.035694 0.000068 0.036548
449 0.035697 0.000069 0.036664
450 0.035694 0.000069 0.035152
451 0.035694 0.000067 0.033207
452 0.035691 0.000068 0.036818
453 0.035692 0.000067 0.034094
454 0.035691 0.000068 0.034756
455 0.035690 0.000067 0.034934
456 0.035688 0.000066 0.035482
457 0.035688 0.000068 0.035199
458 0.035686 0.000065 0.037332
459 0.035686 0.000064 0.035895
460 0.035685 0.000065 0.035464
461 0.035686 0.000065 0.035334
462 0.035684 0.000066 0.037018
463 0.035686 0.000065 0.037883
464 0.035682 0.000064 0.035546
465 0.035680 0.000066 0.034267
466 0.035677 0.000065 0.036826
467 0.035681 0.000063 0.034434
468 0.035681 0.000065 0.036357
469 0.035677 0.000066 0.034939
470 0.035679 0.000065 0.035691
471 0.035676 0.000066 0.036833
472 0.035674 0.000064 0.037743
473 0.035676 0.000066 0.038062
474 0.035671 0.000065 0.035757
475 0.035671 0.000065 0.034776
476 0.035671 0.000066 0.036530
477 0.035672 0.000065 0.034198
478 0.035672 0.000064 0.036100
479 0.035671 0.000064 0.034537
480 0.035668 0.000064 0.035017
481 0.035667 0.000064 0.035659
482 0.035668 0.000064 0.034444
483 0.035669 0.000064 0.034161
484 0.035665 0.000062 0.038010
485 0.035666 0.000064 0.035795
486 0.035665 0.000062 0.034721
487 0.035664 0.000063 0.034521
488 0.035664 0.000064 0.036640
489 0.035663 0.000064 0.035752
490 0.035663 0.000063 0.034647
491 0.035660 0.000063 0.037742
492 0.035660 0.000063 0.035500
493 0.035656 0.000063 0.034670
494 0.035661 0.000063 0.034772
495 0.035656 0.000063 0.036410
496 0.035656 0.000063 0.036716
497 0.035657 0.000062 0.034450
498 0.035657 0.000063 0.033299
499 0.035649 0.000774 0.036222
500 0.035620 0.008085 0.035611
