1 0.051126 0.080989 0.060064
2 0.021259 0.080022 0.047562
3 0.013467 0.074458 0.041787
4 0.010921 0.071184 0.041651
5 0.009775 0.068933 0.038127
6 0.009131 0.067033 0.037442
7 0.008705 0.065553 0.037771
8 0.008412 0.064141 0.037443
9 0.008191 0.062971 0.039034
10 0.008015 0.061909 0.038077
11 0.007863 0.060945 0.035171
12 0.007740 0.059804 0.037901
13 0.007634 0.059053 0.036455
14 0.007528 0.058227 0.038249
15 0.007434 0.057422 0.038012
16 0.007369 0.056517 0.036661
17 0.007285 0.055867 0.036118
18 0.007208 0.055267 0.035771
19 0.007149 0.054530 0.035384
20 0.007088 0.053909 0.037979
21 0.007031 0.053206 0.037679
22 0.006966 0.052702 0.037391
23 0.006916 0.052223 0.037105
24 0.006855 0.051673 0.035837
25 0.006805 0.051002 0.035477
26 0.006770 0.050500 0.033156
27 0.006724 0.050004 0.037927
28 0.006683 0.049617 0.033526
29 0.006626 0.049156 0.035531
30 0.006594 0.048593 0.036762
31 0.006551 0.048279 0.033688
32 0.006522 0.047801 0.035711
33 0.006482 0.047355 0.039113
34 0.006445 0.047021 0.034475
35 0.006409 0.046726 0.037101
36 0.006384 0.046380 0.035357
37 0.006347 0.045997 0.033789
38 0.006316 0.045716 0.036348
39 0.006283 0.045338 0.039965
40 0.006262 0.044999 0.034504
41 0.006222 0.044654 0.034983
42 0.006195 0.044421 0.036226
43 0.006168 0.044138 0.037205
44 0.006134 0.043816 0.034505
45 0.006116 0.043452 0.032667
46 0.006080 0.043224 0.035658
47 0.006066 0.043014 0.034800
48 0.006043 0.042663 0.036632
49 0.006016 0.042471 0.038793
50 0.005979 0.042196 0.035886
51 0.005965 0.041959 0.037500
52 0.005939 0.041649 0.035974
53 0.005910 0.041393 0.034715
54 0.005889 0.041154 0.038244
55 0.005868 0.040977 0.038248
56 0.005841 0.040745 0.036746
57 0.005812 0.040524 0.037574
58 0.005805 0.040265 0.033241
59 0.005776 0.040055 0.037334
60 0.005759 0.039853 0.037983
61 0.005730 0.039660 0.033804
62 0.005720 0.039476 0.038895
63 0.005693 0.039125 0.041196
64 0.005677 0.038920 0.035266
65 0.005650 0.038801 0.037639
66 0.005635 0.038642 0.036987
67 0.005612 0.038522 0.034352
68 0.005605 0.038299 0.037614
69 0.005580 0.038070 0.035895
70 0.005557 0.037804 0.034103
71 0.005538 0.037614 0.036189
72 0.005522 0.037494 0.035905
73 0.005496 0.037399 0.035889
74 0.005492 0.037211 0.037023
75 0.005479 0.037016 0.038840
76 0.005456 0.036826 0.036111
77 0.005440 0.036590 0.033394
78 0.005429 0.036508 0.035053
79 0.005410 0.036329 0.039098
80 0.005394 0.036159 0.035442
81 0.005385 0.036006 0.037206
82 0.005372 0.035929 0.037913
83 0.005369 0.035658 0.038148
84 0.005360 0.035565 0.038038
85 0.005337 0.035502 0.034833
86 0.005318 0.035361 0.037857
87 0.005304 0.035250 0.039098
88 0.005299 0.035087 0.035440
89 0.005282 0.035029 0.036265
90 0.005270 0.034861 0.035597
91 0.005260 0.034731 0.038522
92 0.005253 0.034610 0.036819
93 0.005232 0.034454 0.034574
94 0.005225 0.034330 0.036723
95 0.005213 0.034222 0.033660
96 0.005205 0.034099 0.039887
97 0.005202 0.033958 0.034562
98 0.005187 0.033899 0.037876
99 0.005174 0.033853 0.036864
100 0.005163 0.033643 0.038044
101 0.005153 0.033521 0.038000
102 0.005158 0.033394 0.035058
103 0.005147 0.033278 0.037510
104 0.005139 0.033268 0.033820
105 0.005126 0.033096 0.033782
106 0.005119 0.033118 0.037425
107 0.005115 0.033038 0.036126
108 0.005108 0.032739 0.036201
109 0.005094 0.032790 0.036555
110 0.005096 0.032655 0.040891
111 0.005082 0.032604 0.039755
112 0.005081 0.032528 0.038219
113 0.005078 0.032390 0.034303
114 0.005062 0.032327 0.036202
115 0.005067 0.032149 0.040572
116 0.005041 0.032187 0.037511
117 0.005056 0.032106 0.038669
118 0.005048 0.031942 0.036845
119 0.005039 0.031984 0.037794
120 0.005025 0.031871 0.035819
121 0.005025 0.031812 0.033531
122 0.005011 0.031700 0.034778
123 0.005011 0.031629 0.037265
124 0.005010 0.031487 0.039934
125 0.004999 0.031577 0.035367
126 0.005003 0.031391 0.035414
127 0.004996 0.031346 0.039687
128 0.004994 0.031303 0.036526
129 0.004982 0.031168 0.036891
130 0.004979 0.031192 0.037459
131 0.004979 0.031103 0.037222
132 0.004973 0.030948 0.033521
133 0.004969 0.030991 0.037464
134 0.004971 0.031015 0.037604
135 0.004965 0.030837 0.036280
136 0.004956 0.030743 0.035852
137 0.004957 0.030738 0.034898
138 0.004946 0.030687 0.039028
139 0.004938 0.030547 0.035689
140 0.004942 0.030531 0.038641
141 0.004934 0.030391 0.037638
142 0.004945 0.030400 0.039883
143 0.004930 0.030370 0.038373
144 0.004931 0.030312 0.033583
145 0.004919 0.030262 0.040211
146 0.004918 0.030253 0.037825
147 0.004916 0.030282 0.035413
148 0.004915 0.030054 0.037986
149 0.004904 0.030184 0.036392
150 0.004899 0.029971 0.039362
151 0.004901 0.030013 0.035958
152 0.004897 0.029935 0.037544
153 0.004884 0.029910 0.036801
154 0.004889 0.029836 0.035870
155 0.004896 0.029695 0.037345
156 0.004891 0.029956 0.036446
157 0.004885 0.029748 0.039068
158 0.004876 0.029677 0.035059
159 0.004872 0.029625 0.040956
160 0.004869 0.029628 0.038760
161 0.004869 0.029627 0.036586
162 0.004858 0.029569 0.038243
163 0.004860 0.029406 0.038236
164 0.004853 0.029425 0.035655
165 0.004860 0.029308 0.038644
166 0.004855 0.029223 0.037498
167 0.004849 0.029303 0.039039
168 0.004840 0.029219 0.036124
169 0.004837 0.029159 0.038822
170 0.004841 0.029105 0.035841
171 0.004829 0.029078 0.039770
172 0.004828 0.028911 0.035960
173 0.004838 0.028940 0.037397
174 0.004824 0.028962 0.038567
175 0.004817 0.028858 0.038363
176 0.004815 0.028906 0.038769
177 0.004816 0.028867 0.036227
178 0.004810 0.028832 0.036695
179 0.004814 0.028852 0.034277
180 0.004806 0.028715 0.038937
181 0.004803 0.028716 0.035460
182 0.004808 0.028691 0.035176
183 0.004801 0.028650 0.037245
184 0.004798 0.028634 0.036784
185 0.004794 0.028534 0.037171
186 0.004794 0.028554 0.036928
187 0.004789 0.028537 0.037263
188 0.004792 0.028504 0.037438
189 0.004789 0.028550 0.035651
190 0.004786 0.028408 0.036547
191 0.004788 0.028449 0.040052
192 0.004776 0.028283 0.033199
193 0.004771 0.028323 0.036557
194 0.004768 0.028440 0.039866
195 0.004773 0.028228 0.038291
196 0.004770 0.028245 0.035357
197 0.004775 0.028040 0.037819
198 0.004767 0.028126 0.038338
199 0.004768 0.028034 0.036651
200 0.004764 0.028088 0.038563
201 0.004761 0.028036 0.037622
202 0.004759 0.027950 0.037770
203 0.004751 0.027844 0.038977
204 0.004757 0.027938 0.034388
205 0.004755 0.027967 0.035604
206 0.004751 0.027969 0.039458
207 0.004750 0.027892 0.037915
208 0.004753 0.027878 0.037551
209 0.004742 0.027867 0.036631
210 0.004742 0.027813 0.037137
211 0.004748 0.027703 0.038622
212 0.004730 0.027725 0.034442
213 0.004741 0.027612 0.038303
214 0.004741 0.027636 0.034585
215 0.004738 0.027629 0.035656
216 0.004740 0.027543 0.036861
217 0.004737 0.027630 0.034760
218 0.004722 0.027551 0.036328
219 0.004724 0.027571 0.038014
220 0.004723 0.027526 0.038250
221 0.004728 0.027371 0.038032
222 0.004720 0.027544 0.036009
223 0.004719 0.027470 0.033902
224 0.004712 0.027400 0.038481
225 0.004714 0.027387 0.038973
226 0.004711 0.027369 0.037634
227 0.004721 0.027327 0.035872
228 0.004712 0.027291 0.041106
229 0.004707 0.027345 0.039073
230 0.004708 0.027308 0.040871
231 0.004704 0.027163 0.039991
232 0.004705 0.027169 0.035992
233 0.004701 0.027184 0.041715
234 0.004702 0.027230 0.038224
235 0.004696 0.027096 0.036251
236 0.004695 0.027127 0.042326
237 0.004695 0.027184 0.037804
238 0.004694 0.026974 0.037816
239 0.004698 0.027029 0.037141
240 0.004690 0.027020 0.039314
241 0.004687 0.026985 0.036829
242 0.004689 0.027003 0.038389
243 0.004687 0.026867 0.038869
244 0.004694 0.026891 0.037349
245 0.004682 0.026870 0.037237
246 0.004683 0.026828 0.035557
247 0.004678 0.026780 0.039787
248 0.004677 0.026715 0.038081
249 0.004690 0.026902 0.039948
250 0.004671 0.026871 0.036407
251 0.004677 0.026729 0.037341
252 0.004677 0.026755 0.039492
253 0.004672 0.026754 0.034428
254 0.004669 0.026612 0.039400
255 0.004666 0.026707 0.037572
256 0.004676 0.026693 0.038210
257 0.004669 0.026584 0.040144
258 0.004668 0.026652 0.040410
259 0.004673 0.026597 0.039548
260 0.004666 0.026540 0.040510
261 0.004661 0.026496 0.037119
262 0.004654 0.026536 0.037809
263 0.004660 0.026449 0.038323
264 0.004660 0.026379 0.036881
265 0.004662 0.026512 0.034649
266 0.004655 0.026433 0.040262
267 0.004656 0.026466 0.035299
268 0.004657 0.026406 0.039414
269 0.004649 0.026332 0.037539
270 0.004654 0.026399 0.038045
271 0.004653 0.026331 0.040827
272 0.004655 0.026368 0.039816
273 0.004649 0.026234 0.037737
274 0.004649 0.026255 0.038839
275 0.004646 0.026380 0.038853
276 0.004636 0.026305 0.043015
277 0.004638 0.026260 0.038459
278 0.004642 0.026193 0.037770
279 0.004643 0.026152 0.035764
280 0.004638 0.026225 0.042097
281 0.004638 0.026138 0.035784
282 0.004631 0.026111 0.038269
283 0.004637 0.026116 0.039358
284 0.004636 0.026077 0.036120
285 0.004636 0.026020 0.037320
286 0.004634 0.026023 0.039106
287 0.004627 0.026063 0.040067
288 0.004628 0.026025 0.036726
289 0.004633 0.026094 0.040474
290 0.004629 0.025999 0.036492
291 0.004633 0.025976 0.039911
292 0.004625 0.026019 0.039059
293 0.004626 0.026026 0.038495
294 0.004621 0.025934 0.039298
295 0.004620 0.025847 0.038298
296 0.004620 0.025807 0.037021
297 0.004626 0.025872 0.038682
298 0.004624 0.025917 0.038753
299 0.004613 0.025896 0.036259
300 0.004618 0.025871 0.042391
301 0.004621 0.025785 0.037339
302 0.004617 0.025774 0.037368
303 0.004614 0.025786 0.038983
304 0.004619 0.025745 0.040199
305 0.004613 0.025740 0.038051
306 0.004609 0.025631 0.037109
307 0.004613 0.025699 0.037977
308 0.004613 0.025680 0.035866
309 0.004598 0.025608 0.038484
310 0.004608 0.025639 0.037283
311 0.004609 0.025713 0.036571
312 0.004612 0.025582 0.038793
313 0.004614 0.025664 0.039927
314 0.004604 0.025556 0.041570
315 0.004603 0.025620 0.038433
316 0.004608 0.025614 0.040588
317 0.004599 0.025607 0.038807
318 0.004597 0.025513 0.040304
319 0.004593 0.025595 0.041036
320 0.004596 0.025442 0.036685
321 0.004593 0.025515 0.040198
322 0.004595 0.025415 0.036882
323 0.004583 0.025416 0.038124
324 0.004595 0.025353 0.040451
325 0.004592 0.025452 0.041692
326 0.004596 0.025354 0.037707
327 0.004588 0.025384 0.039866
328 0.004587 0.025346 0.039711
329 0.004591 0.025385 0.039625
330 0.004595 0.025292 0.037707
331 0.004587 0.025453 0.039872
332 0.004596 0.025448 0.038024
333 0.004589 0.025396 0.039926
334 0.004588 0.025261 0.039148
335 0.004581 0.025269 0.039015
336 0.004588 0.025337 0.038121
337 0.004575 0.025247 0.040087
338 0.004586 0.025350 0.037359
339 0.004593 0.025254 0.037188
340 0.004587 0.025238 0.040431
341 0.004583 0.025179 0.039865
342 0.004581 0.025148 0.038115
343 0.004576 0.025168 0.039743
344 0.004581 0.025173 0.039151
345 0.004575 0.025129 0.037820
346 0.004576 0.025059 0.039577
347 0.004575 0.025167 0.036696
348 0.004574 0.025224 0.038629
349 0.004582 0.025054 0.042007
350 0.004572 0.025091 0.036978
351 0.004568 0.025099 0.038303
352 0.004569 0.025071 0.036456
353 0.004567 0.025056 0.039409
354 0.004569 0.025120 0.038287
355 0.004569 0.025083 0.041474
356 0.004578 0.025050 0.041113
357 0.004574 0.024935 0.038465
358 0.004562 0.025036 0.040338
359 0.004568 0.024994 0.040478
360 0.004562 0.025052 0.040161
361 0.004567 0.025019 0.040644
362 0.004560 0.025040 0.039777
363 0.004566 0.025005 0.039627
364 0.004562 0.024977 0.037270
365 0.004558 0.024931 0.037504
366 0.004563 0.024929 0.041846
367 0.004558 0.025053 0.041308
368 0.004564 0.024878 0.037524
369 0.004556 0.024876 0.042247
370 0.004559 0.024819 0.041605
371 0.004553 0.024838 0.035463
372 0.004560 0.024802 0.036720
373 0.004553 0.024703 0.034259
374 0.004551 0.024808 0.035342
375 0.004556 0.024840 0.037562
376 0.004554 0.024800 0.038666
377 0.004548 0.024765 0.038308
378 0.004551 0.024804 0.042189
379 0.004553 0.024681 0.040849
380 0.004541 0.024801 0.039762
381 0.004548 0.024721 0.036023
382 0.004550 0.024725 0.040423
383 0.004552 0.024706 0.036711
384 0.004551 0.024760 0.039767
385 0.004554 0.024753 0.037321
386 0.004544 0.024622 0.037019
387 0.004543 0.024601 0.037526
388 0.004550 0.024715 0.040186
389 0.004543 0.024692 0.043249
390 0.004542 0.024625 0.038534
391 0.004541 0.024598 0.038903
392 0.004541 0.024595 0.034615
393 0.004540 0.024634 0.038593
394 0.004548 0.024523 0.039159
395 0.004537 0.024494 0.039827
396 0.004541 0.024595 0.038695
397 0.004535 0.024623 0.041027
398 0.004538 0.024596 0.038525
399 0.004541 0.024616 0.038704
400 0.004541 0.024575 0.037613
401 0.004530 0.024441 0.037862
402 0.004531 0.024546 0.037749
403 0.004541 0.024531 0.039546
404 0.004526 0.024380 0.041885
405 0.004529 0.024532 0.038146
406 0.004534 0.024476 0.037924
407 0.004534 0.024464 0.037065
408 0.004526 0.024472 0.039893
409 0.004529 0.024471 0.038163
410 0.004527 0.024465 0.039169
411 0.004524 0.024372 0.038600
412 0.004531 0.024338 0.037096
413 0.004527 0.024475 0.040675
414 0.004532 0.024443 0.041708
415 0.004530 0.024346 0.037843
416 0.004526 0.024363 0.039152
417 0.004526 0.024397 0.042026
418 0.004529 0.024337 0.036764
419 0.004521 0.024231 0.039904
420 0.004525 0.024317 0.040659
421 0.004525 0.024391 0.037589
422 0.004515 0.024342 0.038499
423 0.004520 0.024288 0.042915
424 0.004521 0.024260 0.039584
425 0.004520 0.024247 0.039509
426 0.004527 0.024250 0.039189
427 0.004520 0.024229 0.036314
428 0.004517 0.024184 0.042467
429 0.004512 0.024214 0.041229
430 0.004518 0.024305 0.037260
431 0.004520 0.024222 0.040869
432 0.004516 0.024296 0.041636
433 0.004526 0.024088 0.041389
434 0.004521 0.024209 0.044242
435 0.004514 0.024181 0.038610
436 0.004514 0.024133 0.039451
437 0.004513 0.024229 0.035998
438 0.004511 0.024138 0.039268
439 0.004517 0.024077 0.036786
440 0.004509 0.024204 0.036422
441 0.004513 0.024134 0.039939
442 0.004511 0.024118 0.039479
443 0.004511 0.024103 0.035951
444 0.004508 0.024138 0.040562
445 0.004515 0.024024 0.040384
446 0.004514 0.024055 0.037747
447 0.004499 0.024024 0.037971
448 0.004505 0.024082 0.041412
449 0.004507 0.024030 0.037530
450 0.004503 0.024012 0.038202
451 0.004504 0.024007 0.036605
452 0.004501 0.024062 0.037309
453 0.004514 0.024086 0.039551
454 0.004503 0.024017 0.038986
455 0.004504 0.024038 0.038914
456 0.004496 0.023993 0.034671
457 0.004501 0.024107 0.036870
458 0.004493 0.024057 0.038849
459 0.004496 0.023916 0.040467
460 0.004494 0.023948 0.040987
461 0.004508 0.024000 0.036782
462 0.004490 0.024064 0.039421
463 0.004496 0.023979 0.039722
464 0.004499 0.023824 0.038488
465 0.004497 0.024014 0.038495
466 0.004502 0.023901 0.039121
467 0.004494 0.023967 0.039325
468 0.004499 0.023978 0.038772
469 0.004495 0.023947 0.038386
470 0.004490 0.023907 0.040675
471 0.004487 0.023833 0.040436
472 0.004493 0.023804 0.034644
473 0.004493 0.023824 0.039828
474 0.004489 0.023847 0.040049
475 0.004493 0.023849 0.041386
476 0.004499 0.023747 0.042269
477 0.004488 0.023809 0.036477
478 0.004485 0.023724 0.040824
479 0.004481 0.023818 0.037133
480 0.004494 0.023834 0.041764
481 0.004480 0.023727 0.038796
482 0.004482 0.023756 0.038552
483 0.004497 0.023729 0.041320
484 0.004485 0.023733 0.039594
485 0.004486 0.023723 0.040238
486 0.004483 0.023733 0.038747
487 0.004490 0.023786 0.041440
488 0.004488 0.023684 0.039931
489 0.004483 0.023826 0.038027
490 0.004478 0.023762 0.041995
491 0.004480 0.023621 0.036297
492 0.004487 0.023679 0.039954
493 0.004482 0.023717 0.041194
494 0.004477 0.023776 0.041302
495 0.004485 0.023764 0.036257
496 0.004478 0.023746 0.038031
497 0.004479 0.023639 0.038441
498 0.004474 0.023676 0.043841
499 0.004475 0.023600 0.039777
500 0.004488 0.023684 0.038770
