1 0.036353 0.070559 0.062356
2 0.009914 0.069181 0.048967
3 0.004786 0.063069 0.044659
4 0.003233 0.059317 0.038225
5 0.002503 0.056679 0.036198
6 0.002091 0.054595 0.038275
7 0.001823 0.052854 0.037302
8 0.001625 0.051312 0.037006
9 0.001477 0.049999 0.037203
10 0.001363 0.048760 0.037374
11 0.001266 0.047563 0.034283
12 0.001188 0.046520 0.036346
13 0.001124 0.045561 0.035712
14 0.001069 0.044673 0.035201
15 0.001022 0.043851 0.038881
16 0.000980 0.043132 0.035363
17 0.000946 0.042431 0.034513
18 0.000914 0.041781 0.035823
19 0.000886 0.041119 0.036733
20 0.000858 0.040546 0.036379
21 0.000834 0.039971 0.035214
22 0.000812 0.039462 0.037180
23 0.000793 0.038967 0.037155
24 0.000775 0.038489 0.036011
25 0.000758 0.038025 0.037667
26 0.000742 0.037579 0.036859
27 0.000729 0.037165 0.035328
28 0.000715 0.036773 0.034037
29 0.000703 0.036396 0.035805
30 0.000691 0.036041 0.037230
31 0.000682 0.035700 0.033009
32 0.000672 0.035384 0.037863
33 0.000662 0.035094 0.035525
34 0.000654 0.034786 0.036616
35 0.000647 0.034519 0.035952
36 0.000640 0.034230 0.035666
37 0.000632 0.033959 0.034880
38 0.000626 0.033721 0.033722
39 0.000620 0.033485 0.034120
40 0.000615 0.033265 0.034874
41 0.000610 0.033035 0.041574
42 0.000605 0.032823 0.032588
43 0.000600 0.032633 0.035159
44 0.000596 0.032423 0.035217
45 0.000592 0.032233 0.034342
46 0.000588 0.032040 0.036325
47 0.000585 0.031862 0.037357
48 0.000581 0.031688 0.034066
49 0.000578 0.031511 0.035609
50 0.000574 0.031361 0.036019
51 0.000571 0.031196 0.037110
52 0.000568 0.031057 0.032346
53 0.000566 0.030902 0.034438
54 0.000564 0.030764 0.035331
55 0.000560 0.030622 0.035247
56 0.000559 0.030488 0.032743
57 0.000557 0.030354 0.036614
58 0.000555 0.030238 0.032789
59 0.000552 0.030101 0.037042
60 0.000552 0.029987 0.034658
61 0.000549 0.029872 0.036944
62 0.000547 0.029777 0.036061
63 0.000546 0.029649 0.033662
64 0.000544 0.029546 0.034891
65 0.000542 0.029446 0.034684
66 0.000542 0.029342 0.035809
67 0.000539 0.029247 0.036735
68 0.000538 0.029139 0.031565
69 0.000537 0.029057 0.035148
70 0.000536 0.028961 0.035022
71 0.000534 0.028880 0.036128
72 0.000533 0.028781 0.036663
73 0.000532 0.028700 0.034420
74 0.000531 0.028623 0.034552
75 0.000529 0.028541 0.034152
76 0.000529 0.028459 0.034359
77 0.000527 0.028390 0.036233
78 0.000526 0.028322 0.033777
79 0.000526 0.028229 0.037139
80 0.000525 0.028160 0.035028
81 0.000524 0.028092 0.036556
82 0.000523 0.028015 0.036472
83 0.000521 0.027948 0.035731
84 0.000520 0.027892 0.036098
85 0.000520 0.027822 0.036315
86 0.000520 0.027769 0.033284
87 0.000518 0.027685 0.032804
88 0.000517 0.027616 0.039661
89 0.000517 0.027574 0.036647
90 0.000516 0.027513 0.034043
91 0.000515 0.027457 0.033655
92 0.000514 0.027401 0.036936
93 0.000514 0.027342 0.034149
94 0.000513 0.027282 0.034544
95 0.000512 0.027240 0.033857
96 0.000511 0.027168 0.033722
97 0.000511 0.027127 0.038449
98 0.000510 0.027083 0.034321
99 0.000510 0.027031 0.032988
100 0.000509 0.026989 0.031545
101 0.000508 0.026951 0.032443
102 0.000508 0.026905 0.035322
103 0.000507 0.026847 0.035985
104 0.000507 0.026796 0.036589
105 0.000506 0.026759 0.036429
106 0.000505 0.026715 0.036620
107 0.000504 0.026666 0.037250
108 0.000505 0.026618 0.034956
109 0.000504 0.026593 0.036163
110 0.000503 0.026551 0.033447
111 0.000503 0.026502 0.034688
112 0.000502 0.026470 0.034499
113 0.000502 0.026443 0.035540
114 0.000501 0.026391 0.035184
115 0.000501 0.026364 0.035865
116 0.000500 0.026332 0.038567
117 0.000499 0.026287 0.032251
118 0.000500 0.026257 0.035452
119 0.000499 0.026211 0.034358
120 0.000499 0.026191 0.033870
121 0.000498 0.026157 0.036728
122 0.000497 0.026131 0.034099
123 0.000497 0.026071 0.031569
124 0.000497 0.026058 0.033494
125 0.000496 0.026024 0.035389
126 0.000496 0.025993 0.034155
127 0.000495 0.025970 0.031297
128 0.000495 0.025942 0.035104
129 0.000494 0.025899 0.033383
130 0.000494 0.025869 0.033349
131 0.000494 0.025848 0.032203
132 0.000493 0.025816 0.036282
133 0.000493 0.025781 0.036216
134 0.000493 0.025765 0.032670
135 0.000492 0.025753 0.037731
136 0.000492 0.025716 0.034791
137 0.000492 0.025699 0.033920
138 0.000491 0.025663 0.035464
139 0.000490 0.025627 0.032462
140 0.000491 0.025620 0.032695
141 0.000490 0.025592 0.035291
142 0.000490 0.025562 0.036765
143 0.000490 0.025540 0.033176
144 0.000490 0.025524 0.032283
145 0.000489 0.025491 0.034833
146 0.000489 0.025471 0.035509
147 0.000488 0.025449 0.035418
148 0.000489 0.025424 0.033101
149 0.000488 0.025408 0.032119
150 0.000487 0.025389 0.036037
151 0.000487 0.025371 0.037404
152 0.000487 0.025363 0.037540
153 0.000486 0.025323 0.034855
154 0.000486 0.025297 0.033784
155 0.000486 0.025289 0.035703
156 0.000486 0.025272 0.032495
157 0.000485 0.025230 0.034509
158 0.000485 0.025226 0.035246
159 0.000484 0.025201 0.033830
160 0.000485 0.025195 0.033821
161 0.000484 0.025171 0.037635
162 0.000483 0.025157 0.033662
163 0.000483 0.025120 0.037526
164 0.000483 0.025118 0.034568
165 0.000483 0.025091 0.036926
166 0.000483 0.025069 0.033733
167 0.000482 0.025068 0.036370
168 0.000481 0.025052 0.034495
169 0.000482 0.025030 0.035236
170 0.000481 0.025014 0.035254
171 0.000481 0.024990 0.035479
172 0.000481 0.024973 0.035462
173 0.000480 0.024966 0.035348
174 0.000480 0.024929 0.035635
175 0.000480 0.024941 0.035142
176 0.000480 0.024924 0.035471
177 0.000479 0.024907 0.034264
178 0.000479 0.024895 0.032764
179 0.000479 0.024860 0.033492
180 0.000479 0.024860 0.039414
181 0.000478 0.024838 0.036000
182 0.000478 0.024826 0.035094
183 0.000478 0.024817 0.036400
184 0.000478 0.024797 0.036661
185 0.000478 0.024791 0.036728
186 0.000478 0.024776 0.032227
187 0.000477 0.024768 0.035281
188 0.000477 0.024745 0.033907
189 0.000477 0.024746 0.035543
190 0.000476 0.024725 0.035253
191 0.000475 0.024725 0.035027
192 0.000475 0.024690 0.038620
193 0.000476 0.024689 0.034665
194 0.000475 0.024686 0.034936
195 0.000475 0.024665 0.034004
196 0.000475 0.024659 0.038615
197 0.000474 0.024647 0.034414
198 0.000474 0.024616 0.034938
199 0.000474 0.024625 0.036265
200 0.000473 0.024603 0.034292
201 0.000473 0.024579 0.036021
202 0.000474 0.024595 0.036194
203 0.000473 0.024580 0.034285
204 0.000472 0.024567 0.036951
205 0.000473 0.024549 0.033996
206 0.000472 0.024541 0.034619
207 0.000472 0.024525 0.038314
208 0.000472 0.024521 0.034759
209 0.000471 0.024513 0.033130
210 0.000472 0.024509 0.034959
211 0.000472 0.024513 0.033777
212 0.000471 0.024490 0.035740
213 0.000471 0.024487 0.035381
214 0.000471 0.024465 0.036110
215 0.000470 0.024466 0.035187
216 0.000470 0.024445 0.036705
217 0.000470 0.024426 0.037268
218 0.000469 0.024421 0.032994
219 0.000469 0.024431 0.031916
220 0.000469 0.024403 0.034955
221 0.000469 0.024405 0.037205
222 0.000470 0.024405 0.035696
223 0.000468 0.024402 0.035879
224 0.000468 0.024380 0.035333
225 0.000468 0.024374 0.033523
226 0.000468 0.024362 0.032957
227 0.000468 0.024350 0.035710
228 0.000468 0.024338 0.037550
229 0.000467 0.024349 0.032919
230 0.000467 0.024339 0.036232
231 0.000467 0.024323 0.036100
232 0.000467 0.024328 0.034406
233 0.000467 0.024302 0.033625
234 0.000466 0.024315 0.037712
235 0.000466 0.024297 0.037120
236 0.000466 0.024292 0.035434
237 0.000465 0.024272 0.034937
238 0.000466 0.024281 0.032437
239 0.000465 0.024276 0.038319
240 0.000465 0.024257 0.033758
241 0.000464 0.024258 0.038557
242 0.000465 0.024253 0.032689
243 0.000465 0.024249 0.033660
244 0.000464 0.024241 0.038920
245 0.000463 0.024230 0.033235
246 0.000463 0.024223 0.035824
247 0.000463 0.024231 0.037449
248 0.000463 0.024204 0.032163
249 0.000463 0.024200 0.037691
250 0.000463 0.024193 0.034097
251 0.000463 0.024210 0.034782
252 0.000462 0.024201 0.035274
253 0.000462 0.024199 0.035184
254 0.000462 0.024176 0.035805
255 0.000462 0.024189 0.040121
256 0.000461 0.024176 0.035693
257 0.000461 0.024165 0.034837
258 0.000461 0.024153 0.034751
259 0.000461 0.024157 0.031197
260 0.000460 0.024143 0.036871
261 0.000461 0.024144 0.033892
262 0.000460 0.024134 0.032989
263 0.000460 0.024128 0.034283
264 0.000461 0.024137 0.036150
265 0.000460 0.024122 0.033503
266 0.000459 0.024127 0.032063
267 0.000460 0.024124 0.035061
268 0.000459 0.024107 0.035183
269 0.000459 0.024100 0.037571
270 0.000459 0.024098 0.036594
271 0.000459 0.024109 0.040304
272 0.000458 0.024089 0.035208
273 0.000459 0.024090 0.037139
274 0.000458 0.024079 0.034706
275 0.000459 0.024055 0.035150
276 0.000457 0.024075 0.037415
277 0.000458 0.024071 0.037652
278 0.000458 0.024067 0.032637
279 0.000458 0.024055 0.032866
280 0.000457 0.024043 0.037308
281 0.000457 0.024050 0.033155
282 0.000457 0.024054 0.033146
283 0.000457 0.024031 0.037441
284 0.000457 0.024037 0.036514
285 0.000456 0.024046 0.035944
286 0.000456 0.024044 0.039897
287 0.000456 0.024017 0.032391
288 0.000456 0.024033 0.034429
289 0.000455 0.024023 0.039420
290 0.000455 0.024005 0.036749
291 0.000455 0.024021 0.039998
292 0.000456 0.024021 0.036209
293 0.000455 0.024000 0.037352
294 0.000455 0.023991 0.037859
295 0.000455 0.023994 0.035070
296 0.000454 0.024000 0.036292
297 0.000454 0.023991 0.033080
298 0.000454 0.023983 0.032903
299 0.000454 0.023982 0.035680
300 0.000454 0.023996 0.035139
301 0.000454 0.023967 0.034747
302 0.000454 0.023983 0.033823
303 0.000453 0.023983 0.036430
304 0.000453 0.023958 0.038526
305 0.000453 0.023975 0.033487
306 0.000453 0.023965 0.034053
307 0.000453 0.023967 0.034898
308 0.000453 0.023943 0.036452
309 0.000452 0.023950 0.038245
310 0.000453 0.023961 0.036731
311 0.000452 0.023949 0.038394
312 0.000452 0.023963 0.034771
313 0.000452 0.023935 0.036387
314 0.000452 0.023923 0.034719
315 0.000451 0.023937 0.039477
316 0.000452 0.023917 0.036278
317 0.000451 0.023928 0.034927
318 0.000451 0.023919 0.035356
319 0.000451 0.023931 0.033438
320 0.000450 0.023930 0.035368
321 0.000451 0.023927 0.036405
322 0.000451 0.023922 0.034288
323 0.000450 0.023922 0.033461
324 0.000451 0.023896 0.035270
325 0.000450 0.023910 0.036658
326 0.000450 0.023902 0.034156
327 0.000450 0.023910 0.036464
328 0.000449 0.023903 0.036962
329 0.000449 0.023901 0.036709
330 0.000450 0.023912 0.037875
331 0.000449 0.023910 0.032803
332 0.000449 0.023893 0.034321
333 0.000449 0.023890 0.037430
334 0.000449 0.023894 0.035412
335 0.000448 0.023902 0.035963
336 0.000448 0.023891 0.036846
337 0.000448 0.023881 0.034731
338 0.000448 0.023881 0.034258
339 0.000448 0.023860 0.037349
340 0.000448 0.023877 0.037950
341 0.000448 0.023885 0.037094
342 0.000447 0.023877 0.037221
343 0.000448 0.023876 0.033861
344 0.000447 0.023860 0.037128
345 0.000447 0.023865 0.036345
346 0.000447 0.023878 0.038853
347 0.000447 0.023865 0.035422
348 0.000447 0.023862 0.035915
349 0.000447 0.023859 0.035170
350 0.000446 0.023863 0.033727
351 0.000446 0.023863 0.034479
352 0.000446 0.023864 0.036894
353 0.000447 0.023855 0.036214
354 0.000446 0.023854 0.035057
355 0.000446 0.023846 0.041550
356 0.000446 0.023861 0.038372
357 0.000446 0.023867 0.035309
358 0.000445 0.023851 0.031989
359 0.000445 0.023837 0.037277
360 0.000445 0.023843 0.037973
361 0.000445 0.023848 0.037483
362 0.000445 0.023846 0.036931
363 0.000445 0.023836 0.038605
364 0.000445 0.023853 0.035056
365 0.000444 0.023841 0.037564
366 0.000444 0.023851 0.036620
367 0.000444 0.023843 0.036589
368 0.000444 0.023850 0.037800
369 0.000444 0.023845 0.037879
370 0.000444 0.023836 0.037615
371 0.000444 0.023864 0.037213
372 0.000444 0.023837 0.035782
373 0.000444 0.023846 0.037547
374 0.000443 0.023850 0.036593
375 0.000443 0.023836 0.035919
376 0.000443 0.023847 0.035274
377 0.000444 0.023849 0.035486
378 0.000443 0.023867 0.035325
379 0.000443 0.023844 0.037131
380 0.000443 0.023847 0.033008
381 0.000442 0.023851 0.036275
382 0.000443 0.023842 0.037215
383 0.000442 0.023831 0.036581
384 0.000442 0.023842 0.037185
385 0.000442 0.023833 0.035565
386 0.000442 0.023847 0.037357
387 0.000442 0.023839 0.038299
388 0.000442 0.023849 0.036435
389 0.000441 0.023853 0.033997
390 0.000441 0.023842 0.033701
391 0.000441 0.023837 0.038066
392 0.000442 0.023836 0.036201
393 0.000442 0.023850 0.033098
394 0.000441 0.023843 0.034371
395 0.000441 0.023842 0.031965
396 0.000441 0.023849 0.034071
397 0.000441 0.023843 0.038315
398 0.000441 0.023859 0.037855
399 0.000441 0.023847 0.034656
400 0.000440 0.023841 0.034265
401 0.000440 0.023849 0.032673
402 0.000440 0.023832 0.036535
403 0.000440 0.023854 0.036226
404 0.000440 0.023829 0.036905
405 0.000439 0.023835 0.039120
406 0.000439 0.023851 0.034616
407 0.000439 0.023846 0.034176
408 0.000439 0.023842 0.033789
409 0.000439 0.023833 0.033100
410 0.000439 0.023821 0.034997
411 0.000439 0.023835 0.036932
412 0.000438 0.023817 0.034160
413 0.000439 0.023830 0.034530
414 0.000438 0.023815 0.035778
415 0.000438 0.023836 0.035709
416 0.000438 0.023842 0.034836
417 0.000438 0.023830 0.035366
418 0.000438 0.023843 0.035055
419 0.000438 0.023833 0.037006
420 0.000438 0.023842 0.035734
421 0.000438 0.023826 0.035689
422 0.000438 0.023838 0.032884
423 0.000438 0.023831 0.034982
424 0.000437 0.023833 0.037251
425 0.000437 0.023826 0.035596
426 0.000437 0.023843 0.036139
427 0.000437 0.023829 0.037373
428 0.000437 0.023830 0.034519
429 0.000437 0.023849 0.036551
430 0.000437 0.023836 0.034521
431 0.000437 0.023845 0.040422
432 0.000437 0.023828 0.032289
433 0.000437 0.023844 0.036326
434 0.000437 0.023856 0.033254
435 0.000437 0.023840 0.038315
436 0.000436 0.023849 0.034799
437 0.000436 0.023840 0.038229
438 0.000436 0.023837 0.037871
439 0.000436 0.023829 0.034259
440 0.000436 0.023839 0.036305
441 0.000435 0.023818 0.036726
442 0.000436 0.023832 0.036514
443 0.000436 0.023840 0.038277
444 0.000435 0.023838 0.037316
445 0.000435 0.023837 0.040927
446 0.000435 0.023830 0.035736
447 0.000435 0.023842 0.036644
448 0.000435 0.023845 0.034685
449 0.000435 0.023849 0.037460
450 0.000435 0.023836 0.037368
451 0.000435 0.023838 0.037901
452 0.000435 0.023850 0.034212
453 0.000434 0.023843 0.038992
454 0.000434 0.023848 0.039115
455 0.000435 0.023839 0.034819
456 0.000434 0.023843 0.035923
457 0.000434 0.023834 0.036385
458 0.000435 0.023847 0.035658
459 0.000434 0.023854 0.035126
460 0.000434 0.023857 0.036998
461 0.000434 0.023852 0.035844
462 0.000433 0.023848 0.036050
463 0.000433 0.023856 0.036490
464 0.000433 0.023856 0.036856
465 0.000433 0.023848 0.037076
466 0.000433 0.023839 0.036119
467 0.000433 0.023863 0.033496
468 0.000433 0.023844 0.038966
469 0.000434 0.023858 0.035652
470 0.000433 0.023853 0.036104
471 0.000433 0.023852 0.035796
472 0.000433 0.023851 0.035064
473 0.000432 0.023839 0.035819
474 0.000433 0.023848 0.036061
475 0.000433 0.023858 0.039317
476 0.000433 0.023858 0.034523
477 0.000432 0.023834 0.036686
478 0.000432 0.023852 0.034643
479 0.000432 0.023861 0.033394
480 0.000432 0.023851 0.037850
481 0.000432 0.023856 0.039911
482 0.000432 0.023860 0.034639
483 0.000432 0.023861 0.035968
484 0.000432 0.023860 0.039922
485 0.000432 0.023856 0.035053
486 0.000432 0.023861 0.035335
487 0.000432 0.023854 0.035063
488 0.000432 0.023863 0.033172
489 0.000431 0.023865 0.034901
490 0.000432 0.023855 0.038590
491 0.000431 0.023855 0.037866
492 0.000432 0.023858 0.035140
493 0.000431 0.023863 0.035644
494 0.000431 0.023847 0.037054
495 0.000431 0.023860 0.036572
496 0.000430 0.023866 0.036177
497 0.000431 0.023861 0.037852
498 0.000431 0.023870 0.036042
499 0.000430 0.023850 0.039291
500 0.000430 0.023869 0.037807
